16:52:55 **** Clean-only build of configuration Debug for project Stack ****
make clean 
rm -rf  ./src/Stack.o  ./src/Stack.d  Stack
 
16:52:58 **** Build of configuration Debug for project Stack ****
make all 
Building file: ../src/Stack.cpp
Invoking: Cross G++ Compiler
g++ -O0 -g3 -Wall -c -fmessage-length=0 -MMD -MP -MF"src/Stack.d" -MT"src/Stack.d" -o "src/Stack.o" "../src/Stack.cpp"
Finished building: ../src/Stack.cpp
 
Building target: Stack
Invoking: Cross G++ Linker
g++  -o "Stack"  ./src/Stack.o   
Finished building target: Stack
 
17:10:19 **** Build of configuration Debug for project BinarySearchTree ****
make all 
Building file: ../src/BinarySearchTree.cpp
Invoking: Cross G++ Compiler
g++ -O0 -g3 -Wall -c -fmessage-length=0 -MMD -MP -MF"src/BinarySearchTree.d" -MT"src/BinarySearchTree.d" -o "src/BinarySearchTree.o" "../src/BinarySearchTree.cpp"
Finished building: ../src/BinarySearchTree.cpp
 
Building target: BinarySearchTree
Invoking: Cross G++ Linker
g++  -o "BinarySearchTree"  ./src/BinarySearchTree.o   
Finished building target: BinarySearchTree
 
17:59:06 **** Incremental Build of configuration Debug for project BinarySearchTree ****
make all 
Building file: ../src/BinarySearchTree.cpp
Invoking: Cross G++ Compiler
g++ -O0 -g3 -Wall -c -fmessage-length=0 -MMD -MP -MF"src/BinarySearchTree.d" -MT"src/BinarySearchTree.d" -o "src/BinarySearchTree.o" "../src/BinarySearchTree.cpp"
Finished building: ../src/BinarySearchTree.cpp
 
Building target: BinarySearchTree
Invoking: Cross G++ Linker
g++  -o "BinarySearchTree"  ./src/BinarySearchTree.o   
Finished building target: BinarySearchTree
 
18:18:25 **** Incremental Build of configuration Debug for project BinarySearchTree ****
make all 
Building file: ../src/BinarySearchTree.cpp
Invoking: Cross G++ Compiler
g++ -O0 -g3 -Wall -c -fmessage-length=0 -MMD -MP -MF"src/BinarySearchTree.d" -MT"src/BinarySearchTree.d" -o "src/BinarySearchTree.o" "../src/BinarySearchTree.cpp"
Finished building: ../src/BinarySearchTree.cpp
 
Building target: BinarySearchTree
Invoking: Cross G++ Linker
g++  -o "BinarySearchTree"  ./src/BinarySearchTree.o   
./src/BinarySearchTree.o: In function `main':
/home/shreeganesh/Documents/C++/C-STL/BinarySearchTree/Debug/../src/BinarySearchTree.cpp:101: undefined reference to `BST::BST()'
collect2: error: ld returned 1 exit status
makefile:45: recipe for target 'BinarySearchTree' failed
make: *** [BinarySearchTree] Error 1
18:19:02 **** Incremental Build of configuration Debug for project BinarySearchTree ****
make all 
Building file: ../src/BinarySearchTree.cpp
Invoking: Cross G++ Compiler
g++ -O0 -g3 -Wall -c -fmessage-length=0 -MMD -MP -MF"src/BinarySearchTree.d" -MT"src/BinarySearchTree.d" -o "src/BinarySearchTree.o" "../src/BinarySearchTree.cpp"
Finished building: ../src/BinarySearchTree.cpp
 
Building target: BinarySearchTree
Invoking: Cross G++ Linker
g++  -o "BinarySearchTree"  ./src/BinarySearchTree.o   
Finished building target: BinarySearchTree
 
18:19:22 **** Incremental Build of configuration Debug for project BinarySearchTree ****
make all 
Building file: ../src/BinarySearchTree.cpp
Invoking: Cross G++ Compiler
g++ -O0 -g3 -Wall -c -fmessage-length=0 -MMD -MP -MF"src/BinarySearchTree.d" -MT"src/BinarySearchTree.d" -o "src/BinarySearchTree.o" "../src/BinarySearchTree.cpp"
Finished building: ../src/BinarySearchTree.cpp
 
Building target: BinarySearchTree
Invoking: Cross G++ Linker
g++  -o "BinarySearchTree"  ./src/BinarySearchTree.o   
Finished building target: BinarySearchTree
 
18:19:32 **** Incremental Build of configuration Debug for project BinarySearchTree ****
make all 
make: Nothing to be done for 'all'.
18:20:58 **** Incremental Build of configuration Debug for project BinarySearchTree ****
make all 
Building file: ../src/BinarySearchTree.cpp
Invoking: Cross G++ Compiler
g++ -O0 -g3 -Wall -c -fmessage-length=0 -MMD -MP -MF"src/BinarySearchTree.d" -MT"src/BinarySearchTree.d" -o "src/BinarySearchTree.o" "../src/BinarySearchTree.cpp"
Finished building: ../src/BinarySearchTree.cpp
 
Building target: BinarySearchTree
Invoking: Cross G++ Linker
g++  -o "BinarySearchTree"  ./src/BinarySearchTree.o   
Finished building target: BinarySearchTree
 
18:21:01 **** Incremental Build of configuration Debug for project BinarySearchTree ****
make all 
make: Nothing to be done for 'all'.
18:21:04 **** Incremental Build of configuration Debug for project BinarySearchTree ****
make all 
make: Nothing to be done for 'all'.
18:35:12 **** Incremental Build of configuration Debug for project BinarySearchTree ****
make all 
Building file: ../src/BinarySearchTree.cpp
Invoking: Cross G++ Compiler
g++ -O0 -g3 -Wall -c -fmessage-length=0 -MMD -MP -MF"src/BinarySearchTree.d" -MT"src/BinarySearchTree.d" -o "src/BinarySearchTree.o" "../src/BinarySearchTree.cpp"
../src/BinarySearchTree.cpp: In member function ‘node* BST::ReturnNode(int)’:
../src/BinarySearchTree.cpp:38:1: warning: no return statement in function returning non-void [-Wreturn-type]
 }
 ^
../src/BinarySearchTree.cpp: In member function ‘node* BST::ReturnNodePrivate(int, node*)’:
../src/BinarySearchTree.cpp:43:1: warning: no return statement in function returning non-void [-Wreturn-type]
 }
 ^
Finished building: ../src/BinarySearchTree.cpp
 
Building target: BinarySearchTree
Invoking: Cross G++ Linker
g++  -o "BinarySearchTree"  ./src/BinarySearchTree.o   
Finished building target: BinarySearchTree
 
18:38:43 **** Incremental Build of configuration Debug for project BinarySearchTree ****
make all 
Building file: ../src/BinarySearchTree.cpp
Invoking: Cross G++ Compiler
g++ -O0 -g3 -Wall -c -fmessage-length=0 -MMD -MP -MF"src/BinarySearchTree.d" -MT"src/BinarySearchTree.d" -o "src/BinarySearchTree.o" "../src/BinarySearchTree.cpp"
../src/BinarySearchTree.cpp: In member function ‘node* BST::ReturnNode(int)’:
../src/BinarySearchTree.cpp:38:1: warning: no return statement in function returning non-void [-Wreturn-type]
 }
 ^
Finished building: ../src/BinarySearchTree.cpp
 
Building target: BinarySearchTree
Invoking: Cross G++ Linker
g++  -o "BinarySearchTree"  ./src/BinarySearchTree.o   
Finished building target: BinarySearchTree
 
18:39:26 **** Incremental Build of configuration Debug for project BinarySearchTree ****
make all 
Building file: ../src/BinarySearchTree.cpp
Invoking: Cross G++ Compiler
g++ -O0 -g3 -Wall -c -fmessage-length=0 -MMD -MP -MF"src/BinarySearchTree.d" -MT"src/BinarySearchTree.d" -o "src/BinarySearchTree.o" "../src/BinarySearchTree.cpp"
Finished building: ../src/BinarySearchTree.cpp
 
Building target: BinarySearchTree
Invoking: Cross G++ Linker
g++  -o "BinarySearchTree"  ./src/BinarySearchTree.o   
Finished building target: BinarySearchTree
 
18:41:58 **** Incremental Build of configuration Debug for project BinarySearchTree ****
make all 
Building file: ../src/BinarySearchTree.cpp
Invoking: Cross G++ Compiler
g++ -O0 -g3 -Wall -c -fmessage-length=0 -MMD -MP -MF"src/BinarySearchTree.d" -MT"src/BinarySearchTree.d" -o "src/BinarySearchTree.o" "../src/BinarySearchTree.cpp"
../src/BinarySearchTree.cpp:117:26: error: no ‘void BST::AddLeaf(int)’ member function declared in class ‘BST’
 void BST::AddLeaf(int key)
                          ^
../src/BinarySearchTree.cpp: In function ‘int main()’:
../src/BinarySearchTree.cpp:152:8: error: ‘class BST’ has no member named ‘AddLeaf’; did you mean ‘AddLeruaf’?
   Set1.AddLeaf(TreeKeys[i]);
        ^~~~~~~
../src/BinarySearchTree.cpp: In member function ‘int BST::ReturnRootKey()’:
../src/BinarySearchTree.cpp:46:1: warning: control reaches end of non-void function [-Wreturn-type]
 }
 ^
make: *** [src/BinarySearchTree.o] Error 1
src/subdir.mk:18: recipe for target 'src/BinarySearchTree.o' failed
18:42:18 **** Incremental Build of configuration Debug for project BinarySearchTree ****
make all 
Building file: ../src/BinarySearchTree.cpp
Invoking: Cross G++ Compiler
g++ -O0 -g3 -Wall -c -fmessage-length=0 -MMD -MP -MF"src/BinarySearchTree.d" -MT"src/BinarySearchTree.d" -o "src/BinarySearchTree.o" "../src/BinarySearchTree.cpp"
../src/BinarySearchTree.cpp: In member function ‘int BST::ReturnRootKey()’:
../src/BinarySearchTree.cpp:46:1: warning: control reaches end of non-void function [-Wreturn-type]
 }
 ^
Finished building: ../src/BinarySearchTree.cpp
 
Building target: BinarySearchTree
Invoking: Cross G++ Linker
g++  -o "BinarySearchTree"  ./src/BinarySearchTree.o   
Finished building target: BinarySearchTree
 
18:42:51 **** Incremental Build of configuration Debug for project BinarySearchTree ****
make all 
Building file: ../src/BinarySearchTree.cpp
Invoking: Cross G++ Compiler
g++ -O0 -g3 -Wall -c -fmessage-length=0 -MMD -MP -MF"src/BinarySearchTree.d" -MT"src/BinarySearchTree.d" -o "src/BinarySearchTree.o" "../src/BinarySearchTree.cpp"
Finished building: ../src/BinarySearchTree.cpp
 
Building target: BinarySearchTree
Invoking: Cross G++ Linker
g++  -o "BinarySearchTree"  ./src/BinarySearchTree.o   
Finished building target: BinarySearchTree
 
18:45:47 **** Incremental Build of configuration Debug for project BinarySearchTree ****
make all 
Building file: ../src/BinarySearchTree.cpp
Invoking: Cross G++ Compiler
g++ -O0 -g3 -Wall -c -fmessage-length=0 -MMD -MP -MF"src/BinarySearchTree.d" -MT"src/BinarySearchTree.d" -o "src/BinarySearchTree.o" "../src/BinarySearchTree.cpp"
../src/BinarySearchTree.cpp: In member function ‘void BST::PrintChildren(int)’:
../src/BinarySearchTree.cpp:39:15: error: expected primary-expression before ‘return’
  node * ptr = return ReturnNode(key);
               ^~~~~~
make: *** [src/BinarySearchTree.o] Error 1
src/subdir.mk:18: recipe for target 'src/BinarySearchTree.o' failed
18:46:14 **** Incremental Build of configuration Debug for project BinarySearchTree ****
make all 
Building file: ../src/BinarySearchTree.cpp
Invoking: Cross G++ Compiler
g++ -O0 -g3 -Wall -c -fmessage-length=0 -MMD -MP -MF"src/BinarySearchTree.d" -MT"src/BinarySearchTree.d" -o "src/BinarySearchTree.o" "../src/BinarySearchTree.cpp"
Finished building: ../src/BinarySearchTree.cpp
 
Building target: BinarySearchTree
Invoking: Cross G++ Linker
g++  -o "BinarySearchTree"  ./src/BinarySearchTree.o   
Finished building target: BinarySearchTree
 
18:48:52 **** Incremental Build of configuration Debug for project BinarySearchTree ****
make all 
Building file: ../src/BinarySearchTree.cpp
Invoking: Cross G++ Compiler
g++ -O0 -g3 -Wall -c -fmessage-length=0 -MMD -MP -MF"src/BinarySearchTree.d" -MT"src/BinarySearchTree.d" -o "src/BinarySearchTree.o" "../src/BinarySearchTree.cpp"
Finished building: ../src/BinarySearchTree.cpp
 
Building target: BinarySearchTree
Invoking: Cross G++ Linker
g++  -o "BinarySearchTree"  ./src/BinarySearchTree.o   
Finished building target: BinarySearchTree
 
18:55:55 **** Incremental Build of configuration Debug for project BinarySearchTree ****
make all 
Building file: ../src/BinarySearchTree.cpp
Invoking: Cross G++ Compiler
g++ -O0 -g3 -Wall -c -fmessage-length=0 -MMD -MP -MF"src/BinarySearchTree.d" -MT"src/BinarySearchTree.d" -o "src/BinarySearchTree.o" "../src/BinarySearchTree.cpp"
Finished building: ../src/BinarySearchTree.cpp
 
Building target: BinarySearchTree
Invoking: Cross G++ Linker
g++  -o "BinarySearchTree"  ./src/BinarySearchTree.o   
Finished building target: BinarySearchTree
 
18:55:57 **** Incremental Build of configuration Debug for project BinarySearchTree ****
make all 
make: Nothing to be done for 'all'.
18:58:36 **** Incremental Build of configuration Debug for project BinarySearchTree ****
make all 
Building file: ../src/BinarySearchTree.cpp
Invoking: Cross G++ Compiler
g++ -O0 -g3 -Wall -c -fmessage-length=0 -MMD -MP -MF"src/BinarySearchTree.d" -MT"src/BinarySearchTree.d" -o "src/BinarySearchTree.o" "../src/BinarySearchTree.cpp"
Finished building: ../src/BinarySearchTree.cpp
 
Building target: BinarySearchTree
Invoking: Cross G++ Linker
g++  -o "BinarySearchTree"  ./src/BinarySearchTree.o   
Finished building target: BinarySearchTree
 
18:58:40 **** Incremental Build of configuration Debug for project BinarySearchTree ****
make all 
make: Nothing to be done for 'all'.
19:02:44 **** Incremental Build of configuration Debug for project BinarySearchTree ****
make all 
Building file: ../src/BinarySearchTree.cpp
Invoking: Cross G++ Compiler
g++ -O0 -g3 -Wall -c -fmessage-length=0 -MMD -MP -MF"src/BinarySearchTree.d" -MT"src/BinarySearchTree.d" -o "src/BinarySearchTree.o" "../src/BinarySearchTree.cpp"
../src/BinarySearchTree.cpp: In member function ‘int BST::FindSmallestPrivate(node*)’:
../src/BinarySearchTree.cpp:55:1: warning: control reaches end of non-void function [-Wreturn-type]
 }
 ^
Finished building: ../src/BinarySearchTree.cpp
 
Building target: BinarySearchTree
Invoking: Cross G++ Linker
g++  -o "BinarySearchTree"  ./src/BinarySearchTree.o   
Finished building target: BinarySearchTree
 
19:03:11 **** Incremental Build of configuration Debug for project BinarySearchTree ****
make all 
Building file: ../src/BinarySearchTree.cpp
Invoking: Cross G++ Compiler
g++ -O0 -g3 -Wall -c -fmessage-length=0 -MMD -MP -MF"src/BinarySearchTree.d" -MT"src/BinarySearchTree.d" -o "src/BinarySearchTree.o" "../src/BinarySearchTree.cpp"
Finished building: ../src/BinarySearchTree.cpp
 
Building target: BinarySearchTree
Invoking: Cross G++ Linker
g++  -o "BinarySearchTree"  ./src/BinarySearchTree.o   
Finished building target: BinarySearchTree
 
19:04:55 **** Incremental Build of configuration Debug for project BinarySearchTree ****
make all 
Building file: ../src/BinarySearchTree.cpp
Invoking: Cross G++ Compiler
g++ -O0 -g3 -Wall -c -fmessage-length=0 -MMD -MP -MF"src/BinarySearchTree.d" -MT"src/BinarySearchTree.d" -o "src/BinarySearchTree.o" "../src/BinarySearchTree.cpp"
Finished building: ../src/BinarySearchTree.cpp
 
Building target: BinarySearchTree
Invoking: Cross G++ Linker
g++  -o "BinarySearchTree"  ./src/BinarySearchTree.o   
Finished building target: BinarySearchTree
 
19:05:58 **** Incremental Build of configuration Debug for project BinarySearchTree ****
make all 
Building file: ../src/BinarySearchTree.cpp
Invoking: Cross G++ Compiler
g++ -O0 -g3 -Wall -c -fmessage-length=0 -MMD -MP -MF"src/BinarySearchTree.d" -MT"src/BinarySearchTree.d" -o "src/BinarySearchTree.o" "../src/BinarySearchTree.cpp"
Finished building: ../src/BinarySearchTree.cpp
 
Building target: BinarySearchTree
Invoking: Cross G++ Linker
g++  -o "BinarySearchTree"  ./src/BinarySearchTree.o   
./src/BinarySearchTree.o: In function `main':
/home/shreeganesh/Documents/C++/C-STL/BinarySearchTree/Debug/../src/BinarySearchTree.cpp:207: undefined reference to `BST::FindSmallest()'
collect2: error: ld returned 1 exit status
makefile:45: recipe for target 'BinarySearchTree' failed
make: *** [BinarySearchTree] Error 1
19:06:59 **** Incremental Build of configuration Debug for project BinarySearchTree ****
make all 
Building file: ../src/BinarySearchTree.cpp
Invoking: Cross G++ Compiler
g++ -O0 -g3 -Wall -c -fmessage-length=0 -MMD -MP -MF"src/BinarySearchTree.d" -MT"src/BinarySearchTree.d" -o "src/BinarySearchTree.o" "../src/BinarySearchTree.cpp"
Finished building: ../src/BinarySearchTree.cpp
 
Building target: BinarySearchTree
Invoking: Cross G++ Linker
g++  -o "BinarySearchTree"  ./src/BinarySearchTree.o   
Finished building target: BinarySearchTree
 
19:07:21 **** Incremental Build of configuration Debug for project BinarySearchTree ****
make all 
make: Nothing to be done for 'all'.
19:09:08 **** Incremental Build of configuration Debug for project BinarySearchTree ****
make all 
Building file: ../src/BinarySearchTree.cpp
Invoking: Cross G++ Compiler
g++ -O0 -g3 -Wall -c -fmessage-length=0 -MMD -MP -MF"src/BinarySearchTree.d" -MT"src/BinarySearchTree.d" -o "src/BinarySearchTree.o" "../src/BinarySearchTree.cpp"
Finished building: ../src/BinarySearchTree.cpp
 
Building target: BinarySearchTree
Invoking: Cross G++ Linker
g++  -o "BinarySearchTree"  ./src/BinarySearchTree.o   
./src/BinarySearchTree.o: In function `BST::RemoveNode(int)':
/home/shreeganesh/Documents/C++/C-STL/BinarySearchTree/Debug/../src/BinarySearchTree.cpp:43: undefined reference to `BST::RemoveNodePrivate(int, node*)'
collect2: error: ld returned 1 exit status
makefile:45: recipe for target 'BinarySearchTree' failed
make: *** [BinarySearchTree] Error 1
19:09:28 **** Incremental Build of configuration Debug for project BinarySearchTree ****
make all 
Building file: ../src/BinarySearchTree.cpp
Invoking: Cross G++ Compiler
g++ -O0 -g3 -Wall -c -fmessage-length=0 -MMD -MP -MF"src/BinarySearchTree.d" -MT"src/BinarySearchTree.d" -o "src/BinarySearchTree.o" "../src/BinarySearchTree.cpp"
../src/BinarySearchTree.cpp:49:1: error: expected initializer before ‘int’
 int BST::FindSmallest()
 ^~~
make: *** [src/BinarySearchTree.o] Error 1
src/subdir.mk:18: recipe for target 'src/BinarySearchTree.o' failed
19:45:05 **** Incremental Build of configuration Debug for project BinarySearchTree ****
make all 
Building file: ../src/BinarySearchTree.cpp
Invoking: Cross G++ Compiler
g++ -O0 -g3 -Wall -c -fmessage-length=0 -MMD -MP -MF"src/BinarySearchTree.d" -MT"src/BinarySearchTree.d" -o "src/BinarySearchTree.o" "../src/BinarySearchTree.cpp"
../src/BinarySearchTree.cpp: In member function ‘void BST::RemoveRootMatch()’:
../src/BinarySearchTree.cpp:80:44: error: no matching function for call to ‘BST::RemoveNodePrivate(int&)’
    RemoveNodePrivate(SmallestInRightSubTree);
                                            ^
../src/BinarySearchTree.cpp:27:7: note: candidate: void BST::RemoveNodePrivate(int, node*)
  void RemoveNodePrivate(int key, node * ptr);
       ^~~~~~~~~~~~~~~~~
../src/BinarySearchTree.cpp:27:7: note:   candidate expects 2 arguments, 1 provided
../src/BinarySearchTree.cpp: In member function ‘void BST::RemoveNodePrivate(int, node*)’:
../src/BinarySearchTree.cpp:113:40: error: ‘RemoveMatch’ was not declared in this scope
       RemoveMatch(ptr, ptr->left , true) :
                                        ^
../src/BinarySearchTree.cpp:119:41: error: ‘RemoveMatch’ was not declared in this scope
       RemoveMatch(ptr, ptr->right , true) :
                                         ^
src/subdir.mk:18: recipe for target 'src/BinarySearchTree.o' failed
make: *** [src/BinarySearchTree.o] Error 1
09:43:58 **** Incremental Build of configuration Debug for project BinarySearchTree ****
make all 
Building file: ../src/BinarySearchTree.cpp
Invoking: Cross G++ Compiler
g++ -O0 -g3 -Wall -c -fmessage-length=0 -MMD -MP -MF"src/BinarySearchTree.d" -MT"src/BinarySearchTree.d" -o "src/BinarySearchTree.o" "../src/BinarySearchTree.cpp"
../src/BinarySearchTree.cpp: In member function ‘void BST::RemoveNodePrivate(int, node*)’:
../src/BinarySearchTree.cpp:115:40: error: ‘RemoveMatch’ was not declared in this scope
       RemoveMatch(ptr, ptr->left , true) :
                                        ^
../src/BinarySearchTree.cpp:121:41: error: ‘RemoveMatch’ was not declared in this scope
       RemoveMatch(ptr, ptr->right , true) :
                                         ^
src/subdir.mk:18: recipe for target 'src/BinarySearchTree.o' failed
make: *** [src/BinarySearchTree.o] Error 1
09:43:59 **** Build of configuration Debug for project Inheritance ****
make all 
Building file: ../src/Inheritance.cpp
Invoking: Cross G++ Compiler
g++ -O0 -g3 -Wall -c -fmessage-length=0 -MMD -MP -MF"src/Inheritance.d" -MT"src/Inheritance.d" -o "src/Inheritance.o" "../src/Inheritance.cpp"
Finished building: ../src/Inheritance.cpp
 
Building target: Inheritance
Invoking: Cross G++ Linker
g++  -o "Inheritance"  ./src/Inheritance.o   
Finished building target: Inheritance
 
09:44:17 **** Incremental Build of configuration Debug for project Inheritance ****
make all 
make: Nothing to be done for 'all'.
10:09:04 **** Incremental Build of configuration Debug for project Inheritance ****
make all 
Building file: ../src/Inheritance.cpp
Invoking: Cross G++ Compiler
g++ -O0 -g3 -Wall -c -fmessage-length=0 -MMD -MP -MF"src/Inheritance.d" -MT"src/Inheritance.d" -o "src/Inheritance.o" "../src/Inheritance.cpp"
Finished building: ../src/Inheritance.cpp
 
Building target: Inheritance
Invoking: Cross G++ Linker
g++  -o "Inheritance"  ./src/Inheritance.o   
Finished building target: Inheritance
 
10:09:13 **** Incremental Build of configuration Debug for project Inheritance ****
make all 
make: Nothing to be done for 'all'.
10:09:27 **** Incremental Build of configuration Debug for project Inheritance ****
make all 
Building file: ../src/Inheritance.cpp
Invoking: Cross G++ Compiler
g++ -O0 -g3 -Wall -c -fmessage-length=0 -MMD -MP -MF"src/Inheritance.d" -MT"src/Inheritance.d" -o "src/Inheritance.o" "../src/Inheritance.cpp"
Finished building: ../src/Inheritance.cpp
 
Building target: Inheritance
Invoking: Cross G++ Linker
g++  -o "Inheritance"  ./src/Inheritance.o   
Finished building target: Inheritance
 
10:10:08 **** Incremental Build of configuration Debug for project Inheritance ****
make all 
Building file: ../src/Inheritance.cpp
Invoking: Cross G++ Compiler
g++ -O0 -g3 -Wall -c -fmessage-length=0 -MMD -MP -MF"src/Inheritance.d" -MT"src/Inheritance.d" -o "src/Inheritance.o" "../src/Inheritance.cpp"
Finished building: ../src/Inheritance.cpp
 
Building target: Inheritance
Invoking: Cross G++ Linker
g++  -o "Inheritance"  ./src/Inheritance.o   
Finished building target: Inheritance
 
10:18:57 **** Incremental Build of configuration Debug for project Inheritance ****
make all 
make: Nothing to be done for 'all'.
10:19:00 **** Incremental Build of configuration Debug for project Inheritance ****
make all 
make: Nothing to be done for 'all'.
10:25:12 **** Incremental Build of configuration Debug for project Inheritance ****
make all 
Building file: ../src/Inheritance.cpp
Invoking: Cross G++ Compiler
g++ -O0 -g3 -Wall -c -fmessage-length=0 -MMD -MP -MF"src/Inheritance.d" -MT"src/Inheritance.d" -o "src/Inheritance.o" "../src/Inheritance.cpp"
Finished building: ../src/Inheritance.cpp
 
Building target: Inheritance
Invoking: Cross G++ Linker
g++  -o "Inheritance"  ./src/Inheritance.o   
Finished building target: Inheritance
 
10:27:45 **** Incremental Build of configuration Debug for project Inheritance ****
make all 
Building file: ../src/Inheritance.cpp
Invoking: Cross G++ Compiler
g++ -O0 -g3 -Wall -c -fmessage-length=0 -MMD -MP -MF"src/Inheritance.d" -MT"src/Inheritance.d" -o "src/Inheritance.o" "../src/Inheritance.cpp"
Finished building: ../src/Inheritance.cpp
 
Building target: Inheritance
Invoking: Cross G++ Linker
g++  -o "Inheritance"  ./src/Inheritance.o   
./src/Inheritance.o: In function `Account::Account()':
/home/shreeganesh/Documents/C++/C-STL/Inheritance/Debug/../src/Inheritance.cpp:13: undefined reference to `vtable for Account'
makefile:45: recipe for target 'Inheritance' failed
./src/Inheritance.o: In function `savings::savings()':
/home/shreeganesh/Documents/C++/C-STL/Inheritance/Debug/../src/Inheritance.cpp:27: undefined reference to `vtable for savings'
collect2: error: ld returned 1 exit status
make: *** [Inheritance] Error 1
10:30:12 **** Incremental Build of configuration Debug for project Inheritance ****
make all 
Building file: ../src/Inheritance.cpp
Invoking: Cross G++ Compiler
g++ -O0 -g3 -Wall -c -fmessage-length=0 -MMD -MP -MF"src/Inheritance.d" -MT"src/Inheritance.d" -o "src/Inheritance.o" "../src/Inheritance.cpp"
../src/Inheritance.cpp: In function ‘int main()’:
../src/Inheritance.cpp:54:28: error: cannot convert ‘savings*’ to ‘Account*’ in initialization
  Account * p = new savings();
                            ^
src/subdir.mk:18: recipe for target 'src/Inheritance.o' failed
make: *** [src/Inheritance.o] Error 1
10:30:22 **** Incremental Build of configuration Debug for project Inheritance ****
make all 
Building file: ../src/Inheritance.cpp
Invoking: Cross G++ Compiler
g++ -O0 -g3 -Wall -c -fmessage-length=0 -MMD -MP -MF"src/Inheritance.d" -MT"src/Inheritance.d" -o "src/Inheritance.o" "../src/Inheritance.cpp"
../src/Inheritance.cpp: In function ‘int main()’:
../src/Inheritance.cpp:54:28: error: cannot convert ‘savings*’ to ‘Account*’ in initialization
  Account * p = new savings();
                            ^
src/subdir.mk:18: recipe for target 'src/Inheritance.o' failed
make: *** [src/Inheritance.o] Error 1
10:30:43 **** Incremental Build of configuration Debug for project Inheritance ****
make all 
Building file: ../src/Inheritance.cpp
Invoking: Cross G++ Compiler
g++ -O0 -g3 -Wall -c -fmessage-length=0 -MMD -MP -MF"src/Inheritance.d" -MT"src/Inheritance.d" -o "src/Inheritance.o" "../src/Inheritance.cpp"
Finished building: ../src/Inheritance.cpp
 
Building target: Inheritance
Invoking: Cross G++ Linker
g++  -o "Inheritance"  ./src/Inheritance.o   
Finished building target: Inheritance
 
10:31:01 **** Incremental Build of configuration Debug for project Inheritance ****
make all 
Building file: ../src/Inheritance.cpp
Invoking: Cross G++ Compiler
g++ -O0 -g3 -Wall -c -fmessage-length=0 -MMD -MP -MF"src/Inheritance.d" -MT"src/Inheritance.d" -o "src/Inheritance.o" "../src/Inheritance.cpp"
Finished building: ../src/Inheritance.cpp
 
Building target: Inheritance
Invoking: Cross G++ Linker
g++  -o "Inheritance"  ./src/Inheritance.o   
Finished building target: Inheritance
 
10:31:03 **** Incremental Build of configuration Debug for project Inheritance ****
make all 
make: Nothing to be done for 'all'.
12:13:01 **** Build of configuration Debug for project OpOverload ****
make all 
Building file: ../src/OpOverload.cpp
Invoking: Cross G++ Compiler
g++ -O0 -g3 -Wall -c -fmessage-length=0 -MMD -MP -MF"src/OpOverload.d" -MT"src/OpOverload.d" -o "src/OpOverload.o" "../src/OpOverload.cpp"
../src/OpOverload.cpp: In function ‘int main()’:
../src/OpOverload.cpp:33:12: error: redeclaration of ‘Complex X1’
  Complex X1(4, 5);
            ^
../src/OpOverload.cpp:32:10: note: ‘Complex X1’ previously declared here
  Complex X1(2, 3);
          ^~
../src/OpOverload.cpp:34:16: error: no matching function for call to ‘Complex::operator+()’
  X1.operator +()
                ^
../src/OpOverload.cpp:24:9: note: candidate: Complex Complex::operator+(const Complex&)
 Complex Complex::operator+(const Complex&  other)
         ^~~~~~~
../src/OpOverload.cpp:24:9: note:   candidate expects 1 argument, 0 provided
src/subdir.mk:18: recipe for target 'src/OpOverload.o' failed
make: *** [src/OpOverload.o] Error 1
12:13:20 **** Incremental Build of configuration Debug for project OpOverload ****
make all 
Building file: ../src/OpOverload.cpp
Invoking: Cross G++ Compiler
g++ -O0 -g3 -Wall -c -fmessage-length=0 -MMD -MP -MF"src/OpOverload.d" -MT"src/OpOverload.d" -o "src/OpOverload.o" "../src/OpOverload.cpp"
Finished building: ../src/OpOverload.cpp
 
Building target: OpOverload
Invoking: Cross G++ Linker
g++  -o "OpOverload"  ./src/OpOverload.o   
Finished building target: OpOverload
 
12:13:45 **** Incremental Build of configuration Debug for project OpOverload ****
make all 
Building file: ../src/OpOverload.cpp
Invoking: Cross G++ Compiler
g++ -O0 -g3 -Wall -c -fmessage-length=0 -MMD -MP -MF"src/OpOverload.d" -MT"src/OpOverload.d" -o "src/OpOverload.o" "../src/OpOverload.cpp"
../src/OpOverload.cpp: In function ‘int main()’:
../src/OpOverload.cpp:34:10: warning: variable ‘X3’ set but not used [-Wunused-but-set-variable]
  Complex X3 = X1.operator +(X2);
          ^~
Finished building: ../src/OpOverload.cpp
 
Building target: OpOverload
Invoking: Cross G++ Linker
g++  -o "OpOverload"  ./src/OpOverload.o   
Finished building target: OpOverload
 
12:15:14 **** Incremental Build of configuration Debug for project OpOverload ****
make all 
Building file: ../src/OpOverload.cpp
Invoking: Cross G++ Compiler
g++ -O0 -g3 -Wall -c -fmessage-length=0 -MMD -MP -MF"src/OpOverload.d" -MT"src/OpOverload.d" -o "src/OpOverload.o" "../src/OpOverload.cpp"
../src/OpOverload.cpp: In member function ‘double Complex::getImg()’:
../src/OpOverload.cpp:28:17: error: ‘img’ was not declared in this scope
          return img;
                 ^~~
../src/OpOverload.cpp: In function ‘int main()’:
../src/OpOverload.cpp:45:2: error: expected primary-expression before ‘return’
  return 0;
  ^~~~~~
src/subdir.mk:18: recipe for target 'src/OpOverload.o' failed
make: *** [src/OpOverload.o] Error 1
12:15:23 **** Incremental Build of configuration Debug for project OpOverload ****
make all 
Building file: ../src/OpOverload.cpp
Invoking: Cross G++ Compiler
g++ -O0 -g3 -Wall -c -fmessage-length=0 -MMD -MP -MF"src/OpOverload.d" -MT"src/OpOverload.d" -o "src/OpOverload.o" "../src/OpOverload.cpp"
../src/OpOverload.cpp: In function ‘int main()’:
../src/OpOverload.cpp:45:2: error: expected primary-expression before ‘return’
  return 0;
  ^~~~~~
src/subdir.mk:18: recipe for target 'src/OpOverload.o' failed
make: *** [src/OpOverload.o] Error 1
12:15:59 **** Incremental Build of configuration Debug for project OpOverload ****
make all 
Building file: ../src/OpOverload.cpp
Invoking: Cross G++ Compiler
g++ -O0 -g3 -Wall -c -fmessage-length=0 -MMD -MP -MF"src/OpOverload.d" -MT"src/OpOverload.d" -o "src/OpOverload.o" "../src/OpOverload.cpp"
../src/OpOverload.cpp: In function ‘int main()’:
../src/OpOverload.cpp:43:6: error: no match for ‘operator<<’ (operand types are ‘std::ostream {aka std::basic_ostream<char>}’ and ‘Complex’)
  cout<<X3
  ~~~~^~~~
In file included from /usr/include/c++/6/iostream:39:0,
                 from ../src/OpOverload.cpp:9:
/usr/include/c++/6/ostream:108:7: note: candidate: std::basic_ostream<_CharT, _Traits>::__ostream_type& std::basic_ostream<_CharT, _Traits>::operator<<(std::basic_ostream<_CharT, _Traits>::__ostream_type& (*)(std::basic_ostream<_CharT, _Traits>::__ostream_type&)) [with _CharT = char; _Traits = std::char_traits<char>; std::basic_ostream<_CharT, _Traits>::__ostream_type = std::basic_ostream<char>]
       operator<<(__ostream_type& (*__pf)(__ostream_type&))
       ^~~~~~~~
/usr/include/c++/6/ostream:108:7: note:   no known conversion for argument 1 from ‘Complex’ to ‘std::basic_ostream<char>::__ostream_type& (*)(std::basic_ostream<char>::__ostream_type&) {aka std::basic_ostream<char>& (*)(std::basic_ostream<char>&)}’
/usr/include/c++/6/ostream:117:7: note: candidate: std::basic_ostream<_CharT, _Traits>::__ostream_type& std::basic_ostream<_CharT, _Traits>::operator<<(std::basic_ostream<_CharT, _Traits>::__ios_type& (*)(std::basic_ostream<_CharT, _Traits>::__ios_type&)) [with _CharT = char; _Traits = std::char_traits<char>; std::basic_ostream<_CharT, _Traits>::__ostream_type = std::basic_ostream<char>; std::basic_ostream<_CharT, _Traits>::__ios_type = std::basic_ios<char>]
       operator<<(__ios_type& (*__pf)(__ios_type&))
       ^~~~~~~~
/usr/include/c++/6/ostream:117:7: note:   no known conversion for argument 1 from ‘Complex’ to ‘std::basic_ostream<char>::__ios_type& (*)(std::basic_ostream<char>::__ios_type&) {aka std::basic_ios<char>& (*)(std::basic_ios<char>&)}’
/usr/include/c++/6/ostream:127:7: note: candidate: std::basic_ostream<_CharT, _Traits>::__ostream_type& std::basic_ostream<_CharT, _Traits>::operator<<(std::ios_base& (*)(std::ios_base&)) [with _CharT = char; _Traits = std::char_traits<char>; std::basic_ostream<_CharT, _Traits>::__ostream_type = std::basic_ostream<char>]
       operator<<(ios_base& (*__pf) (ios_base&))
       ^~~~~~~~
/usr/include/c++/6/ostream:127:7: note:   no known conversion for argument 1 from ‘Complex’ to ‘std::ios_base& (*)(std::ios_base&)’
/usr/include/c++/6/ostream:166:7: note: candidate: std::basic_ostream<_CharT, _Traits>::__ostream_type& std::basic_ostream<_CharT, _Traits>::operator<<(long int) [with _CharT = char; _Traits = std::char_traits<char>; std::basic_ostream<_CharT, _Traits>::__ostream_type = std::basic_ostream<char>]
       operator<<(long __n)
       ^~~~~~~~
/usr/include/c++/6/ostream:166:7: note:   no known conversion for argument 1 from ‘Complex’ to ‘long int’
/usr/include/c++/6/ostream:170:7: note: candidate: std::basic_ostream<_CharT, _Traits>::__ostream_type& std::basic_ostream<_CharT, _Traits>::operator<<(long unsigned int) [with _CharT = char; _Traits = std::char_traits<char>; std::basic_ostream<_CharT, _Traits>::__ostream_type = std::basic_ostream<char>]
       operator<<(unsigned long __n)
       ^~~~~~~~
/usr/include/c++/6/ostream:170:7: note:   no known conversion for argument 1 from ‘Complex’ to ‘long unsigned int’
/usr/include/c++/6/ostream:174:7: note: candidate: std::basic_ostream<_CharT, _Traits>::__ostream_type& std::basic_ostream<_CharT, _Traits>::operator<<(bool) [with _CharT = char; _Traits = std::char_traits<char>; std::basic_ostream<_CharT, _Traits>::__ostream_type = std::basic_ostream<char>]
       operator<<(bool __n)
       ^~~~~~~~
/usr/include/c++/6/ostream:174:7: note:   no known conversion for argument 1 from ‘Complex’ to ‘bool’
In file included from /usr/include/c++/6/ostream:638:0,
                 from /usr/include/c++/6/iostream:39,
                 from ../src/OpOverload.cpp:9:
/usr/include/c++/6/bits/ostream.tcc:91:5: note: candidate: std::basic_ostream<_CharT, _Traits>& std::basic_ostream<_CharT, _Traits>::operator<<(short int) [with _CharT = char; _Traits = std::char_traits<char>]
     basic_ostream<_CharT, _Traits>::
     ^~~~~~~~~~~~~~~~~~~~~~~~~~~~~~
/usr/include/c++/6/bits/ostream.tcc:91:5: note:   no known conversion for argument 1 from ‘Complex’ to ‘short int’
In file included from /usr/include/c++/6/iostream:39:0,
                 from ../src/OpOverload.cpp:9:
/usr/include/c++/6/ostream:181:7: note: candidate: std::basic_ostream<_CharT, _Traits>::__ostream_type& std::basic_ostream<_CharT, _Traits>::operator<<(short unsigned int) [with _CharT = char; _Traits = std::char_traits<char>; std::basic_ostream<_CharT, _Traits>::__ostream_type = std::basic_ostream<char>]
       operator<<(unsigned short __n)
       ^~~~~~~~
/usr/include/c++/6/ostream:181:7: note:   no known conversion for argument 1 from ‘Complex’ to ‘short unsigned int’
In file included from /usr/include/c++/6/ostream:638:0,
                 from /usr/include/c++/6/iostream:39,
                 from ../src/OpOverload.cpp:9:
/usr/include/c++/6/bits/ostream.tcc:105:5: note: candidate: std::basic_ostream<_CharT, _Traits>& std::basic_ostream<_CharT, _Traits>::operator<<(int) [with _CharT = char; _Traits = std::char_traits<char>]
     basic_ostream<_CharT, _Traits>::
     ^~~~~~~~~~~~~~~~~~~~~~~~~~~~~~
/usr/include/c++/6/bits/ostream.tcc:105:5: note:   no known conversion for argument 1 from ‘Complex’ to ‘int’
In file included from /usr/include/c++/6/iostream:39:0,
                 from ../src/OpOverload.cpp:9:
/usr/include/c++/6/ostream:192:7: note: candidate: std::basic_ostream<_CharT, _Traits>::__ostream_type& std::basic_ostream<_CharT, _Traits>::operator<<(unsigned int) [with _CharT = char; _Traits = std::char_traits<char>; std::basic_ostream<_CharT, _Traits>::__ostream_type = std::basic_ostream<char>]
       operator<<(unsigned int __n)
       ^~~~~~~~
/usr/include/c++/6/ostream:192:7: note:   no known conversion for argument 1 from ‘Complex’ to ‘unsigned int’
/usr/include/c++/6/ostream:201:7: note: candidate: std::basic_ostream<_CharT, _Traits>::__ostream_type& std::basic_ostream<_CharT, _Traits>::operator<<(long long int) [with _CharT = char; _Traits = std::char_traits<char>; std::basic_ostream<_CharT, _Traits>::__ostream_type = std::basic_ostream<char>]
       operator<<(long long __n)
       ^~~~~~~~
/usr/include/c++/6/ostream:201:7: note:   no known conversion for argument 1 from ‘Complex’ to ‘long long int’
/usr/include/c++/6/ostream:205:7: note: candidate: std::basic_ostream<_CharT, _Traits>::__ostream_type& std::basic_ostream<_CharT, _Traits>::operator<<(long long unsigned int) [with _CharT = char; _Traits = std::char_traits<char>; std::basic_ostream<_CharT, _Traits>::__ostream_type = std::basic_ostream<char>]
       operator<<(unsigned long long __n)
       ^~~~~~~~
/usr/include/c++/6/ostream:205:7: note:   no known conversion for argument 1 from ‘Complex’ to ‘long long unsigned int’
/usr/include/c++/6/ostream:220:7: note: candidate: std::basic_ostream<_CharT, _Traits>::__ostream_type& std::basic_ostream<_CharT, _Traits>::operator<<(double) [with _CharT = char; _Traits = std::char_traits<char>; std::basic_ostream<_CharT, _Traits>::__ostream_type = std::basic_ostream<char>]
       operator<<(double __f)
       ^~~~~~~~
/usr/include/c++/6/ostream:220:7: note:   no known conversion for argument 1 from ‘Complex’ to ‘double’
/usr/include/c++/6/ostream:224:7: note: candidate: std::basic_ostream<_CharT, _Traits>::__ostream_type& std::basic_ostream<_CharT, _Traits>::operator<<(float) [with _CharT = char; _Traits = std::char_traits<char>; std::basic_ostream<_CharT, _Traits>::__ostream_type = std::basic_ostream<char>]
       operator<<(float __f)
       ^~~~~~~~
/usr/include/c++/6/ostream:224:7: note:   no known conversion for argument 1 from ‘Complex’ to ‘float’
/usr/include/c++/6/ostream:232:7: note: candidate: std::basic_ostream<_CharT, _Traits>::__ostream_type& std::basic_ostream<_CharT, _Traits>::operator<<(long double) [with _CharT = char; _Traits = std::char_traits<char>; std::basic_ostream<_CharT, _Traits>::__ostream_type = std::basic_ostream<char>]
src/subdir.mk:18: recipe for target 'src/OpOverload.o' failed
       operator<<(long double __f)
       ^~~~~~~~
/usr/include/c++/6/ostream:232:7: note:   no known conversion for argument 1 from ‘Complex’ to ‘long double’
/usr/include/c++/6/ostream:245:7: note: candidate: std::basic_ostream<_CharT, _Traits>::__ostream_type& std::basic_ostream<_CharT, _Traits>::operator<<(const void*) [with _CharT = char; _Traits = std::char_traits<char>; std::basic_ostream<_CharT, _Traits>::__ostream_type = std::basic_ostream<char>]
       operator<<(const void* __p)
       ^~~~~~~~
/usr/include/c++/6/ostream:245:7: note:   no known conversion for argument 1 from ‘Complex’ to ‘const void*’
In file included from /usr/include/c++/6/ostream:638:0,
                 from /usr/include/c++/6/iostream:39,
                 from ../src/OpOverload.cpp:9:
/usr/include/c++/6/bits/ostream.tcc:119:5: note: candidate: std::basic_ostream<_CharT, _Traits>& std::basic_ostream<_CharT, _Traits>::operator<<(std::basic_ostream<_CharT, _Traits>::__streambuf_type*) [with _CharT = char; _Traits = std::char_traits<char>; std::basic_ostream<_CharT, _Traits>::__streambuf_type = std::basic_streambuf<char>]
     basic_ostream<_CharT, _Traits>::
     ^~~~~~~~~~~~~~~~~~~~~~~~~~~~~~
/usr/include/c++/6/bits/ostream.tcc:119:5: note:   no known conversion for argument 1 from ‘Complex’ to ‘std::basic_ostream<char>::__streambuf_type* {aka std::basic_streambuf<char>*}’
In file included from /usr/include/c++/6/string:52:0,
                 from /usr/include/c++/6/bits/locale_classes.h:40,
                 from /usr/include/c++/6/bits/ios_base.h:41,
                 from /usr/include/c++/6/ios:42,
                 from /usr/include/c++/6/ostream:38,
                 from /usr/include/c++/6/iostream:39,
                 from ../src/OpOverload.cpp:9:
/usr/include/c++/6/bits/basic_string.h:5325:5: note: candidate: template<class _CharT, class _Traits, class _Alloc> std::basic_ostream<_CharT, _Traits>& std::operator<<(std::basic_ostream<_CharT, _Traits>&, const std::__cxx11::basic_string<_CharT, _Traits, _Alloc>&)
     operator<<(basic_ostream<_CharT, _Traits>& __os,
     ^~~~~~~~
/usr/include/c++/6/bits/basic_string.h:5325:5: note:   template argument deduction/substitution failed:
../src/OpOverload.cpp:43:8: note:   ‘Complex’ is not derived from ‘const std::__cxx11::basic_string<_CharT, _Traits, _Alloc>’
  cout<<X3
        ^~
In file included from /usr/include/c++/6/bits/ios_base.h:46:0,
                 from /usr/include/c++/6/ios:42,
                 from /usr/include/c++/6/ostream:38,
                 from /usr/include/c++/6/iostream:39,
                 from ../src/OpOverload.cpp:9:
/usr/include/c++/6/system_error:209:5: note: candidate: template<class _CharT, class _Traits> std::basic_ostream<_CharT, _Traits>& std::operator<<(std::basic_ostream<_CharT, _Traits>&, const std::error_code&)
     operator<<(basic_ostream<_CharT, _Traits>& __os, const error_code& __e)
     ^~~~~~~~
/usr/include/c++/6/system_error:209:5: note:   template argument deduction/substitution failed:
../src/OpOverload.cpp:43:8: note:   cannot convert ‘X3’ (type ‘Complex’) to type ‘const std::error_code&’
  cout<<X3
        ^~
In file included from /usr/include/c++/6/iostream:39:0,
                 from ../src/OpOverload.cpp:9:
/usr/include/c++/6/ostream:497:5: note: candidate: template<class _CharT, class _Traits> std::basic_ostream<_CharT, _Traits>& std::operator<<(std::basic_ostream<_CharT, _Traits>&, _CharT)
     operator<<(basic_ostream<_CharT, _Traits>& __out, _CharT __c)
     ^~~~~~~~
/usr/include/c++/6/ostream:497:5: note:   template argument deduction/substitution failed:
../src/OpOverload.cpp:43:8: note:   deduced conflicting types for parameter ‘_CharT’ (‘char’ and ‘Complex’)
  cout<<X3
        ^~
In file included from /usr/include/c++/6/iostream:39:0,
                 from ../src/OpOverload.cpp:9:
/usr/include/c++/6/ostream:502:5: note: candidate: template<class _CharT, class _Traits> std::basic_ostream<_CharT, _Traits>& std::operator<<(std::basic_ostream<_CharT, _Traits>&, char)
     operator<<(basic_ostream<_CharT, _Traits>& __out, char __c)
     ^~~~~~~~
/usr/include/c++/6/ostream:502:5: note:   template argument deduction/substitution failed:
../src/OpOverload.cpp:43:8: note:   cannot convert ‘X3’ (type ‘Complex’) to type ‘char’
  cout<<X3
        ^~
In file included from /usr/include/c++/6/iostream:39:0,
                 from ../src/OpOverload.cpp:9:
/usr/include/c++/6/ostream:508:5: note: candidate: template<class _Traits> std::basic_ostream<char, _Traits>& std::operator<<(std::basic_ostream<char, _Traits>&, char)
     operator<<(basic_ostream<char, _Traits>& __out, char __c)
     ^~~~~~~~
/usr/include/c++/6/ostream:508:5: note:   template argument deduction/substitution failed:
../src/OpOverload.cpp:43:8: note:   cannot convert ‘X3’ (type ‘Complex’) to type ‘char’
  cout<<X3
        ^~
In file included from /usr/include/c++/6/iostream:39:0,
                 from ../src/OpOverload.cpp:9:
/usr/include/c++/6/ostream:514:5: note: candidate: template<class _Traits> std::basic_ostream<char, _Traits>& std::operator<<(std::basic_ostream<char, _Traits>&, signed char)
     operator<<(basic_ostream<char, _Traits>& __out, signed char __c)
     ^~~~~~~~
/usr/include/c++/6/ostream:514:5: note:   template argument deduction/substitution failed:
../src/OpOverload.cpp:43:8: note:   cannot convert ‘X3’ (type ‘Complex’) to type ‘signed char’
  cout<<X3
        ^~
In file included from /usr/include/c++/6/iostream:39:0,
                 from ../src/OpOverload.cpp:9:
/usr/include/c++/6/ostream:519:5: note: candidate: template<class _Traits> std::basic_ostream<char, _Traits>& std::operator<<(std::basic_ostream<char, _Traits>&, unsigned char)
     operator<<(basic_ostream<char, _Traits>& __out, unsigned char __c)
     ^~~~~~~~
/usr/include/c++/6/ostream:519:5: note:   template argument deduction/substitution failed:
../src/OpOverload.cpp:43:8: note:   cannot convert ‘X3’ (type ‘Complex’) to type ‘unsigned char’
  cout<<X3
        ^~
In file included from /usr/include/c++/6/iostream:39:0,
                 from ../src/OpOverload.cpp:9:
/usr/include/c++/6/ostream:539:5: note: candidate: template<class _CharT, class _Traits> std::basic_ostream<_CharT, _Traits>& std::operator<<(std::basic_ostream<_CharT, _Traits>&, const _CharT*)
     operator<<(basic_ostream<_CharT, _Traits>& __out, const _CharT* __s)
     ^~~~~~~~
/usr/include/c++/6/ostream:539:5: note:   template argument deduction/substitution failed:
../src/OpOverload.cpp:43:8: note:   mismatched types ‘const _CharT*’ and ‘Complex’
  cout<<X3
        ^~
In file included from /usr/include/c++/6/ostream:638:0,
                 from /usr/include/c++/6/iostream:39,
                 from ../src/OpOverload.cpp:9:
/usr/include/c++/6/bits/ostream.tcc:321:5: note: candidate: template<class _CharT, class _Traits> std::basic_ostream<_CharT, _Traits>& std::operator<<(std::basic_ostream<_CharT, _Traits>&, const char*)
     operator<<(basic_ostream<_CharT, _Traits>& __out, const char* __s)
     ^~~~~~~~
/usr/include/c++/6/bits/ostream.tcc:321:5: note:   template argument deduction/substitution failed:
../src/OpOverload.cpp:43:8: note:   cannot convert ‘X3’ (type ‘Complex’) to type ‘const char*’
  cout<<X3
        ^~
In file included from /usr/include/c++/6/iostream:39:0,
                 from ../src/OpOverload.cpp:9:
/usr/include/c++/6/ostream:556:5: note: candidate: template<class _Traits> std::basic_ostream<char, _Traits>& std::operator<<(std::basic_ostream<char, _Traits>&, const char*)
     operator<<(basic_ostream<char, _Traits>& __out, const char* __s)
     ^~~~~~~~
/usr/include/c++/6/ostream:556:5: note:   template argument deduction/substitution failed:
../src/OpOverload.cpp:43:8: note:   cannot convert ‘X3’ (type ‘Complex’) to type ‘const char*’
  cout<<X3
        ^~
In file included from /usr/include/c++/6/iostream:39:0,
                 from ../src/OpOverload.cpp:9:
/usr/include/c++/6/ostream:569:5: note: candidate: template<class _Traits> std::basic_ostream<char, _Traits>& std::operator<<(std::basic_ostream<char, _Traits>&, const signed char*)
     operator<<(basic_ostream<char, _Traits>& __out, const signed char* __s)
     ^~~~~~~~
/usr/include/c++/6/ostream:569:5: note:   template argument deduction/substitution failed:
../src/OpOverload.cpp:43:8: note:   cannot convert ‘X3’ (type ‘Complex’) to type ‘const signed char*’
  cout<<X3
        ^~
In file included from /usr/include/c++/6/iostream:39:0,
                 from ../src/OpOverload.cpp:9:
/usr/include/c++/6/ostream:574:5: note: candidate: template<class _Traits> std::basic_ostream<char, _Traits>& std::operator<<(std::basic_ostream<char, _Traits>&, const unsigned char*)
     operator<<(basic_ostream<char, _Traits>& __out, const unsigned char* __s)
     ^~~~~~~~
/usr/include/c++/6/ostream:574:5: note:   template argument deduction/substitution failed:
../src/OpOverload.cpp:43:8: note:   cannot convert ‘X3’ (type ‘Complex’) to type ‘const unsigned char*’
  cout<<X3
        ^~
In file included from /usr/include/c++/6/iostream:39:0,
                 from ../src/OpOverload.cpp:9:
/usr/include/c++/6/ostream:628:5: note: candidate: std::basic_ostream<_CharT, _Traits>& std::operator<<(std::basic_ostream<_CharT, _Traits>&&, const _Tp&) [with _CharT = char; _Traits = std::char_traits<char>; _Tp = Complex] <near match>
     operator<<(basic_ostream<_CharT, _Traits>&& __os, const _Tp& __x)
     ^~~~~~~~
/usr/include/c++/6/ostream:628:5: note:   conversion of argument 1 would be ill-formed:
../src/OpOverload.cpp:43:8: error: cannot bind ‘std::ostream {aka std::basic_ostream<char>}’ lvalue to ‘std::basic_ostream<char>&&’
  cout<<X3
        ^~
make: *** [src/OpOverload.o] Error 1
12:16:43 **** Incremental Build of configuration Debug for project OpOverload ****
make all 
Building file: ../src/OpOverload.cpp
Invoking: Cross G++ Compiler
g++ -O0 -g3 -Wall -c -fmessage-length=0 -MMD -MP -MF"src/OpOverload.d" -MT"src/OpOverload.d" -o "src/OpOverload.o" "../src/OpOverload.cpp"
Finished building: ../src/OpOverload.cpp
 
Building target: OpOverload
Invoking: Cross G++ Linker
g++  -o "OpOverload"  ./src/OpOverload.o   
Finished building target: OpOverload
 
12:16:56 **** Incremental Build of configuration Debug for project OpOverload ****
make all 
make: Nothing to be done for 'all'.
12:17:05 **** Incremental Build of configuration Debug for project OpOverload ****
make all 
Building file: ../src/OpOverload.cpp
Invoking: Cross G++ Compiler
g++ -O0 -g3 -Wall -c -fmessage-length=0 -MMD -MP -MF"src/OpOverload.d" -MT"src/OpOverload.d" -o "src/OpOverload.o" "../src/OpOverload.cpp"
Finished building: ../src/OpOverload.cpp
 
Building target: OpOverload
Invoking: Cross G++ Linker
g++  -o "OpOverload"  ./src/OpOverload.o   
Finished building target: OpOverload
 
12:17:09 **** Incremental Build of configuration Debug for project OpOverload ****
make all 
make: Nothing to be done for 'all'.
12:40:43 **** Build of configuration Debug for project OpOveload2 ****
make all 
Building file: ../src/OpOveload2.cpp
Invoking: Cross G++ Compiler
g++ -O0 -g3 -Wall -c -fmessage-length=0 -MMD -MP -MF"src/OpOveload2.d" -MT"src/OpOveload2.d" -o "src/OpOveload2.o" "../src/OpOveload2.cpp"
../src/OpOveload2.cpp: In member function ‘complex complex::operator+(const complex&)’:
../src/OpOveload2.cpp:31:17: warning: left operand of comma operator has no effect [-Wunused-value]
  return (X.real + real , X.img + img);
          ~~~~~~~^~~~~~
../src/OpOveload2.cpp:31:24: error: could not convert ‘((void)0, (((double)X.complex::img) + ((complex*)this)->complex::img))’ from ‘double’ to ‘complex’
  return (X.real + real , X.img + img);
         ~~~~~~~~~~~~~~~^~~~~~~~~~~~~~
src/subdir.mk:18: recipe for target 'src/OpOveload2.o' failed
make: *** [src/OpOveload2.o] Error 1
12:40:43 **** Incremental Build of configuration Debug for project OpOverload ****
make all 
make: Nothing to be done for 'all'.
12:41:35 **** Incremental Build of configuration Debug for project OpOveload2 ****
make all 
Building file: ../src/OpOveload2.cpp
Invoking: Cross G++ Compiler
g++ -O0 -g3 -Wall -c -fmessage-length=0 -MMD -MP -MF"src/OpOveload2.d" -MT"src/OpOveload2.d" -o "src/OpOveload2.o" "../src/OpOveload2.cpp"
Finished building: ../src/OpOveload2.cpp
 
Building target: OpOveload2
Invoking: Cross G++ Linker
g++  -o "OpOveload2"  ./src/OpOveload2.o   
Finished building target: OpOveload2
 
12:41:35 **** Incremental Build of configuration Debug for project OpOverload ****
make all 
make: Nothing to be done for 'all'.
13:07:09 **** Build of configuration Debug for project IsUnique ****
make all 
Building file: ../src/IsUnique.cpp
Invoking: Cross G++ Compiler
g++ -O0 -g3 -Wall -c -fmessage-length=0 -MMD -MP -MF"src/IsUnique.d" -MT"src/IsUnique.d" -o "src/IsUnique.o" "../src/IsUnique.cpp"
Finished building: ../src/IsUnique.cpp
 
Building target: IsUnique
Invoking: Cross G++ Linker
g++  -o "IsUnique"  ./src/IsUnique.o   
Finished building target: IsUnique
 
13:12:12 **** Incremental Build of configuration Debug for project IsUnique ****
make all 
Building file: ../src/IsUnique.cpp
Invoking: Cross G++ Compiler
g++ -O0 -g3 -Wall -c -fmessage-length=0 -MMD -MP -MF"src/IsUnique.d" -MT"src/IsUnique.d" -o "src/IsUnique.o" "../src/IsUnique.cpp"
../src/IsUnique.cpp:9:19: error: missing terminating > character
 #include <iostream
                   ^
../src/IsUnique.cpp: In function ‘bool IsUnique(std::__cxx11::string)’:
../src/IsUnique.cpp:15:26: error: no matching function for call to ‘std::map<char, int>::map(int)’
  map<char,int> CharSet(26);
                          ^
In file included from /usr/include/c++/6/map:61:0,
                 from ../src/IsUnique.cpp:10:
/usr/include/c++/6/bits/stl_map.h:273:9: note: candidate: template<class _InputIterator> std::map<_Key, _Tp, _Compare, _Alloc>::map(_InputIterator, _InputIterator, const _Compare&, const allocator_type&)
         map(_InputIterator __first, _InputIterator __last,
         ^~~
/usr/include/c++/6/bits/stl_map.h:273:9: note:   template argument deduction/substitution failed:
../src/IsUnique.cpp:15:26: note:   candidate expects 4 arguments, 1 provided
  map<char,int> CharSet(26);
                          ^
In file included from /usr/include/c++/6/map:61:0,
                 from ../src/IsUnique.cpp:10:
/usr/include/c++/6/bits/stl_map.h:256:9: note: candidate: template<class _InputIterator> std::map<_Key, _Tp, _Compare, _Alloc>::map(_InputIterator, _InputIterator)
         map(_InputIterator __first, _InputIterator __last)
         ^~~
/usr/include/c++/6/bits/stl_map.h:256:9: note:   template argument deduction/substitution failed:
../src/IsUnique.cpp:15:26: note:   candidate expects 2 arguments, 1 provided
  map<char,int> CharSet(26);
                          ^
In file included from /usr/include/c++/6/map:61:0,
                 from ../src/IsUnique.cpp:10:
/usr/include/c++/6/bits/stl_map.h:239:9: note: candidate: template<class _InputIterator> std::map<_Key, _Tp, _Compare, _Alloc>::map(_InputIterator, _InputIterator, const allocator_type&)
         map(_InputIterator __first, _InputIterator __last,
         ^~~
/usr/include/c++/6/bits/stl_map.h:239:9: note:   template argument deduction/substitution failed:
../src/IsUnique.cpp:15:26: note:   candidate expects 3 arguments, 1 provided
  map<char,int> CharSet(26);
                          ^
In file included from /usr/include/c++/6/map:61:0,
                 from ../src/IsUnique.cpp:10:
/usr/include/c++/6/bits/stl_map.h:233:7: note: candidate: std::map<_Key, _Tp, _Compare, _Alloc>::map(std::initializer_list<std::pair<const _Key, _Tp> >, const allocator_type&) [with _Key = char; _Tp = int; _Compare = std::less<char>; _Alloc = std::allocator<std::pair<const char, int> >; std::map<_Key, _Tp, _Compare, _Alloc>::allocator_type = std::allocator<std::pair<const char, int> >]
       map(initializer_list<value_type> __l, const allocator_type& __a)
       ^~~
/usr/include/c++/6/bits/stl_map.h:233:7: note:   candidate expects 2 arguments, 1 provided
/usr/include/c++/6/bits/stl_map.h:227:7: note: candidate: std::map<_Key, _Tp, _Compare, _Alloc>::map(std::map<_Key, _Tp, _Compare, _Alloc>&&, const allocator_type&) [with _Key = char; _Tp = int; _Compare = std::less<char>; _Alloc = std::allocator<std::pair<const char, int> >; std::map<_Key, _Tp, _Compare, _Alloc>::allocator_type = std::allocator<std::pair<const char, int> >]
       map(map&& __m, const allocator_type& __a)
       ^~~
/usr/include/c++/6/bits/stl_map.h:227:7: note:   candidate expects 2 arguments, 1 provided
/usr/include/c++/6/bits/stl_map.h:223:7: note: candidate: std::map<_Key, _Tp, _Compare, _Alloc>::map(const std::map<_Key, _Tp, _Compare, _Alloc>&, const allocator_type&) [with _Key = char; _Tp = int; _Compare = std::less<char>; _Alloc = std::allocator<std::pair<const char, int> >; std::map<_Key, _Tp, _Compare, _Alloc>::allocator_type = std::allocator<std::pair<const char, int> >]
       map(const map& __m, const allocator_type& __a)
       ^~~
/usr/include/c++/6/bits/stl_map.h:223:7: note:   candidate expects 2 arguments, 1 provided
/usr/include/c++/6/bits/stl_map.h:219:7: note: candidate: std::map<_Key, _Tp, _Compare, _Alloc>::map(const allocator_type&) [with _Key = char; _Tp = int; _Compare = std::less<char>; _Alloc = std::allocator<std::pair<const char, int> >; std::map<_Key, _Tp, _Compare, _Alloc>::allocator_type = std::allocator<std::pair<const char, int> >]
       map(const allocator_type& __a)
       ^~~
/usr/include/c++/6/bits/stl_map.h:219:7: note:   no known conversion for argument 1 from ‘int’ to ‘const allocator_type& {aka const std::allocator<std::pair<const char, int> >&}’
/usr/include/c++/6/bits/stl_map.h:211:7: note: candidate: std::map<_Key, _Tp, _Compare, _Alloc>::map(std::initializer_list<std::pair<const _Key, _Tp> >, const _Compare&, const allocator_type&) [with _Key = char; _Tp = int; _Compare = std::less<char>; _Alloc = std::allocator<std::pair<const char, int> >; std::map<_Key, _Tp, _Compare, _Alloc>::allocator_type = std::allocator<std::pair<const char, int> >]
       map(initializer_list<value_type> __l,
       ^~~
/usr/include/c++/6/bits/stl_map.h:211:7: note:   no known conversion for argument 1 from ‘int’ to ‘std::initializer_list<std::pair<const char, int> >’
/usr/include/c++/6/bits/stl_map.h:196:7: note: candidate: std::map<_Key, _Tp, _Compare, _Alloc>::map(std::map<_Key, _Tp, _Compare, _Alloc>&&) [with _Key = char; _Tp = int; _Compare = std::less<char>; _Alloc = std::allocator<std::pair<const char, int> >]
       map(map&& __x)
       ^~~
/usr/include/c++/6/bits/stl_map.h:196:7: note:   no known conversion for argument 1 from ‘int’ to ‘std::map<char, int>&&’
/usr/include/c++/6/bits/stl_map.h:185:7: note: candidate: std::map<_Key, _Tp, _Compare, _Alloc>::map(const std::map<_Key, _Tp, _Compare, _Alloc>&) [with _Key = char; _Tp = int; _Compare = std::less<char>; _Alloc = std::allocator<std::pair<const char, int> >]
       map(const map& __x)
       ^~~
/usr/include/c++/6/bits/stl_map.h:185:7: note:   no known conversion for argument 1 from ‘int’ to ‘const std::map<char, int>&’
/usr/include/c++/6/bits/stl_map.h:174:7: note: candidate: std::map<_Key, _Tp, _Compare, _Alloc>::map(const _Compare&, const allocator_type&) [with _Key = char; _Tp = int; _Compare = std::less<char>; _Alloc = std::allocator<std::pair<const char, int> >; std::map<_Key, _Tp, _Compare, _Alloc>::allocator_type = std::allocator<std::pair<const char, int> >]
       map(const _Compare& __comp,
       ^~~
/usr/include/c++/6/bits/stl_map.h:174:7: note:   no known conversion for argument 1 from ‘int’ to ‘const std::less<char>&’
/usr/include/c++/6/bits/stl_map.h:162:7: note: candidate: std::map<_Key, _Tp, _Compare, _Alloc>::map() [with _Key = char; _Tp = int; _Compare = std::less<char>; _Alloc = std::allocator<std::pair<const char, int> >]
       map()
       ^~~
/usr/include/c++/6/bits/stl_map.h:162:7: note:   candidate expects 0 arguments, 1 provided
../src/IsUnique.cpp:17:5: error: missing template arguments before ‘[’ token
  map['a'] = 0;
     ^
../src/IsUnique.cpp:18:5: error: missing template arguments before ‘[’ token
  map['b'] = 0;
     ^
../src/IsUnique.cpp:19:5: error: missing template arguments before ‘[’ token
  map['c'] = 0;
     ^
../src/IsUnique.cpp:20:5: error: missing template arguments before ‘[’ token
  map['d'] = 0;
     ^
../src/IsUnique.cpp:21:5: error: missing template arguments before ‘[’ token
  map['e'] = 0;
     ^
../src/IsUnique.cpp:22:5: error: missing template arguments before ‘[’ token
  map['f'] = 0;
     ^
../src/IsUnique.cpp:23:5: error: missing template arguments before ‘[’ token
  map['g'] = 0;
     ^
../src/IsUnique.cpp:24:5: error: missing template arguments before ‘[’ token
  map['h'] = 0;
     ^
../src/IsUnique.cpp:26:16: warning: comparison between signed and unsigned integer expressions [-Wsign-compare]
  for(int i=0; i<S.length(); i++)
               ~^~~~~~~~~~~
../src/IsUnique.cpp:29:3: error: expected ‘;’ before ‘{’ token
   {
   ^
../src/IsUnique.cpp:33:1: warning: no return statement in function returning non-void [-Wreturn-type]
 }
 ^
src/subdir.mk:18: recipe for target 'src/IsUnique.o' failed
make: *** [src/IsUnique.o] Error 1
13:12:43 **** Incremental Build of configuration Debug for project IsUnique ****
make all 
Building file: ../src/IsUnique.cpp
Invoking: Cross G++ Compiler
g++ -O0 -g3 -Wall -c -fmessage-length=0 -MMD -MP -MF"src/IsUnique.d" -MT"src/IsUnique.d" -o "src/IsUnique.o" "../src/IsUnique.cpp"
../src/IsUnique.cpp:9:19: error: missing terminating > character
 #include <iostream
                   ^
../src/IsUnique.cpp: In function ‘bool IsUnique(std::__cxx11::string)’:
../src/IsUnique.cpp:15:26: error: no matching function for call to ‘std::map<char, int>::map(int)’
  map<char,int> CharSet(26);
                          ^
In file included from /usr/include/c++/6/map:61:0,
                 from ../src/IsUnique.cpp:10:
/usr/include/c++/6/bits/stl_map.h:273:9: note: candidate: template<class _InputIterator> std::map<_Key, _Tp, _Compare, _Alloc>::map(_InputIterator, _InputIterator, const _Compare&, const allocator_type&)
         map(_InputIterator __first, _InputIterator __last,
         ^~~
/usr/include/c++/6/bits/stl_map.h:273:9: note:   template argument deduction/substitution failed:
../src/IsUnique.cpp:15:26: note:   candidate expects 4 arguments, 1 provided
  map<char,int> CharSet(26);
                          ^
In file included from /usr/include/c++/6/map:61:0,
                 from ../src/IsUnique.cpp:10:
/usr/include/c++/6/bits/stl_map.h:256:9: note: candidate: template<class _InputIterator> std::map<_Key, _Tp, _Compare, _Alloc>::map(_InputIterator, _InputIterator)
         map(_InputIterator __first, _InputIterator __last)
         ^~~
/usr/include/c++/6/bits/stl_map.h:256:9: note:   template argument deduction/substitution failed:
../src/IsUnique.cpp:15:26: note:   candidate expects 2 arguments, 1 provided
  map<char,int> CharSet(26);
                          ^
In file included from /usr/include/c++/6/map:61:0,
                 from ../src/IsUnique.cpp:10:
/usr/include/c++/6/bits/stl_map.h:239:9: note: candidate: template<class _InputIterator> std::map<_Key, _Tp, _Compare, _Alloc>::map(_InputIterator, _InputIterator, const allocator_type&)
         map(_InputIterator __first, _InputIterator __last,
         ^~~
/usr/include/c++/6/bits/stl_map.h:239:9: note:   template argument deduction/substitution failed:
../src/IsUnique.cpp:15:26: note:   candidate expects 3 arguments, 1 provided
  map<char,int> CharSet(26);
                          ^
In file included from /usr/include/c++/6/map:61:0,
                 from ../src/IsUnique.cpp:10:
/usr/include/c++/6/bits/stl_map.h:233:7: note: candidate: std::map<_Key, _Tp, _Compare, _Alloc>::map(std::initializer_list<std::pair<const _Key, _Tp> >, const allocator_type&) [with _Key = char; _Tp = int; _Compare = std::less<char>; _Alloc = std::allocator<std::pair<const char, int> >; std::map<_Key, _Tp, _Compare, _Alloc>::allocator_type = std::allocator<std::pair<const char, int> >]
       map(initializer_list<value_type> __l, const allocator_type& __a)
       ^~~
/usr/include/c++/6/bits/stl_map.h:233:7: note:   candidate expects 2 arguments, 1 provided
/usr/include/c++/6/bits/stl_map.h:227:7: note: candidate: std::map<_Key, _Tp, _Compare, _Alloc>::map(std::map<_Key, _Tp, _Compare, _Alloc>&&, const allocator_type&) [with _Key = char; _Tp = int; _Compare = std::less<char>; _Alloc = std::allocator<std::pair<const char, int> >; std::map<_Key, _Tp, _Compare, _Alloc>::allocator_type = std::allocator<std::pair<const char, int> >]
       map(map&& __m, const allocator_type& __a)
       ^~~
/usr/include/c++/6/bits/stl_map.h:227:7: note:   candidate expects 2 arguments, 1 provided
/usr/include/c++/6/bits/stl_map.h:223:7: note: candidate: std::map<_Key, _Tp, _Compare, _Alloc>::map(const std::map<_Key, _Tp, _Compare, _Alloc>&, const allocator_type&) [with _Key = char; _Tp = int; _Compare = std::less<char>; _Alloc = std::allocator<std::pair<const char, int> >; std::map<_Key, _Tp, _Compare, _Alloc>::allocator_type = std::allocator<std::pair<const char, int> >]
       map(const map& __m, const allocator_type& __a)
       ^~~
/usr/include/c++/6/bits/stl_map.h:223:7: note:   candidate expects 2 arguments, 1 provided
/usr/include/c++/6/bits/stl_map.h:219:7: note: candidate: std::map<_Key, _Tp, _Compare, _Alloc>::map(const allocator_type&) [with _Key = char; _Tp = int; _Compare = std::less<char>; _Alloc = std::allocator<std::pair<const char, int> >; std::map<_Key, _Tp, _Compare, _Alloc>::allocator_type = std::allocator<std::pair<const char, int> >]
       map(const allocator_type& __a)
       ^~~
/usr/include/c++/6/bits/stl_map.h:219:7: note:   no known conversion for argument 1 from ‘int’ to ‘const allocator_type& {aka const std::allocator<std::pair<const char, int> >&}’
/usr/include/c++/6/bits/stl_map.h:211:7: note: candidate: std::map<_Key, _Tp, _Compare, _Alloc>::map(std::initializer_list<std::pair<const _Key, _Tp> >, const _Compare&, const allocator_type&) [with _Key = char; _Tp = int; _Compare = std::less<char>; _Alloc = std::allocator<std::pair<const char, int> >; std::map<_Key, _Tp, _Compare, _Alloc>::allocator_type = std::allocator<std::pair<const char, int> >]
       map(initializer_list<value_type> __l,
       ^~~
/usr/include/c++/6/bits/stl_map.h:211:7: note:   no known conversion for argument 1 from ‘int’ to ‘std::initializer_list<std::pair<const char, int> >’
/usr/include/c++/6/bits/stl_map.h:196:7: note: candidate: std::map<_Key, _Tp, _Compare, _Alloc>::map(std::map<_Key, _Tp, _Compare, _Alloc>&&) [with _Key = char; _Tp = int; _Compare = std::less<char>; _Alloc = std::allocator<std::pair<const char, int> >]
       map(map&& __x)
       ^~~
/usr/include/c++/6/bits/stl_map.h:196:7: note:   no known conversion for argument 1 from ‘int’ to ‘std::map<char, int>&&’
/usr/include/c++/6/bits/stl_map.h:185:7: note: candidate: std::map<_Key, _Tp, _Compare, _Alloc>::map(const std::map<_Key, _Tp, _Compare, _Alloc>&) [with _Key = char; _Tp = int; _Compare = std::less<char>; _Alloc = std::allocator<std::pair<const char, int> >]
       map(const map& __x)
       ^~~
/usr/include/c++/6/bits/stl_map.h:185:7: note:   no known conversion for argument 1 from ‘int’ to ‘const std::map<char, int>&’
/usr/include/c++/6/bits/stl_map.h:174:7: note: candidate: std::map<_Key, _Tp, _Compare, _Alloc>::map(const _Compare&, const allocator_type&) [with _Key = char; _Tp = int; _Compare = std::less<char>; _Alloc = std::allocator<std::pair<const char, int> >; std::map<_Key, _Tp, _Compare, _Alloc>::allocator_type = std::allocator<std::pair<const char, int> >]
       map(const _Compare& __comp,
       ^~~
/usr/include/c++/6/bits/stl_map.h:174:7: note:   no known conversion for argument 1 from ‘int’ to ‘const std::less<char>&’
/usr/include/c++/6/bits/stl_map.h:162:7: note: candidate: std::map<_Key, _Tp, _Compare, _Alloc>::map() [with _Key = char; _Tp = int; _Compare = std::less<char>; _Alloc = std::allocator<std::pair<const char, int> >]
       map()
       ^~~
/usr/include/c++/6/bits/stl_map.h:162:7: note:   candidate expects 0 arguments, 1 provided
../src/IsUnique.cpp:17:5: error: missing template arguments before ‘[’ token
  map['a'] = 0;
     ^
../src/IsUnique.cpp:18:5: error: missing template arguments before ‘[’ token
  map['b'] = 0;
     ^
../src/IsUnique.cpp:19:5: error: missing template arguments before ‘[’ token
  map['c'] = 0;
     ^
../src/IsUnique.cpp:20:5: error: missing template arguments before ‘[’ token
  map['d'] = 0;
     ^
../src/IsUnique.cpp:21:5: error: missing template arguments before ‘[’ token
  map['e'] = 0;
     ^
../src/IsUnique.cpp:22:5: error: missing template arguments before ‘[’ token
  map['f'] = 0;
     ^
../src/IsUnique.cpp:23:5: error: missing template arguments before ‘[’ token
  map['g'] = 0;
     ^
../src/IsUnique.cpp:24:5: error: missing template arguments before ‘[’ token
  map['h'] = 0;
     ^
../src/IsUnique.cpp:26:16: warning: comparison between signed and unsigned integer expressions [-Wsign-compare]
  for(int i=0; i<S.length(); i++)
               ~^~~~~~~~~~~
../src/IsUnique.cpp:30:13: error: no match for ‘operator[]’ (operand types are ‘std::map<char, int>’ and ‘std::map<char, int>::iterator {aka std::_Rb_tree_iterator<std::pair<const char, int> >}’)
   if(CharSet[it] < 1)
             ^
In file included from /usr/include/c++/6/map:61:0,
                 from ../src/IsUnique.cpp:10:
/usr/include/c++/6/bits/stl_map.h:474:7: note: candidate: std::map<_Key, _Tp, _Compare, _Alloc>::mapped_type& std::map<_Key, _Tp, _Compare, _Alloc>::operator[](const key_type&) [with _Key = char; _Tp = int; _Compare = std::less<char>; _Alloc = std::allocator<std::pair<const char, int> >; std::map<_Key, _Tp, _Compare, _Alloc>::mapped_type = int; std::map<_Key, _Tp, _Compare, _Alloc>::key_type = char]
       operator[](const key_type& __k)
       ^~~~~~~~
/usr/include/c++/6/bits/stl_map.h:474:7: note:   no known conversion for argument 1 from ‘std::map<char, int>::iterator {aka std::_Rb_tree_iterator<std::pair<const char, int> >}’ to ‘const key_type& {aka const char&}’
/usr/include/c++/6/bits/stl_map.h:494:7: note: candidate: std::map<_Key, _Tp, _Compare, _Alloc>::mapped_type& std::map<_Key, _Tp, _Compare, _Alloc>::operator[](std::map<_Key, _Tp, _Compare, _Alloc>::key_type&&) [with _Key = char; _Tp = int; _Compare = std::less<char>; _Alloc = std::allocator<std::pair<const char, int> >; std::map<_Key, _Tp, _Compare, _Alloc>::mapped_type = int; std::map<_Key, _Tp, _Compare, _Alloc>::key_type = char]
       operator[](key_type&& __k)
       ^~~~~~~~
/usr/include/c++/6/bits/stl_map.h:494:7: note:   no known conversion for argument 1 from ‘std::map<char, int>::iterator {aka std::_Rb_tree_iterator<std::pair<const char, int> >}’ to ‘std::map<char, int>::key_type&& {aka char&&}’
../src/IsUnique.cpp:32:11: error: no match for ‘operator[]’ (operand types are ‘std::map<char, int>’ and ‘std::map<char, int>::iterator {aka std::_Rb_tree_iterator<std::pair<const char, int> >}’)
    CharSet[it] = CharSet[it] + 1;
           ^
In file included from /usr/include/c++/6/map:61:0,
                 from ../src/IsUnique.cpp:10:
/usr/include/c++/6/bits/stl_map.h:474:7: note: candidate: std::map<_Key, _Tp, _Compare, _Alloc>::mapped_type& std::map<_Key, _Tp, _Compare, _Alloc>::operator[](const key_type&) [with _Key = char; _Tp = int; _Compare = std::less<char>; _Alloc = std::allocator<std::pair<const char, int> >; std::map<_Key, _Tp, _Compare, _Alloc>::mapped_type = int; std::map<_Key, _Tp, _Compare, _Alloc>::key_type = char]
       operator[](const key_type& __k)
       ^~~~~~~~
/usr/include/c++/6/bits/stl_map.h:474:7: note:   no known conversion for argument 1 from ‘std::map<char, int>::iterator {aka std::_Rb_tree_iterator<std::pair<const char, int> >}’ to ‘const key_type& {aka const char&}’
/usr/include/c++/6/bits/stl_map.h:494:7: note: candidate: std::map<_Key, _Tp, _Compare, _Alloc>::mapped_type& std::map<_Key, _Tp, _Compare, _Alloc>::operator[](std::map<_Key, _Tp, _Compare, _Alloc>::key_type&&) [with _Key = char; _Tp = int; _Compare = std::less<char>; _Alloc = std::allocator<std::pair<const char, int> >; std::map<_Key, _Tp, _Compare, _Alloc>::mapped_type = int; std::map<_Key, _Tp, _Compare, _Alloc>::key_type = char]
       operator[](key_type&& __k)
       ^~~~~~~~
/usr/include/c++/6/bits/stl_map.h:494:7: note:   no known conversion for argument 1 from ‘std::map<char, int>::iterator {aka std::_Rb_tree_iterator<std::pair<const char, int> >}’ to ‘std::map<char, int>::key_type&& {aka char&&}’
../src/IsUnique.cpp:32:25: error: no match for ‘operator[]’ (operand types are ‘std::map<char, int>’ and ‘std::map<char, int>::iterator {aka std::_Rb_tree_iterator<std::pair<const char, int> >}’)
    CharSet[it] = CharSet[it] + 1;
                         ^
In file included from /usr/include/c++/6/map:61:0,
                 from ../src/IsUnique.cpp:10:
/usr/include/c++/6/bits/stl_map.h:474:7: note: candidate: std::map<_Key, _Tp, _Compare, _Alloc>::mapped_type& std::map<_Key, _Tp, _Compare, _Alloc>::operator[](const key_type&) [with _Key = char; _Tp = int; _Compare = std::less<char>; _Alloc = std::allocator<std::pair<const char, int> >; std::map<_Key, _Tp, _Compare, _Alloc>::mapped_type = int; std::map<_Key, _Tp, _Compare, _Alloc>::key_type = char]
       operator[](const key_type& __k)
       ^~~~~~~~
/usr/include/c++/6/bits/stl_map.h:474:7: note:   no known conversion for argument 1 from ‘std::map<char, int>::iterator {aka std::_Rb_tree_iterator<std::pair<const char, int> >}’ to ‘const key_type& {aka const char&}’
/usr/include/c++/6/bits/stl_map.h:494:7: note: candidate: std::map<_Key, _Tp, _Compare, _Alloc>::mapped_type& std::map<_Key, _Tp, _Compare, _Alloc>::operator[](std::map<_Key, _Tp, _Compare, _Alloc>::key_type&&) [with _Key = char; _Tp = int; _Compare = std::less<char>; _Alloc = std::allocator<std::pair<const char, int> >; std::map<_Key, _Tp, _Compare, _Alloc>::mapped_type = int; std::map<_Key, _Tp, _Compare, _Alloc>::key_type = char]
       operator[](key_type&& __k)
       ^~~~~~~~
/usr/include/c++/6/bits/stl_map.h:494:7: note:   no known conversion for argument 1 from ‘std::map<char, int>::iterator {aka std::_Rb_tree_iterator<std::pair<const char, int> >}’ to ‘std::map<char, int>::key_type&& {aka char&&}’
../src/IsUnique.cpp:35:1: warning: no return statement in function returning non-void [-Wreturn-type]
 }
 ^
src/subdir.mk:18: recipe for target 'src/IsUnique.o' failed
make: *** [src/IsUnique.o] Error 1
13:13:01 **** Incremental Build of configuration Debug for project IsUnique ****
make all 
Building file: ../src/IsUnique.cpp
Invoking: Cross G++ Compiler
g++ -O0 -g3 -Wall -c -fmessage-length=0 -MMD -MP -MF"src/IsUnique.d" -MT"src/IsUnique.d" -o "src/IsUnique.o" "../src/IsUnique.cpp"
../src/IsUnique.cpp: In function ‘bool IsUnique(std::__cxx11::string)’:
../src/IsUnique.cpp:15:26: error: no matching function for call to ‘std::map<char, int>::map(int)’
  map<char,int> CharSet(26);
                          ^
In file included from /usr/include/c++/6/map:61:0,
                 from ../src/IsUnique.cpp:10:
/usr/include/c++/6/bits/stl_map.h:273:9: note: candidate: template<class _InputIterator> std::map<_Key, _Tp, _Compare, _Alloc>::map(_InputIterator, _InputIterator, const _Compare&, const allocator_type&)
         map(_InputIterator __first, _InputIterator __last,
         ^~~
/usr/include/c++/6/bits/stl_map.h:273:9: note:   template argument deduction/substitution failed:
../src/IsUnique.cpp:15:26: note:   candidate expects 4 arguments, 1 provided
  map<char,int> CharSet(26);
                          ^
In file included from /usr/include/c++/6/map:61:0,
                 from ../src/IsUnique.cpp:10:
/usr/include/c++/6/bits/stl_map.h:256:9: note: candidate: template<class _InputIterator> std::map<_Key, _Tp, _Compare, _Alloc>::map(_InputIterator, _InputIterator)
         map(_InputIterator __first, _InputIterator __last)
         ^~~
/usr/include/c++/6/bits/stl_map.h:256:9: note:   template argument deduction/substitution failed:
../src/IsUnique.cpp:15:26: note:   candidate expects 2 arguments, 1 provided
  map<char,int> CharSet(26);
                          ^
In file included from /usr/include/c++/6/map:61:0,
                 from ../src/IsUnique.cpp:10:
/usr/include/c++/6/bits/stl_map.h:239:9: note: candidate: template<class _InputIterator> std::map<_Key, _Tp, _Compare, _Alloc>::map(_InputIterator, _InputIterator, const allocator_type&)
         map(_InputIterator __first, _InputIterator __last,
         ^~~
/usr/include/c++/6/bits/stl_map.h:239:9: note:   template argument deduction/substitution failed:
../src/IsUnique.cpp:15:26: note:   candidate expects 3 arguments, 1 provided
  map<char,int> CharSet(26);
                          ^
In file included from /usr/include/c++/6/map:61:0,
                 from ../src/IsUnique.cpp:10:
/usr/include/c++/6/bits/stl_map.h:233:7: note: candidate: std::map<_Key, _Tp, _Compare, _Alloc>::map(std::initializer_list<std::pair<const _Key, _Tp> >, const allocator_type&) [with _Key = char; _Tp = int; _Compare = std::less<char>; _Alloc = std::allocator<std::pair<const char, int> >; std::map<_Key, _Tp, _Compare, _Alloc>::allocator_type = std::allocator<std::pair<const char, int> >]
       map(initializer_list<value_type> __l, const allocator_type& __a)
       ^~~
/usr/include/c++/6/bits/stl_map.h:233:7: note:   candidate expects 2 arguments, 1 provided
/usr/include/c++/6/bits/stl_map.h:227:7: note: candidate: std::map<_Key, _Tp, _Compare, _Alloc>::map(std::map<_Key, _Tp, _Compare, _Alloc>&&, const allocator_type&) [with _Key = char; _Tp = int; _Compare = std::less<char>; _Alloc = std::allocator<std::pair<const char, int> >; std::map<_Key, _Tp, _Compare, _Alloc>::allocator_type = std::allocator<std::pair<const char, int> >]
       map(map&& __m, const allocator_type& __a)
       ^~~
/usr/include/c++/6/bits/stl_map.h:227:7: note:   candidate expects 2 arguments, 1 provided
/usr/include/c++/6/bits/stl_map.h:223:7: note: candidate: std::map<_Key, _Tp, _Compare, _Alloc>::map(const std::map<_Key, _Tp, _Compare, _Alloc>&, const allocator_type&) [with _Key = char; _Tp = int; _Compare = std::less<char>; _Alloc = std::allocator<std::pair<const char, int> >; std::map<_Key, _Tp, _Compare, _Alloc>::allocator_type = std::allocator<std::pair<const char, int> >]
       map(const map& __m, const allocator_type& __a)
       ^~~
/usr/include/c++/6/bits/stl_map.h:223:7: note:   candidate expects 2 arguments, 1 provided
/usr/include/c++/6/bits/stl_map.h:219:7: note: candidate: std::map<_Key, _Tp, _Compare, _Alloc>::map(const allocator_type&) [with _Key = char; _Tp = int; _Compare = std::less<char>; _Alloc = std::allocator<std::pair<const char, int> >; std::map<_Key, _Tp, _Compare, _Alloc>::allocator_type = std::allocator<std::pair<const char, int> >]
       map(const allocator_type& __a)
       ^~~
/usr/include/c++/6/bits/stl_map.h:219:7: note:   no known conversion for argument 1 from ‘int’ to ‘const allocator_type& {aka const std::allocator<std::pair<const char, int> >&}’
/usr/include/c++/6/bits/stl_map.h:211:7: note: candidate: std::map<_Key, _Tp, _Compare, _Alloc>::map(std::initializer_list<std::pair<const _Key, _Tp> >, const _Compare&, const allocator_type&) [with _Key = char; _Tp = int; _Compare = std::less<char>; _Alloc = std::allocator<std::pair<const char, int> >; std::map<_Key, _Tp, _Compare, _Alloc>::allocator_type = std::allocator<std::pair<const char, int> >]
       map(initializer_list<value_type> __l,
       ^~~
/usr/include/c++/6/bits/stl_map.h:211:7: note:   no known conversion for argument 1 from ‘int’ to ‘std::initializer_list<std::pair<const char, int> >’
/usr/include/c++/6/bits/stl_map.h:196:7: note: candidate: std::map<_Key, _Tp, _Compare, _Alloc>::map(std::map<_Key, _Tp, _Compare, _Alloc>&&) [with _Key = char; _Tp = int; _Compare = std::less<char>; _Alloc = std::allocator<std::pair<const char, int> >]
       map(map&& __x)
       ^~~
/usr/include/c++/6/bits/stl_map.h:196:7: note:   no known conversion for argument 1 from ‘int’ to ‘std::map<char, int>&&’
/usr/include/c++/6/bits/stl_map.h:185:7: note: candidate: std::map<_Key, _Tp, _Compare, _Alloc>::map(const std::map<_Key, _Tp, _Compare, _Alloc>&) [with _Key = char; _Tp = int; _Compare = std::less<char>; _Alloc = std::allocator<std::pair<const char, int> >]
       map(const map& __x)
       ^~~
/usr/include/c++/6/bits/stl_map.h:185:7: note:   no known conversion for argument 1 from ‘int’ to ‘const std::map<char, int>&’
/usr/include/c++/6/bits/stl_map.h:174:7: note: candidate: std::map<_Key, _Tp, _Compare, _Alloc>::map(const _Compare&, const allocator_type&) [with _Key = char; _Tp = int; _Compare = std::less<char>; _Alloc = std::allocator<std::pair<const char, int> >; std::map<_Key, _Tp, _Compare, _Alloc>::allocator_type = std::allocator<std::pair<const char, int> >]
       map(const _Compare& __comp,
       ^~~
/usr/include/c++/6/bits/stl_map.h:174:7: note:   no known conversion for argument 1 from ‘int’ to ‘const std::less<char>&’
/usr/include/c++/6/bits/stl_map.h:162:7: note: candidate: std::map<_Key, _Tp, _Compare, _Alloc>::map() [with _Key = char; _Tp = int; _Compare = std::less<char>; _Alloc = std::allocator<std::pair<const char, int> >]
       map()
       ^~~
/usr/include/c++/6/bits/stl_map.h:162:7: note:   candidate expects 0 arguments, 1 provided
../src/IsUnique.cpp:17:5: error: missing template arguments before ‘[’ token
  map['a'] = 0;
     ^
../src/IsUnique.cpp:18:5: error: missing template arguments before ‘[’ token
  map['b'] = 0;
     ^
../src/IsUnique.cpp:19:5: error: missing template arguments before ‘[’ token
  map['c'] = 0;
     ^
../src/IsUnique.cpp:20:5: error: missing template arguments before ‘[’ token
  map['d'] = 0;
     ^
../src/IsUnique.cpp:21:5: error: missing template arguments before ‘[’ token
  map['e'] = 0;
     ^
../src/IsUnique.cpp:22:5: error: missing template arguments before ‘[’ token
  map['f'] = 0;
     ^
../src/IsUnique.cpp:23:5: error: missing template arguments before ‘[’ token
  map['g'] = 0;
     ^
../src/IsUnique.cpp:24:5: error: missing template arguments before ‘[’ token
  map['h'] = 0;
     ^
../src/IsUnique.cpp:26:16: warning: comparison between signed and unsigned integer expressions [-Wsign-compare]
  for(int i=0; i<S.length(); i++)
               ~^~~~~~~~~~~
../src/IsUnique.cpp:30:13: error: no match for ‘operator[]’ (operand types are ‘std::map<char, int>’ and ‘std::map<char, int>::iterator {aka std::_Rb_tree_iterator<std::pair<const char, int> >}’)
   if(CharSet[it] < 1)
             ^
In file included from /usr/include/c++/6/map:61:0,
                 from ../src/IsUnique.cpp:10:
/usr/include/c++/6/bits/stl_map.h:474:7: note: candidate: std::map<_Key, _Tp, _Compare, _Alloc>::mapped_type& std::map<_Key, _Tp, _Compare, _Alloc>::operator[](const key_type&) [with _Key = char; _Tp = int; _Compare = std::less<char>; _Alloc = std::allocator<std::pair<const char, int> >; std::map<_Key, _Tp, _Compare, _Alloc>::mapped_type = int; std::map<_Key, _Tp, _Compare, _Alloc>::key_type = char]
       operator[](const key_type& __k)
       ^~~~~~~~
/usr/include/c++/6/bits/stl_map.h:474:7: note:   no known conversion for argument 1 from ‘std::map<char, int>::iterator {aka std::_Rb_tree_iterator<std::pair<const char, int> >}’ to ‘const key_type& {aka const char&}’
/usr/include/c++/6/bits/stl_map.h:494:7: note: candidate: std::map<_Key, _Tp, _Compare, _Alloc>::mapped_type& std::map<_Key, _Tp, _Compare, _Alloc>::operator[](std::map<_Key, _Tp, _Compare, _Alloc>::key_type&&) [with _Key = char; _Tp = int; _Compare = std::less<char>; _Alloc = std::allocator<std::pair<const char, int> >; std::map<_Key, _Tp, _Compare, _Alloc>::mapped_type = int; std::map<_Key, _Tp, _Compare, _Alloc>::key_type = char]
       operator[](key_type&& __k)
       ^~~~~~~~
/usr/include/c++/6/bits/stl_map.h:494:7: note:   no known conversion for argument 1 from ‘std::map<char, int>::iterator {aka std::_Rb_tree_iterator<std::pair<const char, int> >}’ to ‘std::map<char, int>::key_type&& {aka char&&}’
../src/IsUnique.cpp:32:11: error: no match for ‘operator[]’ (operand types are ‘std::map<char, int>’ and ‘std::map<char, int>::iterator {aka std::_Rb_tree_iterator<std::pair<const char, int> >}’)
    CharSet[it] = CharSet[it] + 1;
           ^
In file included from /usr/include/c++/6/map:61:0,
                 from ../src/IsUnique.cpp:10:
/usr/include/c++/6/bits/stl_map.h:474:7: note: candidate: std::map<_Key, _Tp, _Compare, _Alloc>::mapped_type& std::map<_Key, _Tp, _Compare, _Alloc>::operator[](const key_type&) [with _Key = char; _Tp = int; _Compare = std::less<char>; _Alloc = std::allocator<std::pair<const char, int> >; std::map<_Key, _Tp, _Compare, _Alloc>::mapped_type = int; std::map<_Key, _Tp, _Compare, _Alloc>::key_type = char]
       operator[](const key_type& __k)
       ^~~~~~~~
/usr/include/c++/6/bits/stl_map.h:474:7: note:   no known conversion for argument 1 from ‘std::map<char, int>::iterator {aka std::_Rb_tree_iterator<std::pair<const char, int> >}’ to ‘const key_type& {aka const char&}’
/usr/include/c++/6/bits/stl_map.h:494:7: note: candidate: std::map<_Key, _Tp, _Compare, _Alloc>::mapped_type& std::map<_Key, _Tp, _Compare, _Alloc>::operator[](std::map<_Key, _Tp, _Compare, _Alloc>::key_type&&) [with _Key = char; _Tp = int; _Compare = std::less<char>; _Alloc = std::allocator<std::pair<const char, int> >; std::map<_Key, _Tp, _Compare, _Alloc>::mapped_type = int; std::map<_Key, _Tp, _Compare, _Alloc>::key_type = char]
       operator[](key_type&& __k)
       ^~~~~~~~
/usr/include/c++/6/bits/stl_map.h:494:7: note:   no known conversion for argument 1 from ‘std::map<char, int>::iterator {aka std::_Rb_tree_iterator<std::pair<const char, int> >}’ to ‘std::map<char, int>::key_type&& {aka char&&}’
../src/IsUnique.cpp:32:25: error: no match for ‘operator[]’ (operand types are ‘std::map<char, int>’ and ‘std::map<char, int>::iterator {aka std::_Rb_tree_iterator<std::pair<const char, int> >}’)
    CharSet[it] = CharSet[it] + 1;
                         ^
In file included from /usr/include/c++/6/map:61:0,
                 from ../src/IsUnique.cpp:10:
/usr/include/c++/6/bits/stl_map.h:474:7: note: candidate: std::map<_Key, _Tp, _Compare, _Alloc>::mapped_type& std::map<_Key, _Tp, _Compare, _Alloc>::operator[](const key_type&) [with _Key = char; _Tp = int; _Compare = std::less<char>; _Alloc = std::allocator<std::pair<const char, int> >; std::map<_Key, _Tp, _Compare, _Alloc>::mapped_type = int; std::map<_Key, _Tp, _Compare, _Alloc>::key_type = char]
       operator[](const key_type& __k)
       ^~~~~~~~
/usr/include/c++/6/bits/stl_map.h:474:7: note:   no known conversion for argument 1 from ‘std::map<char, int>::iterator {aka std::_Rb_tree_iterator<std::pair<const char, int> >}’ to ‘const key_type& {aka const char&}’
/usr/include/c++/6/bits/stl_map.h:494:7: note: candidate: std::map<_Key, _Tp, _Compare, _Alloc>::mapped_type& std::map<_Key, _Tp, _Compare, _Alloc>::operator[](std::map<_Key, _Tp, _Compare, _Alloc>::key_type&&) [with _Key = char; _Tp = int; _Compare = std::less<char>; _Alloc = std::allocator<std::pair<const char, int> >; std::map<_Key, _Tp, _Compare, _Alloc>::mapped_type = int; std::map<_Key, _Tp, _Compare, _Alloc>::key_type = char]
       operator[](key_type&& __k)
       ^~~~~~~~
/usr/include/c++/6/bits/stl_map.h:494:7: note:   no known conversion for argument 1 from ‘std::map<char, int>::iterator {aka std::_Rb_tree_iterator<std::pair<const char, int> >}’ to ‘std::map<char, int>::key_type&& {aka char&&}’
../src/IsUnique.cpp:35:1: warning: no return statement in function returning non-void [-Wreturn-type]
 }
 ^
src/subdir.mk:18: recipe for target 'src/IsUnique.o' failed
make: *** [src/IsUnique.o] Error 1
13:13:36 **** Incremental Build of configuration Debug for project IsUnique ****
make all 
Building file: ../src/IsUnique.cpp
Invoking: Cross G++ Compiler
g++ -O0 -g3 -Wall -c -fmessage-length=0 -MMD -MP -MF"src/IsUnique.d" -MT"src/IsUnique.d" -o "src/IsUnique.o" "../src/IsUnique.cpp"
../src/IsUnique.cpp: In function ‘bool IsUnique(std::__cxx11::string)’:
../src/IsUnique.cpp:15:26: error: no matching function for call to ‘std::map<char, int>::map(int)’
  map<char,int> CharSet(26);
                          ^
In file included from /usr/include/c++/6/map:61:0,
                 from ../src/IsUnique.cpp:10:
/usr/include/c++/6/bits/stl_map.h:273:9: note: candidate: template<class _InputIterator> std::map<_Key, _Tp, _Compare, _Alloc>::map(_InputIterator, _InputIterator, const _Compare&, const allocator_type&)
         map(_InputIterator __first, _InputIterator __last,
         ^~~
/usr/include/c++/6/bits/stl_map.h:273:9: note:   template argument deduction/substitution failed:
../src/IsUnique.cpp:15:26: note:   candidate expects 4 arguments, 1 provided
  map<char,int> CharSet(26);
                          ^
In file included from /usr/include/c++/6/map:61:0,
                 from ../src/IsUnique.cpp:10:
/usr/include/c++/6/bits/stl_map.h:256:9: note: candidate: template<class _InputIterator> std::map<_Key, _Tp, _Compare, _Alloc>::map(_InputIterator, _InputIterator)
         map(_InputIterator __first, _InputIterator __last)
         ^~~
/usr/include/c++/6/bits/stl_map.h:256:9: note:   template argument deduction/substitution failed:
../src/IsUnique.cpp:15:26: note:   candidate expects 2 arguments, 1 provided
  map<char,int> CharSet(26);
                          ^
In file included from /usr/include/c++/6/map:61:0,
                 from ../src/IsUnique.cpp:10:
/usr/include/c++/6/bits/stl_map.h:239:9: note: candidate: template<class _InputIterator> std::map<_Key, _Tp, _Compare, _Alloc>::map(_InputIterator, _InputIterator, const allocator_type&)
         map(_InputIterator __first, _InputIterator __last,
         ^~~
/usr/include/c++/6/bits/stl_map.h:239:9: note:   template argument deduction/substitution failed:
../src/IsUnique.cpp:15:26: note:   candidate expects 3 arguments, 1 provided
  map<char,int> CharSet(26);
                          ^
In file included from /usr/include/c++/6/map:61:0,
                 from ../src/IsUnique.cpp:10:
/usr/include/c++/6/bits/stl_map.h:233:7: note: candidate: std::map<_Key, _Tp, _Compare, _Alloc>::map(std::initializer_list<std::pair<const _Key, _Tp> >, const allocator_type&) [with _Key = char; _Tp = int; _Compare = std::less<char>; _Alloc = std::allocator<std::pair<const char, int> >; std::map<_Key, _Tp, _Compare, _Alloc>::allocator_type = std::allocator<std::pair<const char, int> >]
       map(initializer_list<value_type> __l, const allocator_type& __a)
       ^~~
/usr/include/c++/6/bits/stl_map.h:233:7: note:   candidate expects 2 arguments, 1 provided
/usr/include/c++/6/bits/stl_map.h:227:7: note: candidate: std::map<_Key, _Tp, _Compare, _Alloc>::map(std::map<_Key, _Tp, _Compare, _Alloc>&&, const allocator_type&) [with _Key = char; _Tp = int; _Compare = std::less<char>; _Alloc = std::allocator<std::pair<const char, int> >; std::map<_Key, _Tp, _Compare, _Alloc>::allocator_type = std::allocator<std::pair<const char, int> >]
       map(map&& __m, const allocator_type& __a)
       ^~~
/usr/include/c++/6/bits/stl_map.h:227:7: note:   candidate expects 2 arguments, 1 provided
/usr/include/c++/6/bits/stl_map.h:223:7: note: candidate: std::map<_Key, _Tp, _Compare, _Alloc>::map(const std::map<_Key, _Tp, _Compare, _Alloc>&, const allocator_type&) [with _Key = char; _Tp = int; _Compare = std::less<char>; _Alloc = std::allocator<std::pair<const char, int> >; std::map<_Key, _Tp, _Compare, _Alloc>::allocator_type = std::allocator<std::pair<const char, int> >]
       map(const map& __m, const allocator_type& __a)
       ^~~
/usr/include/c++/6/bits/stl_map.h:223:7: note:   candidate expects 2 arguments, 1 provided
/usr/include/c++/6/bits/stl_map.h:219:7: note: candidate: std::map<_Key, _Tp, _Compare, _Alloc>::map(const allocator_type&) [with _Key = char; _Tp = int; _Compare = std::less<char>; _Alloc = std::allocator<std::pair<const char, int> >; std::map<_Key, _Tp, _Compare, _Alloc>::allocator_type = std::allocator<std::pair<const char, int> >]
       map(const allocator_type& __a)
       ^~~
/usr/include/c++/6/bits/stl_map.h:219:7: note:   no known conversion for argument 1 from ‘int’ to ‘const allocator_type& {aka const std::allocator<std::pair<const char, int> >&}’
/usr/include/c++/6/bits/stl_map.h:211:7: note: candidate: std::map<_Key, _Tp, _Compare, _Alloc>::map(std::initializer_list<std::pair<const _Key, _Tp> >, const _Compare&, const allocator_type&) [with _Key = char; _Tp = int; _Compare = std::less<char>; _Alloc = std::allocator<std::pair<const char, int> >; std::map<_Key, _Tp, _Compare, _Alloc>::allocator_type = std::allocator<std::pair<const char, int> >]
       map(initializer_list<value_type> __l,
       ^~~
/usr/include/c++/6/bits/stl_map.h:211:7: note:   no known conversion for argument 1 from ‘int’ to ‘std::initializer_list<std::pair<const char, int> >’
/usr/include/c++/6/bits/stl_map.h:196:7: note: candidate: std::map<_Key, _Tp, _Compare, _Alloc>::map(std::map<_Key, _Tp, _Compare, _Alloc>&&) [with _Key = char; _Tp = int; _Compare = std::less<char>; _Alloc = std::allocator<std::pair<const char, int> >]
       map(map&& __x)
       ^~~
/usr/include/c++/6/bits/stl_map.h:196:7: note:   no known conversion for argument 1 from ‘int’ to ‘std::map<char, int>&&’
/usr/include/c++/6/bits/stl_map.h:185:7: note: candidate: std::map<_Key, _Tp, _Compare, _Alloc>::map(const std::map<_Key, _Tp, _Compare, _Alloc>&) [with _Key = char; _Tp = int; _Compare = std::less<char>; _Alloc = std::allocator<std::pair<const char, int> >]
       map(const map& __x)
       ^~~
/usr/include/c++/6/bits/stl_map.h:185:7: note:   no known conversion for argument 1 from ‘int’ to ‘const std::map<char, int>&’
/usr/include/c++/6/bits/stl_map.h:174:7: note: candidate: std::map<_Key, _Tp, _Compare, _Alloc>::map(const _Compare&, const allocator_type&) [with _Key = char; _Tp = int; _Compare = std::less<char>; _Alloc = std::allocator<std::pair<const char, int> >; std::map<_Key, _Tp, _Compare, _Alloc>::allocator_type = std::allocator<std::pair<const char, int> >]
       map(const _Compare& __comp,
       ^~~
/usr/include/c++/6/bits/stl_map.h:174:7: note:   no known conversion for argument 1 from ‘int’ to ‘const std::less<char>&’
/usr/include/c++/6/bits/stl_map.h:162:7: note: candidate: std::map<_Key, _Tp, _Compare, _Alloc>::map() [with _Key = char; _Tp = int; _Compare = std::less<char>; _Alloc = std::allocator<std::pair<const char, int> >]
       map()
       ^~~
/usr/include/c++/6/bits/stl_map.h:162:7: note:   candidate expects 0 arguments, 1 provided
../src/IsUnique.cpp:26:16: warning: comparison between signed and unsigned integer expressions [-Wsign-compare]
  for(int i=0; i<S.length(); i++)
               ~^~~~~~~~~~~
../src/IsUnique.cpp:30:13: error: no match for ‘operator[]’ (operand types are ‘std::map<char, int>’ and ‘std::map<char, int>::iterator {aka std::_Rb_tree_iterator<std::pair<const char, int> >}’)
   if(CharSet[it] < 1)
             ^
In file included from /usr/include/c++/6/map:61:0,
                 from ../src/IsUnique.cpp:10:
/usr/include/c++/6/bits/stl_map.h:474:7: note: candidate: std::map<_Key, _Tp, _Compare, _Alloc>::mapped_type& std::map<_Key, _Tp, _Compare, _Alloc>::operator[](const key_type&) [with _Key = char; _Tp = int; _Compare = std::less<char>; _Alloc = std::allocator<std::pair<const char, int> >; std::map<_Key, _Tp, _Compare, _Alloc>::mapped_type = int; std::map<_Key, _Tp, _Compare, _Alloc>::key_type = char]
       operator[](const key_type& __k)
       ^~~~~~~~
/usr/include/c++/6/bits/stl_map.h:474:7: note:   no known conversion for argument 1 from ‘std::map<char, int>::iterator {aka std::_Rb_tree_iterator<std::pair<const char, int> >}’ to ‘const key_type& {aka const char&}’
/usr/include/c++/6/bits/stl_map.h:494:7: note: candidate: std::map<_Key, _Tp, _Compare, _Alloc>::mapped_type& std::map<_Key, _Tp, _Compare, _Alloc>::operator[](std::map<_Key, _Tp, _Compare, _Alloc>::key_type&&) [with _Key = char; _Tp = int; _Compare = std::less<char>; _Alloc = std::allocator<std::pair<const char, int> >; std::map<_Key, _Tp, _Compare, _Alloc>::mapped_type = int; std::map<_Key, _Tp, _Compare, _Alloc>::key_type = char]
       operator[](key_type&& __k)
       ^~~~~~~~
/usr/include/c++/6/bits/stl_map.h:494:7: note:   no known conversion for argument 1 from ‘std::map<char, int>::iterator {aka std::_Rb_tree_iterator<std::pair<const char, int> >}’ to ‘std::map<char, int>::key_type&& {aka char&&}’
../src/IsUnique.cpp:32:11: error: no match for ‘operator[]’ (operand types are ‘std::map<char, int>’ and ‘std::map<char, int>::iterator {aka std::_Rb_tree_iterator<std::pair<const char, int> >}’)
    CharSet[it] = CharSet[it] + 1;
           ^
In file included from /usr/include/c++/6/map:61:0,
                 from ../src/IsUnique.cpp:10:
/usr/include/c++/6/bits/stl_map.h:474:7: note: candidate: std::map<_Key, _Tp, _Compare, _Alloc>::mapped_type& std::map<_Key, _Tp, _Compare, _Alloc>::operator[](const key_type&) [with _Key = char; _Tp = int; _Compare = std::less<char>; _Alloc = std::allocator<std::pair<const char, int> >; std::map<_Key, _Tp, _Compare, _Alloc>::mapped_type = int; std::map<_Key, _Tp, _Compare, _Alloc>::key_type = char]
       operator[](const key_type& __k)
       ^~~~~~~~
/usr/include/c++/6/bits/stl_map.h:474:7: note:   no known conversion for argument 1 from ‘std::map<char, int>::iterator {aka std::_Rb_tree_iterator<std::pair<const char, int> >}’ to ‘const key_type& {aka const char&}’
/usr/include/c++/6/bits/stl_map.h:494:7: note: candidate: std::map<_Key, _Tp, _Compare, _Alloc>::mapped_type& std::map<_Key, _Tp, _Compare, _Alloc>::operator[](std::map<_Key, _Tp, _Compare, _Alloc>::key_type&&) [with _Key = char; _Tp = int; _Compare = std::less<char>; _Alloc = std::allocator<std::pair<const char, int> >; std::map<_Key, _Tp, _Compare, _Alloc>::mapped_type = int; std::map<_Key, _Tp, _Compare, _Alloc>::key_type = char]
       operator[](key_type&& __k)
       ^~~~~~~~
/usr/include/c++/6/bits/stl_map.h:494:7: note:   no known conversion for argument 1 from ‘std::map<char, int>::iterator {aka std::_Rb_tree_iterator<std::pair<const char, int> >}’ to ‘std::map<char, int>::key_type&& {aka char&&}’
../src/IsUnique.cpp:32:25: error: no match for ‘operator[]’ (operand types are ‘std::map<char, int>’ and ‘std::map<char, int>::iterator {aka std::_Rb_tree_iterator<std::pair<const char, int> >}’)
    CharSet[it] = CharSet[it] + 1;
                         ^
In file included from /usr/include/c++/6/map:61:0,
                 from ../src/IsUnique.cpp:10:
/usr/include/c++/6/bits/stl_map.h:474:7: note: candidate: std::map<_Key, _Tp, _Compare, _Alloc>::mapped_type& std::map<_Key, _Tp, _Compare, _Alloc>::operator[](const key_type&) [with _Key = char; _Tp = int; _Compare = std::less<char>; _Alloc = std::allocator<std::pair<const char, int> >; std::map<_Key, _Tp, _Compare, _Alloc>::mapped_type = int; std::map<_Key, _Tp, _Compare, _Alloc>::key_type = char]
       operator[](const key_type& __k)
       ^~~~~~~~
/usr/include/c++/6/bits/stl_map.h:474:7: note:   no known conversion for argument 1 from ‘std::map<char, int>::iterator {aka std::_Rb_tree_iterator<std::pair<const char, int> >}’ to ‘const key_type& {aka const char&}’
/usr/include/c++/6/bits/stl_map.h:494:7: note: candidate: std::map<_Key, _Tp, _Compare, _Alloc>::mapped_type& std::map<_Key, _Tp, _Compare, _Alloc>::operator[](std::map<_Key, _Tp, _Compare, _Alloc>::key_type&&) [with _Key = char; _Tp = int; _Compare = std::less<char>; _Alloc = std::allocator<std::pair<const char, int> >; std::map<_Key, _Tp, _Compare, _Alloc>::mapped_type = int; std::map<_Key, _Tp, _Compare, _Alloc>::key_type = char]
       operator[](key_type&& __k)
       ^~~~~~~~
/usr/include/c++/6/bits/stl_map.h:494:7: note:   no known conversion for argument 1 from ‘std::map<char, int>::iterator {aka std::_Rb_tree_iterator<std::pair<const char, int> >}’ to ‘std::map<char, int>::key_type&& {aka char&&}’
../src/IsUnique.cpp:35:1: warning: no return statement in function returning non-void [-Wreturn-type]
 }
 ^
src/subdir.mk:18: recipe for target 'src/IsUnique.o' failed
make: *** [src/IsUnique.o] Error 1
13:13:54 **** Incremental Build of configuration Debug for project IsUnique ****
make all 
Building file: ../src/IsUnique.cpp
Invoking: Cross G++ Compiler
g++ -O0 -g3 -Wall -c -fmessage-length=0 -MMD -MP -MF"src/IsUnique.d" -MT"src/IsUnique.d" -o "src/IsUnique.o" "../src/IsUnique.cpp"
../src/IsUnique.cpp: In function ‘bool IsUnique(std::__cxx11::string)’:
../src/IsUnique.cpp:26:16: warning: comparison between signed and unsigned integer expressions [-Wsign-compare]
  for(int i=0; i<S.length(); i++)
               ~^~~~~~~~~~~
../src/IsUnique.cpp:30:13: error: no match for ‘operator[]’ (operand types are ‘std::map<char, int>’ and ‘std::map<char, int>::iterator {aka std::_Rb_tree_iterator<std::pair<const char, int> >}’)
   if(CharSet[it] < 1)
             ^
In file included from /usr/include/c++/6/map:61:0,
                 from ../src/IsUnique.cpp:10:
/usr/include/c++/6/bits/stl_map.h:474:7: note: candidate: std::map<_Key, _Tp, _Compare, _Alloc>::mapped_type& std::map<_Key, _Tp, _Compare, _Alloc>::operator[](const key_type&) [with _Key = char; _Tp = int; _Compare = std::less<char>; _Alloc = std::allocator<std::pair<const char, int> >; std::map<_Key, _Tp, _Compare, _Alloc>::mapped_type = int; std::map<_Key, _Tp, _Compare, _Alloc>::key_type = char]
       operator[](const key_type& __k)
       ^~~~~~~~
/usr/include/c++/6/bits/stl_map.h:474:7: note:   no known conversion for argument 1 from ‘std::map<char, int>::iterator {aka std::_Rb_tree_iterator<std::pair<const char, int> >}’ to ‘const key_type& {aka const char&}’
/usr/include/c++/6/bits/stl_map.h:494:7: note: candidate: std::map<_Key, _Tp, _Compare, _Alloc>::mapped_type& std::map<_Key, _Tp, _Compare, _Alloc>::operator[](std::map<_Key, _Tp, _Compare, _Alloc>::key_type&&) [with _Key = char; _Tp = int; _Compare = std::less<char>; _Alloc = std::allocator<std::pair<const char, int> >; std::map<_Key, _Tp, _Compare, _Alloc>::mapped_type = int; std::map<_Key, _Tp, _Compare, _Alloc>::key_type = char]
       operator[](key_type&& __k)
       ^~~~~~~~
/usr/include/c++/6/bits/stl_map.h:494:7: note:   no known conversion for argument 1 from ‘std::map<char, int>::iterator {aka std::_Rb_tree_iterator<std::pair<const char, int> >}’ to ‘std::map<char, int>::key_type&& {aka char&&}’
../src/IsUnique.cpp:32:11: error: no match for ‘operator[]’ (operand types are ‘std::map<char, int>’ and ‘std::map<char, int>::iterator {aka std::_Rb_tree_iterator<std::pair<const char, int> >}’)
    CharSet[it] = CharSet[it] + 1;
           ^
In file included from /usr/include/c++/6/map:61:0,
                 from ../src/IsUnique.cpp:10:
/usr/include/c++/6/bits/stl_map.h:474:7: note: candidate: std::map<_Key, _Tp, _Compare, _Alloc>::mapped_type& std::map<_Key, _Tp, _Compare, _Alloc>::operator[](const key_type&) [with _Key = char; _Tp = int; _Compare = std::less<char>; _Alloc = std::allocator<std::pair<const char, int> >; std::map<_Key, _Tp, _Compare, _Alloc>::mapped_type = int; std::map<_Key, _Tp, _Compare, _Alloc>::key_type = char]
       operator[](const key_type& __k)
       ^~~~~~~~
/usr/include/c++/6/bits/stl_map.h:474:7: note:   no known conversion for argument 1 from ‘std::map<char, int>::iterator {aka std::_Rb_tree_iterator<std::pair<const char, int> >}’ to ‘const key_type& {aka const char&}’
/usr/include/c++/6/bits/stl_map.h:494:7: note: candidate: std::map<_Key, _Tp, _Compare, _Alloc>::mapped_type& std::map<_Key, _Tp, _Compare, _Alloc>::operator[](std::map<_Key, _Tp, _Compare, _Alloc>::key_type&&) [with _Key = char; _Tp = int; _Compare = std::less<char>; _Alloc = std::allocator<std::pair<const char, int> >; std::map<_Key, _Tp, _Compare, _Alloc>::mapped_type = int; std::map<_Key, _Tp, _Compare, _Alloc>::key_type = char]
       operator[](key_type&& __k)
       ^~~~~~~~
/usr/include/c++/6/bits/stl_map.h:494:7: note:   no known conversion for argument 1 from ‘std::map<char, int>::iterator {aka std::_Rb_tree_iterator<std::pair<const char, int> >}’ to ‘std::map<char, int>::key_type&& {aka char&&}’
../src/IsUnique.cpp:32:25: error: no match for ‘operator[]’ (operand types are ‘std::map<char, int>’ and ‘std::map<char, int>::iterator {aka std::_Rb_tree_iterator<std::pair<const char, int> >}’)
    CharSet[it] = CharSet[it] + 1;
                         ^
In file included from /usr/include/c++/6/map:61:0,
                 from ../src/IsUnique.cpp:10:
/usr/include/c++/6/bits/stl_map.h:474:7: note: candidate: std::map<_Key, _Tp, _Compare, _Alloc>::mapped_type& std::map<_Key, _Tp, _Compare, _Alloc>::operator[](const key_type&) [with _Key = char; _Tp = int; _Compare = std::less<char>; _Alloc = std::allocator<std::pair<const char, int> >; std::map<_Key, _Tp, _Compare, _Alloc>::mapped_type = int; std::map<_Key, _Tp, _Compare, _Alloc>::key_type = char]
       operator[](const key_type& __k)
       ^~~~~~~~
/usr/include/c++/6/bits/stl_map.h:474:7: note:   no known conversion for argument 1 from ‘std::map<char, int>::iterator {aka std::_Rb_tree_iterator<std::pair<const char, int> >}’ to ‘const key_type& {aka const char&}’
/usr/include/c++/6/bits/stl_map.h:494:7: note: candidate: std::map<_Key, _Tp, _Compare, _Alloc>::mapped_type& std::map<_Key, _Tp, _Compare, _Alloc>::operator[](std::map<_Key, _Tp, _Compare, _Alloc>::key_type&&) [with _Key = char; _Tp = int; _Compare = std::less<char>; _Alloc = std::allocator<std::pair<const char, int> >; std::map<_Key, _Tp, _Compare, _Alloc>::mapped_type = int; std::map<_Key, _Tp, _Compare, _Alloc>::key_type = char]
       operator[](key_type&& __k)
       ^~~~~~~~
/usr/include/c++/6/bits/stl_map.h:494:7: note:   no known conversion for argument 1 from ‘std::map<char, int>::iterator {aka std::_Rb_tree_iterator<std::pair<const char, int> >}’ to ‘std::map<char, int>::key_type&& {aka char&&}’
../src/IsUnique.cpp:35:1: warning: no return statement in function returning non-void [-Wreturn-type]
 }
 ^
src/subdir.mk:18: recipe for target 'src/IsUnique.o' failed
make: *** [src/IsUnique.o] Error 1
13:14:21 **** Incremental Build of configuration Debug for project IsUnique ****
make all 
Building file: ../src/IsUnique.cpp
Invoking: Cross G++ Compiler
g++ -O0 -g3 -Wall -c -fmessage-length=0 -MMD -MP -MF"src/IsUnique.d" -MT"src/IsUnique.d" -o "src/IsUnique.o" "../src/IsUnique.cpp"
../src/IsUnique.cpp: In function ‘bool IsUnique(std::__cxx11::string)’:
../src/IsUnique.cpp:26:16: warning: comparison between signed and unsigned integer expressions [-Wsign-compare]
  for(int i=0; i<S.length(); i++)
               ~^~~~~~~~~~~
../src/IsUnique.cpp:30:19: error: no matching function for call to ‘std::map<char, int>::at(std::map<char, int>::iterator&)’
   if(CharSet.at(it) < 1)
                   ^
In file included from /usr/include/c++/6/map:61:0,
                 from ../src/IsUnique.cpp:10:
/usr/include/c++/6/bits/stl_map.h:519:7: note: candidate: std::map<_Key, _Tp, _Compare, _Alloc>::mapped_type& std::map<_Key, _Tp, _Compare, _Alloc>::at(const key_type&) [with _Key = char; _Tp = int; _Compare = std::less<char>; _Alloc = std::allocator<std::pair<const char, int> >; std::map<_Key, _Tp, _Compare, _Alloc>::mapped_type = int; std::map<_Key, _Tp, _Compare, _Alloc>::key_type = char]
       at(const key_type& __k)
       ^~
/usr/include/c++/6/bits/stl_map.h:519:7: note:   no known conversion for argument 1 from ‘std::map<char, int>::iterator {aka std::_Rb_tree_iterator<std::pair<const char, int> >}’ to ‘const key_type& {aka const char&}’
/usr/include/c++/6/bits/stl_map.h:528:7: note: candidate: const mapped_type& std::map<_Key, _Tp, _Compare, _Alloc>::at(const key_type&) const [with _Key = char; _Tp = int; _Compare = std::less<char>; _Alloc = std::allocator<std::pair<const char, int> >; std::map<_Key, _Tp, _Compare, _Alloc>::mapped_type = int; std::map<_Key, _Tp, _Compare, _Alloc>::key_type = char]
       at(const key_type& __k) const
       ^~
/usr/include/c++/6/bits/stl_map.h:528:7: note:   no known conversion for argument 1 from ‘std::map<char, int>::iterator {aka std::_Rb_tree_iterator<std::pair<const char, int> >}’ to ‘const key_type& {aka const char&}’
../src/IsUnique.cpp:32:11: error: no match for ‘operator[]’ (operand types are ‘std::map<char, int>’ and ‘std::map<char, int>::iterator {aka std::_Rb_tree_iterator<std::pair<const char, int> >}’)
    CharSet[it] = CharSet[it] + 1;
           ^
In file included from /usr/include/c++/6/map:61:0,
                 from ../src/IsUnique.cpp:10:
/usr/include/c++/6/bits/stl_map.h:474:7: note: candidate: std::map<_Key, _Tp, _Compare, _Alloc>::mapped_type& std::map<_Key, _Tp, _Compare, _Alloc>::operator[](const key_type&) [with _Key = char; _Tp = int; _Compare = std::less<char>; _Alloc = std::allocator<std::pair<const char, int> >; std::map<_Key, _Tp, _Compare, _Alloc>::mapped_type = int; std::map<_Key, _Tp, _Compare, _Alloc>::key_type = char]
       operator[](const key_type& __k)
       ^~~~~~~~
/usr/include/c++/6/bits/stl_map.h:474:7: note:   no known conversion for argument 1 from ‘std::map<char, int>::iterator {aka std::_Rb_tree_iterator<std::pair<const char, int> >}’ to ‘const key_type& {aka const char&}’
/usr/include/c++/6/bits/stl_map.h:494:7: note: candidate: std::map<_Key, _Tp, _Compare, _Alloc>::mapped_type& std::map<_Key, _Tp, _Compare, _Alloc>::operator[](std::map<_Key, _Tp, _Compare, _Alloc>::key_type&&) [with _Key = char; _Tp = int; _Compare = std::less<char>; _Alloc = std::allocator<std::pair<const char, int> >; std::map<_Key, _Tp, _Compare, _Alloc>::mapped_type = int; std::map<_Key, _Tp, _Compare, _Alloc>::key_type = char]
       operator[](key_type&& __k)
       ^~~~~~~~
/usr/include/c++/6/bits/stl_map.h:494:7: note:   no known conversion for argument 1 from ‘std::map<char, int>::iterator {aka std::_Rb_tree_iterator<std::pair<const char, int> >}’ to ‘std::map<char, int>::key_type&& {aka char&&}’
../src/IsUnique.cpp:32:25: error: no match for ‘operator[]’ (operand types are ‘std::map<char, int>’ and ‘std::map<char, int>::iterator {aka std::_Rb_tree_iterator<std::pair<const char, int> >}’)
    CharSet[it] = CharSet[it] + 1;
                         ^
In file included from /usr/include/c++/6/map:61:0,
                 from ../src/IsUnique.cpp:10:
/usr/include/c++/6/bits/stl_map.h:474:7: note: candidate: std::map<_Key, _Tp, _Compare, _Alloc>::mapped_type& std::map<_Key, _Tp, _Compare, _Alloc>::operator[](const key_type&) [with _Key = char; _Tp = int; _Compare = std::less<char>; _Alloc = std::allocator<std::pair<const char, int> >; std::map<_Key, _Tp, _Compare, _Alloc>::mapped_type = int; std::map<_Key, _Tp, _Compare, _Alloc>::key_type = char]
       operator[](const key_type& __k)
       ^~~~~~~~
/usr/include/c++/6/bits/stl_map.h:474:7: note:   no known conversion for argument 1 from ‘std::map<char, int>::iterator {aka std::_Rb_tree_iterator<std::pair<const char, int> >}’ to ‘const key_type& {aka const char&}’
/usr/include/c++/6/bits/stl_map.h:494:7: note: candidate: std::map<_Key, _Tp, _Compare, _Alloc>::mapped_type& std::map<_Key, _Tp, _Compare, _Alloc>::operator[](std::map<_Key, _Tp, _Compare, _Alloc>::key_type&&) [with _Key = char; _Tp = int; _Compare = std::less<char>; _Alloc = std::allocator<std::pair<const char, int> >; std::map<_Key, _Tp, _Compare, _Alloc>::mapped_type = int; std::map<_Key, _Tp, _Compare, _Alloc>::key_type = char]
       operator[](key_type&& __k)
       ^~~~~~~~
/usr/include/c++/6/bits/stl_map.h:494:7: note:   no known conversion for argument 1 from ‘std::map<char, int>::iterator {aka std::_Rb_tree_iterator<std::pair<const char, int> >}’ to ‘std::map<char, int>::key_type&& {aka char&&}’
../src/IsUnique.cpp:35:1: warning: no return statement in function returning non-void [-Wreturn-type]
 }
 ^
make: *** [src/IsUnique.o] Error 1
src/subdir.mk:18: recipe for target 'src/IsUnique.o' failed
13:16:22 **** Incremental Build of configuration Debug for project IsUnique ****
make all 
Building file: ../src/IsUnique.cpp
Invoking: Cross G++ Compiler
g++ -O0 -g3 -Wall -c -fmessage-length=0 -MMD -MP -MF"src/IsUnique.d" -MT"src/IsUnique.d" -o "src/IsUnique.o" "../src/IsUnique.cpp"
../src/IsUnique.cpp: In function ‘bool IsUnique(std::__cxx11::string)’:
../src/IsUnique.cpp:26:16: warning: comparison between signed and unsigned integer expressions [-Wsign-compare]
  for(int i=0; i<S.length(); i++)
               ~^~~~~~~~~~~
../src/IsUnique.cpp:29:13: error: no match for ‘operator[]’ (operand types are ‘std::map<char, int>’ and ‘std::map<char, int>::iterator {aka std::_Rb_tree_iterator<std::pair<const char, int> >}’)
   if(CharSet[it] < 1)
             ^
In file included from /usr/include/c++/6/map:61:0,
                 from ../src/IsUnique.cpp:10:
/usr/include/c++/6/bits/stl_map.h:474:7: note: candidate: std::map<_Key, _Tp, _Compare, _Alloc>::mapped_type& std::map<_Key, _Tp, _Compare, _Alloc>::operator[](const key_type&) [with _Key = char; _Tp = int; _Compare = std::less<char>; _Alloc = std::allocator<std::pair<const char, int> >; std::map<_Key, _Tp, _Compare, _Alloc>::mapped_type = int; std::map<_Key, _Tp, _Compare, _Alloc>::key_type = char]
       operator[](const key_type& __k)
       ^~~~~~~~
/usr/include/c++/6/bits/stl_map.h:474:7: note:   no known conversion for argument 1 from ‘std::map<char, int>::iterator {aka std::_Rb_tree_iterator<std::pair<const char, int> >}’ to ‘const key_type& {aka const char&}’
/usr/include/c++/6/bits/stl_map.h:494:7: note: candidate: std::map<_Key, _Tp, _Compare, _Alloc>::mapped_type& std::map<_Key, _Tp, _Compare, _Alloc>::operator[](std::map<_Key, _Tp, _Compare, _Alloc>::key_type&&) [with _Key = char; _Tp = int; _Compare = std::less<char>; _Alloc = std::allocator<std::pair<const char, int> >; std::map<_Key, _Tp, _Compare, _Alloc>::mapped_type = int; std::map<_Key, _Tp, _Compare, _Alloc>::key_type = char]
       operator[](key_type&& __k)
       ^~~~~~~~
/usr/include/c++/6/bits/stl_map.h:494:7: note:   no known conversion for argument 1 from ‘std::map<char, int>::iterator {aka std::_Rb_tree_iterator<std::pair<const char, int> >}’ to ‘std::map<char, int>::key_type&& {aka char&&}’
../src/IsUnique.cpp:31:11: error: no match for ‘operator[]’ (operand types are ‘std::map<char, int>’ and ‘std::map<char, int>::iterator {aka std::_Rb_tree_iterator<std::pair<const char, int> >}’)
    CharSet[it] = CharSet[it] + 1;
           ^
In file included from /usr/include/c++/6/map:61:0,
                 from ../src/IsUnique.cpp:10:
/usr/include/c++/6/bits/stl_map.h:474:7: note: candidate: std::map<_Key, _Tp, _Compare, _Alloc>::mapped_type& std::map<_Key, _Tp, _Compare, _Alloc>::operator[](const key_type&) [with _Key = char; _Tp = int; _Compare = std::less<char>; _Alloc = std::allocator<std::pair<const char, int> >; std::map<_Key, _Tp, _Compare, _Alloc>::mapped_type = int; std::map<_Key, _Tp, _Compare, _Alloc>::key_type = char]
       operator[](const key_type& __k)
       ^~~~~~~~
/usr/include/c++/6/bits/stl_map.h:474:7: note:   no known conversion for argument 1 from ‘std::map<char, int>::iterator {aka std::_Rb_tree_iterator<std::pair<const char, int> >}’ to ‘const key_type& {aka const char&}’
/usr/include/c++/6/bits/stl_map.h:494:7: note: candidate: std::map<_Key, _Tp, _Compare, _Alloc>::mapped_type& std::map<_Key, _Tp, _Compare, _Alloc>::operator[](std::map<_Key, _Tp, _Compare, _Alloc>::key_type&&) [with _Key = char; _Tp = int; _Compare = std::less<char>; _Alloc = std::allocator<std::pair<const char, int> >; std::map<_Key, _Tp, _Compare, _Alloc>::mapped_type = int; std::map<_Key, _Tp, _Compare, _Alloc>::key_type = char]
       operator[](key_type&& __k)
       ^~~~~~~~
/usr/include/c++/6/bits/stl_map.h:494:7: note:   no known conversion for argument 1 from ‘std::map<char, int>::iterator {aka std::_Rb_tree_iterator<std::pair<const char, int> >}’ to ‘std::map<char, int>::key_type&& {aka char&&}’
../src/IsUnique.cpp:31:25: error: no match for ‘operator[]’ (operand types are ‘std::map<char, int>’ and ‘std::map<char, int>::iterator {aka std::_Rb_tree_iterator<std::pair<const char, int> >}’)
    CharSet[it] = CharSet[it] + 1;
                         ^
In file included from /usr/include/c++/6/map:61:0,
                 from ../src/IsUnique.cpp:10:
/usr/include/c++/6/bits/stl_map.h:474:7: note: candidate: std::map<_Key, _Tp, _Compare, _Alloc>::mapped_type& std::map<_Key, _Tp, _Compare, _Alloc>::operator[](const key_type&) [with _Key = char; _Tp = int; _Compare = std::less<char>; _Alloc = std::allocator<std::pair<const char, int> >; std::map<_Key, _Tp, _Compare, _Alloc>::mapped_type = int; std::map<_Key, _Tp, _Compare, _Alloc>::key_type = char]
       operator[](const key_type& __k)
       ^~~~~~~~
/usr/include/c++/6/bits/stl_map.h:474:7: note:   no known conversion for argument 1 from ‘std::map<char, int>::iterator {aka std::_Rb_tree_iterator<std::pair<const char, int> >}’ to ‘const key_type& {aka const char&}’
/usr/include/c++/6/bits/stl_map.h:494:7: note: candidate: std::map<_Key, _Tp, _Compare, _Alloc>::mapped_type& std::map<_Key, _Tp, _Compare, _Alloc>::operator[](std::map<_Key, _Tp, _Compare, _Alloc>::key_type&&) [with _Key = char; _Tp = int; _Compare = std::less<char>; _Alloc = std::allocator<std::pair<const char, int> >; std::map<_Key, _Tp, _Compare, _Alloc>::mapped_type = int; std::map<_Key, _Tp, _Compare, _Alloc>::key_type = char]
       operator[](key_type&& __k)
       ^~~~~~~~
/usr/include/c++/6/bits/stl_map.h:494:7: note:   no known conversion for argument 1 from ‘std::map<char, int>::iterator {aka std::_Rb_tree_iterator<std::pair<const char, int> >}’ to ‘std::map<char, int>::key_type&& {aka char&&}’
../src/IsUnique.cpp:34:1: warning: no return statement in function returning non-void [-Wreturn-type]
 }
 ^
make: *** [src/IsUnique.o] Error 1
src/subdir.mk:18: recipe for target 'src/IsUnique.o' failed
13:16:22 **** Incremental Build of configuration Debug for project STL-map ****
make all 
make: Nothing to be done for 'all'.
13:17:21 **** Incremental Build of configuration Debug for project IsUnique ****
make all 
Building file: ../src/IsUnique.cpp
Invoking: Cross G++ Compiler
g++ -O0 -g3 -Wall -c -fmessage-length=0 -MMD -MP -MF"src/IsUnique.d" -MT"src/IsUnique.d" -o "src/IsUnique.o" "../src/IsUnique.cpp"
../src/IsUnique.cpp: In function ‘bool IsUnique(std::__cxx11::string)’:
../src/IsUnique.cpp:34:1: warning: no return statement in function returning non-void [-Wreturn-type]
 }
 ^
Finished building: ../src/IsUnique.cpp
 
Building target: IsUnique
Invoking: Cross G++ Linker
g++  -o "IsUnique"  ./src/IsUnique.o   
Finished building target: IsUnique
 
13:17:22 **** Incremental Build of configuration Debug for project STL-map ****
make all 
make: Nothing to be done for 'all'.
13:18:18 **** Incremental Build of configuration Debug for project IsUnique ****
make all 
Building file: ../src/IsUnique.cpp
Invoking: Cross G++ Compiler
g++ -O0 -g3 -Wall -c -fmessage-length=0 -MMD -MP -MF"src/IsUnique.d" -MT"src/IsUnique.d" -o "src/IsUnique.o" "../src/IsUnique.cpp"
../src/IsUnique.cpp: In function ‘bool IsUnique(std::__cxx11::string)’:
../src/IsUnique.cpp:38:1: warning: control reaches end of non-void function [-Wreturn-type]
 }
 ^
Finished building: ../src/IsUnique.cpp
 
Building target: IsUnique
Invoking: Cross G++ Linker
g++  -o "IsUnique"  ./src/IsUnique.o   
Finished building target: IsUnique
 
13:18:18 **** Incremental Build of configuration Debug for project STL-map ****
make all 
make: Nothing to be done for 'all'.
13:19:48 **** Incremental Build of configuration Debug for project IsUnique ****
make all 
Building file: ../src/IsUnique.cpp
Invoking: Cross G++ Compiler
g++ -O0 -g3 -Wall -c -fmessage-length=0 -MMD -MP -MF"src/IsUnique.d" -MT"src/IsUnique.d" -o "src/IsUnique.o" "../src/IsUnique.cpp"
Finished building: ../src/IsUnique.cpp
 
Building target: IsUnique
Invoking: Cross G++ Linker
g++  -o "IsUnique"  ./src/IsUnique.o   
Finished building target: IsUnique
 
13:19:49 **** Incremental Build of configuration Debug for project STL-map ****
make all 
make: Nothing to be done for 'all'.
13:20:02 **** Incremental Build of configuration Debug for project IsUnique ****
make all 
make: Nothing to be done for 'all'.
13:20:02 **** Incremental Build of configuration Debug for project STL-map ****
make all 
make: Nothing to be done for 'all'.
13:20:56 **** Incremental Build of configuration Debug for project IsUnique ****
make all 
Building file: ../src/IsUnique.cpp
Invoking: Cross G++ Compiler
g++ -O0 -g3 -Wall -c -fmessage-length=0 -MMD -MP -MF"src/IsUnique.d" -MT"src/IsUnique.d" -o "src/IsUnique.o" "../src/IsUnique.cpp"
Finished building: ../src/IsUnique.cpp
 
Building target: IsUnique
Invoking: Cross G++ Linker
g++  -o "IsUnique"  ./src/IsUnique.o   
Finished building target: IsUnique
 
13:20:57 **** Incremental Build of configuration Debug for project STL-map ****
make all 
make: Nothing to be done for 'all'.
13:29:35 **** Incremental Build of configuration Debug for project IsUnique ****
make all 
Building file: ../src/IsUnique.cpp
Invoking: Cross G++ Compiler
g++ -O0 -g3 -Wall -c -fmessage-length=0 -MMD -MP -MF"src/IsUnique.d" -MT"src/IsUnique.d" -o "src/IsUnique.o" "../src/IsUnique.cpp"
Finished building: ../src/IsUnique.cpp
 
Building target: IsUnique
Invoking: Cross G++ Linker
g++  -o "IsUnique"  ./src/IsUnique.o   
Finished building target: IsUnique
 
13:29:36 **** Incremental Build of configuration Debug for project STL-map ****
make all 
make: Nothing to be done for 'all'.
13:29:50 **** Incremental Build of configuration Debug for project IsUnique ****
make all 
make: Nothing to be done for 'all'.
13:30:42 **** Incremental Build of configuration Debug for project IsUnique ****
make all 
Building file: ../src/IsUnique.cpp
Invoking: Cross G++ Compiler
g++ -O0 -g3 -Wall -c -fmessage-length=0 -MMD -MP -MF"src/IsUnique.d" -MT"src/IsUnique.d" -o "src/IsUnique.o" "../src/IsUnique.cpp"
../src/IsUnique.cpp: In function ‘bool IsUnique(std::__cxx11::string)’:
../src/IsUnique.cpp:51:8: error: no match for ‘operator>>’ (operand types are ‘std::ostream {aka std::basic_ostream<char>}’ and ‘const char’)
    cout>>it->first<<" "<<it->second<<endl;
    ~~~~^~~~~~~~~~~
../src/IsUnique.cpp:51:8: note: candidate: operator>>(int, int) <built-in>
../src/IsUnique.cpp:51:8: note:   no known conversion for argument 1 from ‘std::ostream {aka std::basic_ostream<char>}’ to ‘int’
In file included from /usr/include/c++/6/string:53:0,
                 from /usr/include/c++/6/bits/locale_classes.h:40,
                 from /usr/include/c++/6/bits/ios_base.h:41,
                 from /usr/include/c++/6/ios:42,
                 from /usr/include/c++/6/ostream:38,
                 from /usr/include/c++/6/iostream:39,
                 from ../src/IsUnique.cpp:9:
/usr/include/c++/6/bits/basic_string.tcc:1437:5: note: candidate: template<class _CharT, class _Traits, class _Alloc> std::basic_istream<_CharT, _Traits>& std::operator>>(std::basic_istream<_CharT, _Traits>&, std::__cxx11::basic_string<_CharT, _Traits, _Alloc>&)
     operator>>(basic_istream<_CharT, _Traits>& __in,
     ^~~~~~~~
/usr/include/c++/6/bits/basic_string.tcc:1437:5: note:   template argument deduction/substitution failed:
../src/IsUnique.cpp:51:14: note:   ‘std::ostream {aka std::basic_ostream<char>}’ is not derived from ‘std::basic_istream<_CharT, _Traits>’
    cout>>it->first<<" "<<it->second<<endl;
              ^~~~~
In file included from /usr/include/c++/6/istream:934:0,
                 from /usr/include/c++/6/iostream:40,
                 from ../src/IsUnique.cpp:9:
/usr/include/c++/6/bits/istream.tcc:955:5: note: candidate: template<class _CharT2, class _Traits2> std::basic_istream<_CharT, _Traits>& std::operator>>(std::basic_istream<_CharT, _Traits>&, _CharT2*)
     operator>>(basic_istream<_CharT, _Traits>& __in, _CharT* __s)
     ^~~~~~~~
/usr/include/c++/6/bits/istream.tcc:955:5: note:   template argument deduction/substitution failed:
../src/IsUnique.cpp:51:14: note:   ‘std::ostream {aka std::basic_ostream<char>}’ is not derived from ‘std::basic_istream<_CharT, _Traits>’
    cout>>it->first<<" "<<it->second<<endl;
              ^~~~~
In file included from /usr/include/c++/6/istream:934:0,
                 from /usr/include/c++/6/iostream:40,
                 from ../src/IsUnique.cpp:9:
/usr/include/c++/6/bits/istream.tcc:923:5: note: candidate: template<class _CharT, class _Traits> std::basic_istream<_CharT, _Traits>& std::operator>>(std::basic_istream<_CharT, _Traits>&, _CharT&)
     operator>>(basic_istream<_CharT, _Traits>& __in, _CharT& __c)
     ^~~~~~~~
/usr/include/c++/6/bits/istream.tcc:923:5: note:   template argument deduction/substitution failed:
../src/IsUnique.cpp:51:14: note:   ‘std::ostream {aka std::basic_ostream<char>}’ is not derived from ‘std::basic_istream<_CharT, _Traits>’
    cout>>it->first<<" "<<it->second<<endl;
              ^~~~~
In file included from /usr/include/c++/6/iostream:40:0,
                 from ../src/IsUnique.cpp:9:
/usr/include/c++/6/istream:756:5: note: candidate: template<class _Traits> std::basic_istream<char, _Traits>& std::operator>>(std::basic_istream<char, _Traits>&, unsigned char&)
     operator>>(basic_istream<char, _Traits>& __in, unsigned char& __c)
     ^~~~~~~~
/usr/include/c++/6/istream:756:5: note:   template argument deduction/substitution failed:
../src/IsUnique.cpp:51:14: note:   ‘std::ostream {aka std::basic_ostream<char>}’ is not derived from ‘std::basic_istream<char, _Traits>’
    cout>>it->first<<" "<<it->second<<endl;
              ^~~~~
In file included from /usr/include/c++/6/iostream:40:0,
                 from ../src/IsUnique.cpp:9:
/usr/include/c++/6/istream:761:5: note: candidate: template<class _Traits> std::basic_istream<char, _Traits>& std::operator>>(std::basic_istream<char, _Traits>&, signed char&)
     operator>>(basic_istream<char, _Traits>& __in, signed char& __c)
     ^~~~~~~~
/usr/include/c++/6/istream:761:5: note:   template argument deduction/substitution failed:
../src/IsUnique.cpp:51:14: note:   ‘std::ostream {aka std::basic_ostream<char>}’ is not derived from ‘std::basic_istream<char, _Traits>’
    cout>>it->first<<" "<<it->second<<endl;
              ^~~~~
In file included from /usr/include/c++/6/iostream:40:0,
                 from ../src/IsUnique.cpp:9:
/usr/include/c++/6/istream:803:5: note: candidate: template<class _Traits> std::basic_istream<char, _Traits>& std::operator>>(std::basic_istream<char, _Traits>&, unsigned char*)
     operator>>(basic_istream<char, _Traits>& __in, unsigned char* __s)
     ^~~~~~~~
/usr/include/c++/6/istream:803:5: note:   template argument deduction/substitution failed:
../src/IsUnique.cpp:51:14: note:   ‘std::ostream {aka std::basic_ostream<char>}’ is not derived from ‘std::basic_istream<char, _Traits>’
    cout>>it->first<<" "<<it->second<<endl;
              ^~~~~
In file included from /usr/include/c++/6/iostream:40:0,
                 from ../src/IsUnique.cpp:9:
/usr/include/c++/6/istream:808:5: note: candidate: template<class _Traits> std::basic_istream<char, _Traits>& std::operator>>(std::basic_istream<char, _Traits>&, signed char*)
     operator>>(basic_istream<char, _Traits>& __in, signed char* __s)
     ^~~~~~~~
/usr/include/c++/6/istream:808:5: note:   template argument deduction/substitution failed:
../src/IsUnique.cpp:51:14: note:   ‘std::ostream {aka std::basic_ostream<char>}’ is not derived from ‘std::basic_istream<char, _Traits>’
    cout>>it->first<<" "<<it->second<<endl;
              ^~~~~
In file included from /usr/include/c++/6/iostream:40:0,
                 from ../src/IsUnique.cpp:9:
/usr/include/c++/6/istream:924:5: note: candidate: template<class _CharT, class _Traits, class _Tp> std::basic_istream<_CharT, _Traits>& std::operator>>(std::basic_istream<_CharT, _Traits>&&, _Tp&)
     operator>>(basic_istream<_CharT, _Traits>&& __is, _Tp& __x)
     ^~~~~~~~
/usr/include/c++/6/istream:924:5: note:   template argument deduction/substitution failed:
../src/IsUnique.cpp:51:14: note:   ‘std::ostream {aka std::basic_ostream<char>}’ is not derived from ‘std::basic_istream<_CharT, _Traits>’
    cout>>it->first<<" "<<it->second<<endl;
              ^~~~~
src/subdir.mk:18: recipe for target 'src/IsUnique.o' failed
make: *** [src/IsUnique.o] Error 1
13:30:42 **** Incremental Build of configuration Debug for project STL-map ****
make all 
make: Nothing to be done for 'all'.
13:30:44 **** Incremental Build of configuration Debug for project IsUnique ****
make all 
Building file: ../src/IsUnique.cpp
Invoking: Cross G++ Compiler
g++ -O0 -g3 -Wall -c -fmessage-length=0 -MMD -MP -MF"src/IsUnique.d" -MT"src/IsUnique.d" -o "src/IsUnique.o" "../src/IsUnique.cpp"
../src/IsUnique.cpp: In function ‘bool IsUnique(std::__cxx11::string)’:
../src/IsUnique.cpp:51:8: error: no match for ‘operator>>’ (operand types are ‘std::ostream {aka std::basic_ostream<char>}’ and ‘const char’)
    cout>>it->first<<" "<<it->second<<endl;
    ~~~~^~~~~~~~~~~
../src/IsUnique.cpp:51:8: note: candidate: operator>>(int, int) <built-in>
../src/IsUnique.cpp:51:8: note:   no known conversion for argument 1 from ‘std::ostream {aka std::basic_ostream<char>}’ to ‘int’
In file included from /usr/include/c++/6/string:53:0,
                 from /usr/include/c++/6/bits/locale_classes.h:40,
                 from /usr/include/c++/6/bits/ios_base.h:41,
                 from /usr/include/c++/6/ios:42,
                 from /usr/include/c++/6/ostream:38,
                 from /usr/include/c++/6/iostream:39,
                 from ../src/IsUnique.cpp:9:
/usr/include/c++/6/bits/basic_string.tcc:1437:5: note: candidate: template<class _CharT, class _Traits, class _Alloc> std::basic_istream<_CharT, _Traits>& std::operator>>(std::basic_istream<_CharT, _Traits>&, std::__cxx11::basic_string<_CharT, _Traits, _Alloc>&)
     operator>>(basic_istream<_CharT, _Traits>& __in,
     ^~~~~~~~
/usr/include/c++/6/bits/basic_string.tcc:1437:5: note:   template argument deduction/substitution failed:
../src/IsUnique.cpp:51:14: note:   ‘std::ostream {aka std::basic_ostream<char>}’ is not derived from ‘std::basic_istream<_CharT, _Traits>’
    cout>>it->first<<" "<<it->second<<endl;
              ^~~~~
In file included from /usr/include/c++/6/istream:934:0,
                 from /usr/include/c++/6/iostream:40,
                 from ../src/IsUnique.cpp:9:
/usr/include/c++/6/bits/istream.tcc:955:5: note: candidate: template<class _CharT2, class _Traits2> std::basic_istream<_CharT, _Traits>& std::operator>>(std::basic_istream<_CharT, _Traits>&, _CharT2*)
     operator>>(basic_istream<_CharT, _Traits>& __in, _CharT* __s)
     ^~~~~~~~
/usr/include/c++/6/bits/istream.tcc:955:5: note:   template argument deduction/substitution failed:
../src/IsUnique.cpp:51:14: note:   ‘std::ostream {aka std::basic_ostream<char>}’ is not derived from ‘std::basic_istream<_CharT, _Traits>’
    cout>>it->first<<" "<<it->second<<endl;
              ^~~~~
In file included from /usr/include/c++/6/istream:934:0,
                 from /usr/include/c++/6/iostream:40,
                 from ../src/IsUnique.cpp:9:
/usr/include/c++/6/bits/istream.tcc:923:5: note: candidate: template<class _CharT, class _Traits> std::basic_istream<_CharT, _Traits>& std::operator>>(std::basic_istream<_CharT, _Traits>&, _CharT&)
     operator>>(basic_istream<_CharT, _Traits>& __in, _CharT& __c)
     ^~~~~~~~
/usr/include/c++/6/bits/istream.tcc:923:5: note:   template argument deduction/substitution failed:
../src/IsUnique.cpp:51:14: note:   ‘std::ostream {aka std::basic_ostream<char>}’ is not derived from ‘std::basic_istream<_CharT, _Traits>’
    cout>>it->first<<" "<<it->second<<endl;
              ^~~~~
In file included from /usr/include/c++/6/iostream:40:0,
                 from ../src/IsUnique.cpp:9:
/usr/include/c++/6/istream:756:5: note: candidate: template<class _Traits> std::basic_istream<char, _Traits>& std::operator>>(std::basic_istream<char, _Traits>&, unsigned char&)
     operator>>(basic_istream<char, _Traits>& __in, unsigned char& __c)
     ^~~~~~~~
/usr/include/c++/6/istream:756:5: note:   template argument deduction/substitution failed:
../src/IsUnique.cpp:51:14: note:   ‘std::ostream {aka std::basic_ostream<char>}’ is not derived from ‘std::basic_istream<char, _Traits>’
    cout>>it->first<<" "<<it->second<<endl;
              ^~~~~
In file included from /usr/include/c++/6/iostream:40:0,
                 from ../src/IsUnique.cpp:9:
/usr/include/c++/6/istream:761:5: note: candidate: template<class _Traits> std::basic_istream<char, _Traits>& std::operator>>(std::basic_istream<char, _Traits>&, signed char&)
     operator>>(basic_istream<char, _Traits>& __in, signed char& __c)
     ^~~~~~~~
/usr/include/c++/6/istream:761:5: note:   template argument deduction/substitution failed:
../src/IsUnique.cpp:51:14: note:   ‘std::ostream {aka std::basic_ostream<char>}’ is not derived from ‘std::basic_istream<char, _Traits>’
    cout>>it->first<<" "<<it->second<<endl;
              ^~~~~
In file included from /usr/include/c++/6/iostream:40:0,
                 from ../src/IsUnique.cpp:9:
/usr/include/c++/6/istream:803:5: note: candidate: template<class _Traits> std::basic_istream<char, _Traits>& std::operator>>(std::basic_istream<char, _Traits>&, unsigned char*)
     operator>>(basic_istream<char, _Traits>& __in, unsigned char* __s)
     ^~~~~~~~
/usr/include/c++/6/istream:803:5: note:   template argument deduction/substitution failed:
../src/IsUnique.cpp:51:14: note:   ‘std::ostream {aka std::basic_ostream<char>}’ is not derived from ‘std::basic_istream<char, _Traits>’
    cout>>it->first<<" "<<it->second<<endl;
              ^~~~~
In file included from /usr/include/c++/6/iostream:40:0,
                 from ../src/IsUnique.cpp:9:
/usr/include/c++/6/istream:808:5: note: candidate: template<class _Traits> std::basic_istream<char, _Traits>& std::operator>>(std::basic_istream<char, _Traits>&, signed char*)
     operator>>(basic_istream<char, _Traits>& __in, signed char* __s)
     ^~~~~~~~
/usr/include/c++/6/istream:808:5: note:   template argument deduction/substitution failed:
../src/IsUnique.cpp:51:14: note:   ‘std::ostream {aka std::basic_ostream<char>}’ is not derived from ‘std::basic_istream<char, _Traits>’
    cout>>it->first<<" "<<it->second<<endl;
              ^~~~~
In file included from /usr/include/c++/6/iostream:40:0,
                 from ../src/IsUnique.cpp:9:
/usr/include/c++/6/istream:924:5: note: candidate: template<class _CharT, class _Traits, class _Tp> std::basic_istream<_CharT, _Traits>& std::operator>>(std::basic_istream<_CharT, _Traits>&&, _Tp&)
     operator>>(basic_istream<_CharT, _Traits>&& __is, _Tp& __x)
     ^~~~~~~~
/usr/include/c++/6/istream:924:5: note:   template argument deduction/substitution failed:
../src/IsUnique.cpp:51:14: note:   ‘std::ostream {aka std::basic_ostream<char>}’ is not derived from ‘std::basic_istream<_CharT, _Traits>’
    cout>>it->first<<" "<<it->second<<endl;
              ^~~~~
src/subdir.mk:18: recipe for target 'src/IsUnique.o' failed
make: *** [src/IsUnique.o] Error 1
13:31:13 **** Incremental Build of configuration Debug for project IsUnique ****
make all 
Building file: ../src/IsUnique.cpp
Invoking: Cross G++ Compiler
g++ -O0 -g3 -Wall -c -fmessage-length=0 -MMD -MP -MF"src/IsUnique.d" -MT"src/IsUnique.d" -o "src/IsUnique.o" "../src/IsUnique.cpp"
Finished building: ../src/IsUnique.cpp
 
Building target: IsUnique
Invoking: Cross G++ Linker
g++  -o "IsUnique"  ./src/IsUnique.o   
Finished building target: IsUnique
 
13:31:13 **** Incremental Build of configuration Debug for project STL-map ****
make all 
make: Nothing to be done for 'all'.
13:31:15 **** Incremental Build of configuration Debug for project IsUnique ****
make all 
make: Nothing to be done for 'all'.
13:31:35 **** Incremental Build of configuration Debug for project IsUnique ****
make all 
Building file: ../src/IsUnique.cpp
Invoking: Cross G++ Compiler
g++ -O0 -g3 -Wall -c -fmessage-length=0 -MMD -MP -MF"src/IsUnique.d" -MT"src/IsUnique.d" -o "src/IsUnique.o" "../src/IsUnique.cpp"
Finished building: ../src/IsUnique.cpp
 
Building target: IsUnique
Invoking: Cross G++ Linker
g++  -o "IsUnique"  ./src/IsUnique.o   
Finished building target: IsUnique
 
13:31:36 **** Incremental Build of configuration Debug for project STL-map ****
make all 
make: Nothing to be done for 'all'.
13:31:38 **** Incremental Build of configuration Debug for project IsUnique ****
make all 
make: Nothing to be done for 'all'.
13:32:14 **** Incremental Build of configuration Debug for project IsUnique ****
make all 
Building file: ../src/IsUnique.cpp
Invoking: Cross G++ Compiler
g++ -O0 -g3 -Wall -c -fmessage-length=0 -MMD -MP -MF"src/IsUnique.d" -MT"src/IsUnique.d" -o "src/IsUnique.o" "../src/IsUnique.cpp"
Finished building: ../src/IsUnique.cpp
 
Building target: IsUnique
Invoking: Cross G++ Linker
g++  -o "IsUnique"  ./src/IsUnique.o   
Finished building target: IsUnique
 
13:32:15 **** Incremental Build of configuration Debug for project STL-map ****
make all 
make: Nothing to be done for 'all'.
13:32:17 **** Incremental Build of configuration Debug for project IsUnique ****
make all 
make: Nothing to be done for 'all'.
13:32:40 **** Incremental Build of configuration Debug for project IsUnique ****
make all 
Building file: ../src/IsUnique.cpp
Invoking: Cross G++ Compiler
g++ -O0 -g3 -Wall -c -fmessage-length=0 -MMD -MP -MF"src/IsUnique.d" -MT"src/IsUnique.d" -o "src/IsUnique.o" "../src/IsUnique.cpp"
Finished building: ../src/IsUnique.cpp
 
Building target: IsUnique
Invoking: Cross G++ Linker
g++  -o "IsUnique"  ./src/IsUnique.o   
Finished building target: IsUnique
 
13:32:41 **** Incremental Build of configuration Debug for project STL-map ****
make all 
make: Nothing to be done for 'all'.
13:32:42 **** Incremental Build of configuration Debug for project IsUnique ****
make all 
make: Nothing to be done for 'all'.
13:32:52 **** Incremental Build of configuration Debug for project IsUnique ****
make all 
Building file: ../src/IsUnique.cpp
Invoking: Cross G++ Compiler
g++ -O0 -g3 -Wall -c -fmessage-length=0 -MMD -MP -MF"src/IsUnique.d" -MT"src/IsUnique.d" -o "src/IsUnique.o" "../src/IsUnique.cpp"
Finished building: ../src/IsUnique.cpp
 
Building target: IsUnique
Invoking: Cross G++ Linker
g++  -o "IsUnique"  ./src/IsUnique.o   
Finished building target: IsUnique
 
13:32:53 **** Incremental Build of configuration Debug for project STL-map ****
make all 
make: Nothing to be done for 'all'.
13:32:55 **** Incremental Build of configuration Debug for project IsUnique ****
make all 
make: Nothing to be done for 'all'.
13:35:00 **** Incremental Build of configuration Debug for project IsUnique ****
make all 
Building file: ../src/IsUnique.cpp
Invoking: Cross G++ Compiler
g++ -O0 -g3 -Wall -c -fmessage-length=0 -MMD -MP -MF"src/IsUnique.d" -MT"src/IsUnique.d" -o "src/IsUnique.o" "../src/IsUnique.cpp"
Finished building: ../src/IsUnique.cpp
 
Building target: IsUnique
Invoking: Cross G++ Linker
g++  -o "IsUnique"  ./src/IsUnique.o   
Finished building target: IsUnique
 
13:35:00 **** Incremental Build of configuration Debug for project STL-map ****
make all 
make: Nothing to be done for 'all'.
13:35:02 **** Incremental Build of configuration Debug for project IsUnique ****
make all 
make: Nothing to be done for 'all'.
13:58:50 **** Build of configuration Debug for project StringPermute ****
make all 
Building file: ../src/StringPermute.cpp
Invoking: Cross G++ Compiler
g++ -O0 -g3 -Wall -c -fmessage-length=0 -MMD -MP -MF"src/StringPermute.d" -MT"src/StringPermute.d" -o "src/StringPermute.o" "../src/StringPermute.cpp"
Finished building: ../src/StringPermute.cpp
 
Building target: StringPermute
Invoking: Cross G++ Linker
g++  -o "StringPermute"  ./src/StringPermute.o   
Finished building target: StringPermute
 
13:59:01 **** Incremental Build of configuration Debug for project StringPermute ****
make all 
Building file: ../src/StringPermute.cpp
Invoking: Cross G++ Compiler
g++ -O0 -g3 -Wall -c -fmessage-length=0 -MMD -MP -MF"src/StringPermute.d" -MT"src/StringPermute.d" -o "src/StringPermute.o" "../src/StringPermute.cpp"
../src/StringPermute.cpp: In function ‘bool IsStringPermute(std::__cxx11::string, std::__cxx11::string)’:
../src/StringPermute.cpp:18:29: error: lvalue required as left operand of assignment
  if(S1.length() = S2.length())
                             ^
../src/StringPermute.cpp:23:18: error: ‘lenghth’ was not declared in this scope
  for(int i=0; i< lenghth)
                  ^~~~~~~
../src/StringPermute.cpp:23:25: error: expected ‘;’ before ‘)’ token
  for(int i=0; i< lenghth)
                         ^
../src/StringPermute.cpp:24:1: error: expected primary-expression before ‘}’ token
 }
 ^
../src/StringPermute.cpp:24:1: warning: no return statement in function returning non-void [-Wreturn-type]
src/subdir.mk:18: recipe for target 'src/StringPermute.o' failed
make: *** [src/StringPermute.o] Error 1
13:59:45 **** Incremental Build of configuration Debug for project StringPermute ****
make all 
Building file: ../src/StringPermute.cpp
Invoking: Cross G++ Compiler
g++ -O0 -g3 -Wall -c -fmessage-length=0 -MMD -MP -MF"src/StringPermute.d" -MT"src/StringPermute.d" -o "src/StringPermute.o" "../src/StringPermute.cpp"
../src/StringPermute.cpp: In function ‘bool IsStringPermute(std::__cxx11::string, std::__cxx11::string)’:
../src/StringPermute.cpp:23:18: error: ‘lenghth’ was not declared in this scope
  for(int i=0; i< lenghth)
                  ^~~~~~~
../src/StringPermute.cpp:23:25: error: expected ‘;’ before ‘)’ token
  for(int i=0; i< lenghth)
                         ^
../src/StringPermute.cpp:24:1: error: expected primary-expression before ‘}’ token
 }
 ^
../src/StringPermute.cpp:24:1: warning: control reaches end of non-void function [-Wreturn-type]
 }
 ^
src/subdir.mk:18: recipe for target 'src/StringPermute.o' failed
make: *** [src/StringPermute.o] Error 1
14:01:34 **** Incremental Build of configuration Debug for project StringPermute ****
make all 
Building file: ../src/StringPermute.cpp
Invoking: Cross G++ Compiler
g++ -O0 -g3 -Wall -c -fmessage-length=0 -MMD -MP -MF"src/StringPermute.d" -MT"src/StringPermute.d" -o "src/StringPermute.o" "../src/StringPermute.cpp"
../src/StringPermute.cpp: In function ‘bool IsStringPermute(std::__cxx11::string, std::__cxx11::string)’:
../src/StringPermute.cpp:24:27: error: ‘std::__cxx11::string {aka class std::__cxx11::basic_string<char>}’ has no member named ‘lenghth’; did you mean ‘length’?
   for(unsigned i=0; i< S1.lenghth(); i++)
                           ^~~~~~~
../src/StringPermute.cpp:29:1: warning: control reaches end of non-void function [-Wreturn-type]
 }
 ^
src/subdir.mk:18: recipe for target 'src/StringPermute.o' failed
make: *** [src/StringPermute.o] Error 1
14:01:50 **** Incremental Build of configuration Debug for project StringPermute ****
make all 
Building file: ../src/StringPermute.cpp
Invoking: Cross G++ Compiler
g++ -O0 -g3 -Wall -c -fmessage-length=0 -MMD -MP -MF"src/StringPermute.d" -MT"src/StringPermute.d" -o "src/StringPermute.o" "../src/StringPermute.cpp"
../src/StringPermute.cpp: In function ‘bool IsStringPermute(std::__cxx11::string, std::__cxx11::string)’:
../src/StringPermute.cpp:29:1: warning: control reaches end of non-void function [-Wreturn-type]
 }
 ^
Finished building: ../src/StringPermute.cpp
 
Building target: StringPermute
Invoking: Cross G++ Linker
g++  -o "StringPermute"  ./src/StringPermute.o   
Finished building target: StringPermute
 
14:11:19 **** Incremental Build of configuration Debug for project StringPermute ****
make all 
Building file: ../src/StringPermute.cpp
Invoking: Cross G++ Compiler
g++ -O0 -g3 -Wall -c -fmessage-length=0 -MMD -MP -MF"src/StringPermute.d" -MT"src/StringPermute.d" -o "src/StringPermute.o" "../src/StringPermute.cpp"
Finished building: ../src/StringPermute.cpp
 
Building target: StringPermute
Invoking: Cross G++ Linker
g++  -o "StringPermute"  ./src/StringPermute.o   
Finished building target: StringPermute
 
14:12:26 **** Incremental Build of configuration Debug for project StringPermute ****
make all 
Building file: ../src/StringPermute.cpp
Invoking: Cross G++ Compiler
g++ -O0 -g3 -Wall -c -fmessage-length=0 -MMD -MP -MF"src/StringPermute.d" -MT"src/StringPermute.d" -o "src/StringPermute.o" "../src/StringPermute.cpp"
Finished building: ../src/StringPermute.cpp
 
Building target: StringPermute
Invoking: Cross G++ Linker
g++  -o "StringPermute"  ./src/StringPermute.o   
Finished building target: StringPermute
 
14:12:37 **** Incremental Build of configuration Debug for project StringPermute ****
make all 
make: Nothing to be done for 'all'.
14:12:46 **** Incremental Build of configuration Debug for project StringPermute ****
make all 
Building file: ../src/StringPermute.cpp
Invoking: Cross G++ Compiler
g++ -O0 -g3 -Wall -c -fmessage-length=0 -MMD -MP -MF"src/StringPermute.d" -MT"src/StringPermute.d" -o "src/StringPermute.o" "../src/StringPermute.cpp"
Finished building: ../src/StringPermute.cpp
 
Building target: StringPermute
Invoking: Cross G++ Linker
g++  -o "StringPermute"  ./src/StringPermute.o   
Finished building target: StringPermute
 
14:13:41 **** Incremental Build of configuration Debug for project StringPermute ****
make all 
Building file: ../src/StringPermute.cpp
Invoking: Cross G++ Compiler
g++ -O0 -g3 -Wall -c -fmessage-length=0 -MMD -MP -MF"src/StringPermute.d" -MT"src/StringPermute.d" -o "src/StringPermute.o" "../src/StringPermute.cpp"
Finished building: ../src/StringPermute.cpp
 
Building target: StringPermute
Invoking: Cross G++ Linker
g++  -o "StringPermute"  ./src/StringPermute.o   
Finished building target: StringPermute
 
14:13:44 **** Incremental Build of configuration Debug for project StringPermute ****
make all 
make: Nothing to be done for 'all'.
14:14:19 **** Incremental Build of configuration Debug for project StringPermute ****
make all 
Building file: ../src/StringPermute.cpp
Invoking: Cross G++ Compiler
g++ -O0 -g3 -Wall -c -fmessage-length=0 -MMD -MP -MF"src/StringPermute.d" -MT"src/StringPermute.d" -o "src/StringPermute.o" "../src/StringPermute.cpp"
Finished building: ../src/StringPermute.cpp
 
Building target: StringPermute
Invoking: Cross G++ Linker
g++  -o "StringPermute"  ./src/StringPermute.o   
Finished building target: StringPermute
 
14:14:22 **** Incremental Build of configuration Debug for project StringPermute ****
make all 
make: Nothing to be done for 'all'.
14:15:03 **** Incremental Build of configuration Debug for project StringPermute ****
make all 
Building file: ../src/StringPermute.cpp
Invoking: Cross G++ Compiler
g++ -O0 -g3 -Wall -c -fmessage-length=0 -MMD -MP -MF"src/StringPermute.d" -MT"src/StringPermute.d" -o "src/StringPermute.o" "../src/StringPermute.cpp"
Finished building: ../src/StringPermute.cpp
 
Building target: StringPermute
Invoking: Cross G++ Linker
g++  -o "StringPermute"  ./src/StringPermute.o   
Finished building target: StringPermute
 
14:15:05 **** Incremental Build of configuration Debug for project StringPermute ****
make all 
make: Nothing to be done for 'all'.
14:15:09 **** Incremental Build of configuration Debug for project StringPermute ****
make all 
Building file: ../src/StringPermute.cpp
Invoking: Cross G++ Compiler
g++ -O0 -g3 -Wall -c -fmessage-length=0 -MMD -MP -MF"src/StringPermute.d" -MT"src/StringPermute.d" -o "src/StringPermute.o" "../src/StringPermute.cpp"
Finished building: ../src/StringPermute.cpp
 
Building target: StringPermute
Invoking: Cross G++ Linker
g++  -o "StringPermute"  ./src/StringPermute.o   
Finished building target: StringPermute
 
14:15:15 **** Incremental Build of configuration Debug for project StringPermute ****
make all 
Building file: ../src/StringPermute.cpp
Invoking: Cross G++ Compiler
g++ -O0 -g3 -Wall -c -fmessage-length=0 -MMD -MP -MF"src/StringPermute.d" -MT"src/StringPermute.d" -o "src/StringPermute.o" "../src/StringPermute.cpp"
Finished building: ../src/StringPermute.cpp
 
Building target: StringPermute
Invoking: Cross G++ Linker
g++  -o "StringPermute"  ./src/StringPermute.o   
Finished building target: StringPermute
 
14:15:16 **** Incremental Build of configuration Debug for project StringPermute ****
make all 
make: Nothing to be done for 'all'.
14:15:48 **** Incremental Build of configuration Debug for project StringPermute ****
make all 
Building file: ../src/StringPermute.cpp
Invoking: Cross G++ Compiler
g++ -O0 -g3 -Wall -c -fmessage-length=0 -MMD -MP -MF"src/StringPermute.d" -MT"src/StringPermute.d" -o "src/StringPermute.o" "../src/StringPermute.cpp"
Finished building: ../src/StringPermute.cpp
 
Building target: StringPermute
Invoking: Cross G++ Linker
g++  -o "StringPermute"  ./src/StringPermute.o   
Finished building target: StringPermute
 
14:15:50 **** Incremental Build of configuration Debug for project StringPermute ****
make all 
make: Nothing to be done for 'all'.
14:16:00 **** Incremental Build of configuration Debug for project StringPermute ****
make all 
Building file: ../src/StringPermute.cpp
Invoking: Cross G++ Compiler
g++ -O0 -g3 -Wall -c -fmessage-length=0 -MMD -MP -MF"src/StringPermute.d" -MT"src/StringPermute.d" -o "src/StringPermute.o" "../src/StringPermute.cpp"
Finished building: ../src/StringPermute.cpp
 
Building target: StringPermute
Invoking: Cross G++ Linker
g++  -o "StringPermute"  ./src/StringPermute.o   
Finished building target: StringPermute
 
14:16:02 **** Incremental Build of configuration Debug for project StringPermute ****
make all 
make: Nothing to be done for 'all'.
14:16:13 **** Incremental Build of configuration Debug for project StringPermute ****
make all 
Building file: ../src/StringPermute.cpp
Invoking: Cross G++ Compiler
g++ -O0 -g3 -Wall -c -fmessage-length=0 -MMD -MP -MF"src/StringPermute.d" -MT"src/StringPermute.d" -o "src/StringPermute.o" "../src/StringPermute.cpp"
Finished building: ../src/StringPermute.cpp
 
Building target: StringPermute
Invoking: Cross G++ Linker
g++  -o "StringPermute"  ./src/StringPermute.o   
Finished building target: StringPermute
 
14:16:15 **** Incremental Build of configuration Debug for project StringPermute ****
make all 
make: Nothing to be done for 'all'.
14:16:24 **** Incremental Build of configuration Debug for project StringPermute ****
make all 
Building file: ../src/StringPermute.cpp
Invoking: Cross G++ Compiler
g++ -O0 -g3 -Wall -c -fmessage-length=0 -MMD -MP -MF"src/StringPermute.d" -MT"src/StringPermute.d" -o "src/StringPermute.o" "../src/StringPermute.cpp"
Finished building: ../src/StringPermute.cpp
 
Building target: StringPermute
Invoking: Cross G++ Linker
g++  -o "StringPermute"  ./src/StringPermute.o   
Finished building target: StringPermute
 
14:16:26 **** Incremental Build of configuration Debug for project StringPermute ****
make all 
make: Nothing to be done for 'all'.
14:16:51 **** Incremental Build of configuration Debug for project StringPermute ****
make all 
Building file: ../src/StringPermute.cpp
Invoking: Cross G++ Compiler
g++ -O0 -g3 -Wall -c -fmessage-length=0 -MMD -MP -MF"src/StringPermute.d" -MT"src/StringPermute.d" -o "src/StringPermute.o" "../src/StringPermute.cpp"
Finished building: ../src/StringPermute.cpp
 
Building target: StringPermute
Invoking: Cross G++ Linker
g++  -o "StringPermute"  ./src/StringPermute.o   
Finished building target: StringPermute
 
14:16:54 **** Incremental Build of configuration Debug for project StringPermute ****
make all 
make: Nothing to be done for 'all'.
14:17:09 **** Incremental Build of configuration Debug for project StringPermute ****
make all 
Building file: ../src/StringPermute.cpp
Invoking: Cross G++ Compiler
g++ -O0 -g3 -Wall -c -fmessage-length=0 -MMD -MP -MF"src/StringPermute.d" -MT"src/StringPermute.d" -o "src/StringPermute.o" "../src/StringPermute.cpp"
Finished building: ../src/StringPermute.cpp
 
Building target: StringPermute
Invoking: Cross G++ Linker
g++  -o "StringPermute"  ./src/StringPermute.o   
Finished building target: StringPermute
 
14:17:11 **** Incremental Build of configuration Debug for project StringPermute ****
make all 
make: Nothing to be done for 'all'.
14:17:34 **** Incremental Build of configuration Debug for project StringPermute ****
make all 
Building file: ../src/StringPermute.cpp
Invoking: Cross G++ Compiler
g++ -O0 -g3 -Wall -c -fmessage-length=0 -MMD -MP -MF"src/StringPermute.d" -MT"src/StringPermute.d" -o "src/StringPermute.o" "../src/StringPermute.cpp"
Finished building: ../src/StringPermute.cpp
 
Building target: StringPermute
Invoking: Cross G++ Linker
g++  -o "StringPermute"  ./src/StringPermute.o   
Finished building target: StringPermute
 
14:17:36 **** Incremental Build of configuration Debug for project StringPermute ****
make all 
make: Nothing to be done for 'all'.
16:20:42 **** Build of configuration Debug for project Hash ****
make all 
Building file: ../src/main.cpp
Invoking: Cross G++ Compiler
g++ -O0 -g3 -Wall -c -fmessage-length=0 -MMD -MP -MF"src/main.d" -MT"src/main.d" -o "src/main.o" "../src/main.cpp"
In file included from ../src/main.cpp:10:0:
../src/hash.h:15:1: error: ‘claa’ does not name a type
 claa HashTable
 ^~~~
src/subdir.mk:18: recipe for target 'src/main.o' failed
make: *** [src/main.o] Error 1
16:20:49 **** Incremental Build of configuration Debug for project Hash ****
make all 
Building file: ../src/main.cpp
Invoking: Cross G++ Compiler
g++ -O0 -g3 -Wall -c -fmessage-length=0 -MMD -MP -MF"src/main.d" -MT"src/main.d" -o "src/main.o" "../src/main.cpp"
In file included from ../src/main.cpp:10:0:
../src/hash.h:20:19: error: ‘string’ has not been declared
  int HashFunction(string key);
                   ^~~~~~
../src/hash.h:21:1: error: expected ‘;’ after class definition
 }
 ^
../src/hash.h:23:29: error: ‘int HashTable::HashFunction’ is not a static data member of ‘class HashTable’
 int HashTable::HashFunction(string key)
                             ^~~~~~
../src/hash.h:23:29: error: ‘string’ was not declared in this scope
../src/hash.h:23:29: note: suggested alternatives:
In file included from /usr/include/c++/6/iosfwd:39:0,
                 from /usr/include/c++/6/ios:38,
                 from /usr/include/c++/6/ostream:38,
                 from /usr/include/c++/6/iostream:39,
                 from ../src/main.cpp:9:
/usr/include/c++/6/bits/stringfwd.h:74:33: note:   ‘std::__cxx11::string’
   typedef basic_string<char>    string;
                                 ^~~~~~
/usr/include/c++/6/bits/stringfwd.h:74:33: note:   ‘std::__cxx11::string’
make: *** [src/main.o] Error 1
src/subdir.mk:18: recipe for target 'src/main.o' failed
16:21:04 **** Incremental Build of configuration Debug for project Hash ****
make all 
Building file: ../src/main.cpp
Invoking: Cross G++ Compiler
g++ -O0 -g3 -Wall -c -fmessage-length=0 -MMD -MP -MF"src/main.d" -MT"src/main.d" -o "src/main.o" "../src/main.cpp"
In file included from ../src/main.cpp:10:0:
../src/hash.h:20:19: error: ‘string’ has not been declared
  int HashFunction(string key);
                   ^~~~~~
../src/hash.h:21:1: error: expected ‘;’ after class definition
 }
 ^
../src/hash.h:23:29: error: ‘int HashTable::HashFunction’ is not a static data member of ‘class HashTable’
 int HashTable::HashFunction(string key)
                             ^~~~~~
../src/hash.h:23:29: error: ‘string’ was not declared in this scope
../src/hash.h:23:29: note: suggested alternatives:
In file included from /usr/include/c++/6/iosfwd:39:0,
                 from /usr/include/c++/6/ios:38,
                 from /usr/include/c++/6/ostream:38,
                 from /usr/include/c++/6/iostream:39,
                 from ../src/main.cpp:9:
/usr/include/c++/6/bits/stringfwd.h:74:33: note:   ‘std::__cxx11::string’
   typedef basic_string<char>    string;
                                 ^~~~~~
/usr/include/c++/6/bits/stringfwd.h:74:33: note:   ‘std::__cxx11::string’
make: *** [src/main.o] Error 1
src/subdir.mk:18: recipe for target 'src/main.o' failed
16:21:16 **** Incremental Build of configuration Debug for project Hash ****
make all 
Building file: ../src/main.cpp
Invoking: Cross G++ Compiler
g++ -O0 -g3 -Wall -c -fmessage-length=0 -MMD -MP -MF"src/main.d" -MT"src/main.d" -o "src/main.o" "../src/main.cpp"
In file included from ../src/main.cpp:10:0:
../src/hash.h:23:1: error: expected ‘;’ after class definition
 }
 ^
../src/hash.h: In member function ‘int HashTable::HashFunction(std::__cxx11::string)’:
../src/hash.h:28:1: warning: no return statement in function returning non-void [-Wreturn-type]
 }
 ^
src/subdir.mk:18: recipe for target 'src/main.o' failed
make: *** [src/main.o] Error 1
16:21:25 **** Incremental Build of configuration Debug for project Hash ****
make all 
Building file: ../src/main.cpp
Invoking: Cross G++ Compiler
g++ -O0 -g3 -Wall -c -fmessage-length=0 -MMD -MP -MF"src/main.d" -MT"src/main.d" -o "src/main.o" "../src/main.cpp"
In file included from ../src/main.cpp:10:0:
../src/hash.h: In member function ‘int HashTable::HashFunction(std::__cxx11::string)’:
../src/hash.h:28:1: warning: no return statement in function returning non-void [-Wreturn-type]
 }
 ^
Finished building: ../src/main.cpp
 
Building target: Hash
Invoking: Cross G++ Linker
g++  -o "Hash"  ./src/main.o   
Finished building target: Hash
 
16:23:09 **** Incremental Build of configuration Debug for project Hash ****
make all 
Building file: ../src/main.cpp
Invoking: Cross G++ Compiler
g++ -O0 -g3 -Wall -c -fmessage-length=0 -MMD -MP -MF"src/main.d" -MT"src/main.d" -o "src/main.o" "../src/main.cpp"
In file included from ../src/main.cpp:10:0:
../src/hash.h: In member function ‘int HashTable::HashFunction(std::__cxx11::string)’:
../src/hash.h:29:16: warning: comparison between signed and unsigned integer expressions [-Wsign-compare]
  for(int i=0; i< name.length(); i++)
               ~^~~~~~~~~~~~~~~
../src/hash.h:33:1: warning: no return statement in function returning non-void [-Wreturn-type]
 }
 ^
Finished building: ../src/main.cpp
 
Building target: Hash
Invoking: Cross G++ Linker
g++  -o "Hash"  ./src/main.o   
Finished building target: Hash
 
16:23:28 **** Incremental Build of configuration Debug for project Hash ****
make all 
Building file: ../src/main.cpp
Invoking: Cross G++ Compiler
g++ -O0 -g3 -Wall -c -fmessage-length=0 -MMD -MP -MF"src/main.d" -MT"src/main.d" -o "src/main.o" "../src/main.cpp"
In file included from ../src/main.cpp:10:0:
../src/hash.h: In member function ‘int HashTable::HashFunction(std::__cxx11::string)’:
../src/hash.h:33:1: warning: no return statement in function returning non-void [-Wreturn-type]
 }
 ^
Finished building: ../src/main.cpp
 
Building target: Hash
Invoking: Cross G++ Linker
g++  -o "Hash"  ./src/main.o   
Finished building target: Hash
 
16:35:01 **** Incremental Build of configuration Debug for project Hash ****
make all 
Building file: ../src/main.cpp
Invoking: Cross G++ Compiler
g++ -O0 -g3 -Wall -c -fmessage-length=0 -MMD -MP -MF"src/main.d" -MT"src/main.d" -o "src/main.o" "../src/main.cpp"
Finished building: ../src/main.cpp
 
Building target: Hash
Invoking: Cross G++ Linker
g++  -o "Hash"  ./src/main.o   
Finished building target: Hash
 
16:35:53 **** Incremental Build of configuration Debug for project Hash ****
make all 
Building file: ../src/main.cpp
Invoking: Cross G++ Compiler
g++ -O0 -g3 -Wall -c -fmessage-length=0 -MMD -MP -MF"src/main.d" -MT"src/main.d" -o "src/main.o" "../src/main.cpp"
Finished building: ../src/main.cpp
 
Building target: Hash
Invoking: Cross G++ Linker
g++  -o "Hash"  ./src/main.o   
Finished building target: Hash
 
16:36:07 **** Incremental Build of configuration Debug for project Hash ****
make all 
make: Nothing to be done for 'all'.
16:36:47 **** Incremental Build of configuration Debug for project Hash ****
make all 
Building file: ../src/main.cpp
Invoking: Cross G++ Compiler
g++ -O0 -g3 -Wall -c -fmessage-length=0 -MMD -MP -MF"src/main.d" -MT"src/main.d" -o "src/main.o" "../src/main.cpp"
Finished building: ../src/main.cpp
 
Building target: Hash
Invoking: Cross G++ Linker
g++  -o "Hash"  ./src/main.o   
Finished building target: Hash
 
16:42:37 **** Incremental Build of configuration Debug for project Hash ****
make all 
make: Nothing to be done for 'all'.
16:42:50 **** Incremental Build of configuration Debug for project Hash ****
make all 
Building file: ../src/main.cpp
Invoking: Cross G++ Compiler
g++ -O0 -g3 -Wall -c -fmessage-length=0 -MMD -MP -MF"src/main.d" -MT"src/main.d" -o "src/main.o" "../src/main.cpp"
Finished building: ../src/main.cpp
 
Building target: Hash
Invoking: Cross G++ Linker
g++  -o "Hash"  ./src/main.o   
Finished building target: Hash
 
16:42:59 **** Incremental Build of configuration Debug for project Hash ****
make all 
Building file: ../src/main.cpp
Invoking: Cross G++ Compiler
g++ -O0 -g3 -Wall -c -fmessage-length=0 -MMD -MP -MF"src/main.d" -MT"src/main.d" -o "src/main.o" "../src/main.cpp"
Finished building: ../src/main.cpp
 
Building target: Hash
Invoking: Cross G++ Linker
g++  -o "Hash"  ./src/main.o   
Finished building target: Hash
 
16:45:14 **** Incremental Build of configuration Debug for project Hash ****
make all 
Building file: ../src/main.cpp
Invoking: Cross G++ Compiler
g++ -O0 -g3 -Wall -c -fmessage-length=0 -MMD -MP -MF"src/main.d" -MT"src/main.d" -o "src/main.o" "../src/main.cpp"
In file included from ../src/main.cpp:10:0:
../src/hash.h: In member function ‘int HashTable::HashFunction(std::__cxx11::string)’:
../src/hash.h:34:22: error: ‘MAX_SIZE’ was not declared in this scope
  return hashNumber % MAX_SIZE;
                      ^~~~~~~~
make: *** [src/main.o] Error 1
src/subdir.mk:18: recipe for target 'src/main.o' failed
16:45:23 **** Incremental Build of configuration Debug for project Hash ****
make all 
Building file: ../src/main.cpp
Invoking: Cross G++ Compiler
g++ -O0 -g3 -Wall -c -fmessage-length=0 -MMD -MP -MF"src/main.d" -MT"src/main.d" -o "src/main.o" "../src/main.cpp"
Finished building: ../src/main.cpp
 
Building target: Hash
Invoking: Cross G++ Linker
g++  -o "Hash"  ./src/main.o   
Finished building target: Hash
 
16:45:51 **** Incremental Build of configuration Debug for project Hash ****
make all 
Building file: ../src/main.cpp
Invoking: Cross G++ Compiler
g++ -O0 -g3 -Wall -c -fmessage-length=0 -MMD -MP -MF"src/main.d" -MT"src/main.d" -o "src/main.o" "../src/main.cpp"
Finished building: ../src/main.cpp
 
Building target: Hash
Invoking: Cross G++ Linker
g++  -o "Hash"  ./src/main.o   
./src/main.o: In function `main':
/home/shreeganesh/Documents/C++/C-STL/Hash/Debug/../src/main.cpp:14: undefined reference to `HashTable::HashTable()'
collect2: error: ld returned 1 exit status
makefile:45: recipe for target 'Hash' failed
make: *** [Hash] Error 1
16:47:54 **** Incremental Build of configuration Debug for project Hash ****
make all 
Building file: ../src/main.cpp
Invoking: Cross G++ Compiler
g++ -O0 -g3 -Wall -c -fmessage-length=0 -MMD -MP -MF"src/main.d" -MT"src/main.d" -o "src/main.o" "../src/main.cpp"
Finished building: ../src/main.cpp
 
Building target: Hash
Invoking: Cross G++ Linker
g++  -o "Hash"  ./src/main.o   
./src/main.o: In function `main':
/home/shreeganesh/Documents/C++/C-STL/Hash/Debug/../src/main.cpp:14: undefined reference to `HashTable::HashTable()'
makefile:45: recipe for target 'Hash' failed
collect2: error: ld returned 1 exit status
make: *** [Hash] Error 1
16:53:50 **** Incremental Build of configuration Debug for project Hash ****
make all 
Building file: ../src/main.cpp
Invoking: Cross G++ Compiler
g++ -O0 -g3 -Wall -c -fmessage-length=0 -MMD -MP -MF"src/main.d" -MT"src/main.d" -o "src/main.o" "../src/main.cpp"
Finished building: ../src/main.cpp
 
Building target: Hash
Invoking: Cross G++ Linker
g++  -o "Hash"  ./src/main.o   
Finished building target: Hash
 
17:15:10 **** Incremental Build of configuration Debug for project Hash ****
make all 
Building file: ../src/main.cpp
Invoking: Cross G++ Compiler
g++ -O0 -g3 -Wall -c -fmessage-length=0 -MMD -MP -MF"src/main.d" -MT"src/main.d" -o "src/main.o" "../src/main.cpp"
In file included from ../src/main.cpp:10:0:
../src/hash.h: In constructor ‘HashTable::HashTable()’:
../src/hash.h:53:13: error: ‘struct item’ has no member named ‘contect’; did you mean ‘contact’?
   Table[i]->contect = 0;
             ^~~~~~~
../src/hash.h: In member function ‘void HashTable::AddItems(std::__cxx11::string, int)’:
../src/hash.h:68:5: error: ‘struct item’ has no member named ‘contect’; did you mean ‘contact’?
  n->contect = contacts;
     ^~~~~~~
make: *** [src/main.o] Error 1
src/subdir.mk:18: recipe for target 'src/main.o' failed
17:15:21 **** Incremental Build of configuration Debug for project Hash ****
make all 
Building file: ../src/main.cpp
Invoking: Cross G++ Compiler
g++ -O0 -g3 -Wall -c -fmessage-length=0 -MMD -MP -MF"src/main.d" -MT"src/main.d" -o "src/main.o" "../src/main.cpp"
In file included from ../src/main.cpp:10:0:
../src/hash.h: In member function ‘void HashTable::AddItems(std::__cxx11::string, int)’:
../src/hash.h:68:5: error: ‘struct item’ has no member named ‘contect’; did you mean ‘contact’?
  n->contect = contacts;
     ^~~~~~~
src/subdir.mk:18: recipe for target 'src/main.o' failed
make: *** [src/main.o] Error 1
17:21:13 **** Incremental Build of configuration Debug for project Hash ****
make all 
Building file: ../src/main.cpp
Invoking: Cross G++ Compiler
g++ -O0 -g3 -Wall -c -fmessage-length=0 -MMD -MP -MF"src/main.d" -MT"src/main.d" -o "src/main.o" "../src/main.cpp"
Finished building: ../src/main.cpp
 
Building target: Hash
Invoking: Cross G++ Linker
g++  -o "Hash"  ./src/main.o   
Finished building target: Hash
 
18:19:06 **** Incremental Build of configuration Debug for project Hash ****
make all 
Building file: ../src/main.cpp
Invoking: Cross G++ Compiler
g++ -O0 -g3 -Wall -c -fmessage-length=0 -MMD -MP -MF"src/main.d" -MT"src/main.d" -o "src/main.o" "../src/main.cpp"
In file included from ../src/main.cpp:10:0:
../src/hash.h: In member function ‘void HashTable::PrintTable()’:
../src/hash.h:40:6: error: ‘i’ was not declared in this scope
  for(i= 0 ; i<TableSize ; i++)
      ^
make: *** [src/main.o] Error 1
src/subdir.mk:18: recipe for target 'src/main.o' failed
18:19:13 **** Incremental Build of configuration Debug for project Hash ****
make all 
Building file: ../src/main.cpp
Invoking: Cross G++ Compiler
g++ -O0 -g3 -Wall -c -fmessage-length=0 -MMD -MP -MF"src/main.d" -MT"src/main.d" -o "src/main.o" "../src/main.cpp"
In file included from ../src/main.cpp:10:0:
../src/hash.h: In member function ‘void HashTable::PrintTable()’:
../src/hash.h:39:6: warning: variable ‘number’ set but not used [-Wunused-but-set-variable]
  int number;
      ^~~~~~
Finished building: ../src/main.cpp
 
Building target: Hash
Invoking: Cross G++ Linker
g++  -o "Hash"  ./src/main.o   
Finished building target: Hash
 
18:21:58 **** Incremental Build of configuration Debug for project Hash ****
make all 
Building file: ../src/main.cpp
Invoking: Cross G++ Compiler
g++ -O0 -g3 -Wall -c -fmessage-length=0 -MMD -MP -MF"src/main.d" -MT"src/main.d" -o "src/main.o" "../src/main.cpp"
Finished building: ../src/main.cpp
 
Building target: Hash
Invoking: Cross G++ Linker
g++  -o "Hash"  ./src/main.o   
Finished building target: Hash
 
18:23:47 **** Incremental Build of configuration Debug for project Hash ****
make all 
Building file: ../src/main.cpp
Invoking: Cross G++ Compiler
g++ -O0 -g3 -Wall -c -fmessage-length=0 -MMD -MP -MF"src/main.d" -MT"src/main.d" -o "src/main.o" "../src/main.cpp"
../src/main.cpp: In function ‘int main()’:
../src/main.cpp:17:2: error: expected ‘;’ before ‘return’
  return 0;
  ^~~~~~
make: *** [src/main.o] Error 1
src/subdir.mk:18: recipe for target 'src/main.o' failed
18:23:53 **** Incremental Build of configuration Debug for project Hash ****
make all 
Building file: ../src/main.cpp
Invoking: Cross G++ Compiler
g++ -O0 -g3 -Wall -c -fmessage-length=0 -MMD -MP -MF"src/main.d" -MT"src/main.d" -o "src/main.o" "../src/main.cpp"
Finished building: ../src/main.cpp
 
Building target: Hash
Invoking: Cross G++ Linker
g++  -o "Hash"  ./src/main.o   
Finished building target: Hash
 
18:34:23 **** Incremental Build of configuration Debug for project Hash ****
make all 
Building file: ../src/main.cpp
Invoking: Cross G++ Compiler
g++ -O0 -g3 -Wall -c -fmessage-length=0 -MMD -MP -MF"src/main.d" -MT"src/main.d" -o "src/main.o" "../src/main.cpp"
Finished building: ../src/main.cpp
 
Building target: Hash
Invoking: Cross G++ Linker
g++  -o "Hash"  ./src/main.o   
Finished building target: Hash
 
18:34:31 **** Incremental Build of configuration Debug for project Hash ****
make all 
Building file: ../src/main.cpp
Invoking: Cross G++ Compiler
g++ -O0 -g3 -Wall -c -fmessage-length=0 -MMD -MP -MF"src/main.d" -MT"src/main.d" -o "src/main.o" "../src/main.cpp"
Finished building: ../src/main.cpp
 
Building target: Hash
Invoking: Cross G++ Linker
g++  -o "Hash"  ./src/main.o   
Finished building target: Hash
 
18:34:33 **** Incremental Build of configuration Debug for project Hash ****
make all 
make: Nothing to be done for 'all'.
18:35:50 **** Incremental Build of configuration Debug for project Hash ****
make all 
Building file: ../src/main.cpp
Invoking: Cross G++ Compiler
g++ -O0 -g3 -Wall -c -fmessage-length=0 -MMD -MP -MF"src/main.d" -MT"src/main.d" -o "src/main.o" "../src/main.cpp"
Finished building: ../src/main.cpp
 
Building target: Hash
Invoking: Cross G++ Linker
g++  -o "Hash"  ./src/main.o   
Finished building target: Hash
 
18:35:53 **** Incremental Build of configuration Debug for project Hash ****
make all 
make: Nothing to be done for 'all'.
18:43:57 **** Incremental Build of configuration Debug for project Hash ****
make all 
Building file: ../src/main.cpp
Invoking: Cross G++ Compiler
g++ -O0 -g3 -Wall -c -fmessage-length=0 -MMD -MP -MF"src/main.d" -MT"src/main.d" -o "src/main.o" "../src/main.cpp"
Finished building: ../src/main.cpp
 
Building target: Hash
Invoking: Cross G++ Linker
g++  -o "Hash"  ./src/main.o   
Finished building target: Hash
 
18:44:07 **** Incremental Build of configuration Debug for project Hash ****
make all 
make: Nothing to be done for 'all'.
18:44:10 **** Incremental Build of configuration Debug for project Hash ****
make all 
make: Nothing to be done for 'all'.
18:44:40 **** Incremental Build of configuration Debug for project Hash ****
make all 
Building file: ../src/main.cpp
Invoking: Cross G++ Compiler
g++ -O0 -g3 -Wall -c -fmessage-length=0 -MMD -MP -MF"src/main.d" -MT"src/main.d" -o "src/main.o" "../src/main.cpp"
Finished building: ../src/main.cpp
 
Building target: Hash
Invoking: Cross G++ Linker
g++  -o "Hash"  ./src/main.o   
Finished building target: Hash
 
18:44:43 **** Incremental Build of configuration Debug for project Hash ****
make all 
make: Nothing to be done for 'all'.
18:45:10 **** Incremental Build of configuration Debug for project Hash ****
make all 
Building file: ../src/main.cpp
Invoking: Cross G++ Compiler
g++ -O0 -g3 -Wall -c -fmessage-length=0 -MMD -MP -MF"src/main.d" -MT"src/main.d" -o "src/main.o" "../src/main.cpp"
Finished building: ../src/main.cpp
 
Building target: Hash
Invoking: Cross G++ Linker
g++  -o "Hash"  ./src/main.o   
Finished building target: Hash
 
18:45:12 **** Incremental Build of configuration Debug for project Hash ****
make all 
make: Nothing to be done for 'all'.
18:45:35 **** Incremental Build of configuration Debug for project Hash ****
make all 
Building file: ../src/main.cpp
Invoking: Cross G++ Compiler
g++ -O0 -g3 -Wall -c -fmessage-length=0 -MMD -MP -MF"src/main.d" -MT"src/main.d" -o "src/main.o" "../src/main.cpp"
Finished building: ../src/main.cpp
 
Building target: Hash
Invoking: Cross G++ Linker
g++  -o "Hash"  ./src/main.o   
Finished building target: Hash
 
18:45:37 **** Incremental Build of configuration Debug for project Hash ****
make all 
make: Nothing to be done for 'all'.
18:46:20 **** Incremental Build of configuration Debug for project Hash ****
make all 
Building file: ../src/main.cpp
Invoking: Cross G++ Compiler
g++ -O0 -g3 -Wall -c -fmessage-length=0 -MMD -MP -MF"src/main.d" -MT"src/main.d" -o "src/main.o" "../src/main.cpp"
In file included from ../src/main.cpp:10:0:
../src/hash.h: In member function ‘void HashTable::PrintTable()’:
../src/hash.h:39:6: warning: variable ‘number’ set but not used [-Wunused-but-set-variable]
  int number;
      ^~~~~~
Finished building: ../src/main.cpp
 
Building target: Hash
Invoking: Cross G++ Linker
g++  -o "Hash"  ./src/main.o   
Finished building target: Hash
 
18:47:10 **** Incremental Build of configuration Debug for project Hash ****
make all 
Building file: ../src/main.cpp
Invoking: Cross G++ Compiler
g++ -O0 -g3 -Wall -c -fmessage-length=0 -MMD -MP -MF"src/main.d" -MT"src/main.d" -o "src/main.o" "../src/main.cpp"
Finished building: ../src/main.cpp
 
Building target: Hash
Invoking: Cross G++ Linker
g++  -o "Hash"  ./src/main.o   
Finished building target: Hash
 
18:47:51 **** Incremental Build of configuration Debug for project Hash ****
make all 
make: Nothing to be done for 'all'.
18:47:54 **** Incremental Build of configuration Debug for project Hash ****
make all 
make: Nothing to be done for 'all'.
18:48:33 **** Incremental Build of configuration Debug for project Hash ****
make all 
Building file: ../src/main.cpp
Invoking: Cross G++ Compiler
g++ -O0 -g3 -Wall -c -fmessage-length=0 -MMD -MP -MF"src/main.d" -MT"src/main.d" -o "src/main.o" "../src/main.cpp"
Finished building: ../src/main.cpp
 
Building target: Hash
Invoking: Cross G++ Linker
g++  -o "Hash"  ./src/main.o   
Finished building target: Hash
 
18:48:34 **** Incremental Build of configuration Debug for project Hash ****
make all 
make: Nothing to be done for 'all'.
18:50:52 **** Incremental Build of configuration Debug for project Hash ****
make all 
Building file: ../src/main.cpp
Invoking: Cross G++ Compiler
g++ -O0 -g3 -Wall -c -fmessage-length=0 -MMD -MP -MF"src/main.d" -MT"src/main.d" -o "src/main.o" "../src/main.cpp"
Finished building: ../src/main.cpp
 
Building target: Hash
Invoking: Cross G++ Linker
g++  -o "Hash"  ./src/main.o   
Finished building target: Hash
 
18:50:56 **** Incremental Build of configuration Debug for project Hash ****
make all 
make: Nothing to be done for 'all'.
18:51:48 **** Incremental Build of configuration Debug for project Hash ****
make all 
Building file: ../src/main.cpp
Invoking: Cross G++ Compiler
g++ -O0 -g3 -Wall -c -fmessage-length=0 -MMD -MP -MF"src/main.d" -MT"src/main.d" -o "src/main.o" "../src/main.cpp"
Finished building: ../src/main.cpp
 
Building target: Hash
Invoking: Cross G++ Linker
g++  -o "Hash"  ./src/main.o   
Finished building target: Hash
 
18:51:51 **** Incremental Build of configuration Debug for project Hash ****
make all 
make: Nothing to be done for 'all'.
18:52:19 **** Incremental Build of configuration Debug for project Hash ****
make all 
Building file: ../src/main.cpp
Invoking: Cross G++ Compiler
g++ -O0 -g3 -Wall -c -fmessage-length=0 -MMD -MP -MF"src/main.d" -MT"src/main.d" -o "src/main.o" "../src/main.cpp"
Finished building: ../src/main.cpp
 
Building target: Hash
Invoking: Cross G++ Linker
g++  -o "Hash"  ./src/main.o   
Finished building target: Hash
 
18:52:23 **** Incremental Build of configuration Debug for project Hash ****
make all 
make: Nothing to be done for 'all'.
18:52:55 **** Incremental Build of configuration Debug for project Hash ****
make all 
Building file: ../src/main.cpp
Invoking: Cross G++ Compiler
g++ -O0 -g3 -Wall -c -fmessage-length=0 -MMD -MP -MF"src/main.d" -MT"src/main.d" -o "src/main.o" "../src/main.cpp"
Finished building: ../src/main.cpp
 
Building target: Hash
Invoking: Cross G++ Linker
g++  -o "Hash"  ./src/main.o   
Finished building target: Hash
 
18:53:03 **** Incremental Build of configuration Debug for project Hash ****
make all 
make: Nothing to be done for 'all'.
18:59:04 **** Incremental Build of configuration Debug for project Hash ****
make all 
Building file: ../src/main.cpp
Invoking: Cross G++ Compiler
g++ -O0 -g3 -Wall -c -fmessage-length=0 -MMD -MP -MF"src/main.d" -MT"src/main.d" -o "src/main.o" "../src/main.cpp"
In file included from ../src/main.cpp:10:0:
../src/hash.h: In member function ‘int HashTable::FindContact(std::__cxx11::string)’:
../src/hash.h:41:1: warning: no return statement in function returning non-void [-Wreturn-type]
 }
 ^
Finished building: ../src/main.cpp
 
Building target: Hash
Invoking: Cross G++ Linker
g++  -o "Hash"  ./src/main.o   
Finished building target: Hash
 
18:59:44 **** Incremental Build of configuration Debug for project Hash ****
make all 
Building file: ../src/main.cpp
Invoking: Cross G++ Compiler
g++ -O0 -g3 -Wall -c -fmessage-length=0 -MMD -MP -MF"src/main.d" -MT"src/main.d" -o "src/main.o" "../src/main.cpp"
In file included from ../src/main.cpp:10:0:
../src/hash.h: In member function ‘int HashTable::FindContact(std::__cxx11::string)’:
../src/hash.h:40:6: warning: unused variable ‘index’ [-Wunused-variable]
  int index = HashFunction(name);
      ^~~~~
../src/hash.h:41:1: warning: no return statement in function returning non-void [-Wreturn-type]
 }
 ^
Finished building: ../src/main.cpp
 
Building target: Hash
Invoking: Cross G++ Linker
g++  -o "Hash"  ./src/main.o   
Finished building target: Hash
 
19:02:05 **** Incremental Build of configuration Debug for project Hash ****
make all 
Building file: ../src/main.cpp
Invoking: Cross G++ Compiler
g++ -O0 -g3 -Wall -c -fmessage-length=0 -MMD -MP -MF"src/main.d" -MT"src/main.d" -o "src/main.o" "../src/main.cpp"
In file included from ../src/main.cpp:10:0:
../src/hash.h: In member function ‘int HashTable::FindContact(std::__cxx11::string)’:
../src/hash.h:52:10: warning: converting to non-pointer type ‘int’ from NULL [-Wconversion-null]
   return NULL;
          ^~~~
Finished building: ../src/main.cpp
 
Building target: Hash
Invoking: Cross G++ Linker
g++  -o "Hash"  ./src/main.o   
Finished building target: Hash
 
19:02:16 **** Incremental Build of configuration Debug for project Hash ****
make all 
Building file: ../src/main.cpp
Invoking: Cross G++ Compiler
g++ -O0 -g3 -Wall -c -fmessage-length=0 -MMD -MP -MF"src/main.d" -MT"src/main.d" -o "src/main.o" "../src/main.cpp"
Finished building: ../src/main.cpp
 
Building target: Hash
Invoking: Cross G++ Linker
g++  -o "Hash"  ./src/main.o   
Finished building target: Hash
 
19:02:42 **** Incremental Build of configuration Debug for project Hash ****
make all 
Building file: ../src/main.cpp
Invoking: Cross G++ Compiler
g++ -O0 -g3 -Wall -c -fmessage-length=0 -MMD -MP -MF"src/main.d" -MT"src/main.d" -o "src/main.o" "../src/main.cpp"
Finished building: ../src/main.cpp
 
Building target: Hash
Invoking: Cross G++ Linker
g++  -o "Hash"  ./src/main.o   
Finished building target: Hash
 
19:02:46 **** Incremental Build of configuration Debug for project Hash ****
make all 
make: Nothing to be done for 'all'.
19:03:19 **** Incremental Build of configuration Debug for project Hash ****
make all 
Building file: ../src/main.cpp
Invoking: Cross G++ Compiler
g++ -O0 -g3 -Wall -c -fmessage-length=0 -MMD -MP -MF"src/main.d" -MT"src/main.d" -o "src/main.o" "../src/main.cpp"
Finished building: ../src/main.cpp
 
Building target: Hash
Invoking: Cross G++ Linker
g++  -o "Hash"  ./src/main.o   
Finished building target: Hash
 
19:03:24 **** Incremental Build of configuration Debug for project Hash ****
make all 
Building file: ../src/main.cpp
Invoking: Cross G++ Compiler
g++ -O0 -g3 -Wall -c -fmessage-length=0 -MMD -MP -MF"src/main.d" -MT"src/main.d" -o "src/main.o" "../src/main.cpp"
Finished building: ../src/main.cpp
 
Building target: Hash
Invoking: Cross G++ Linker
g++  -o "Hash"  ./src/main.o   
Finished building target: Hash
 
19:03:27 **** Incremental Build of configuration Debug for project Hash ****
make all 
make: Nothing to be done for 'all'.
19:04:01 **** Incremental Build of configuration Debug for project Hash ****
make all 
Building file: ../src/main.cpp
Invoking: Cross G++ Compiler
g++ -O0 -g3 -Wall -c -fmessage-length=0 -MMD -MP -MF"src/main.d" -MT"src/main.d" -o "src/main.o" "../src/main.cpp"
Finished building: ../src/main.cpp
 
Building target: Hash
Invoking: Cross G++ Linker
g++  -o "Hash"  ./src/main.o   
Finished building target: Hash
 
19:04:04 **** Incremental Build of configuration Debug for project Hash ****
make all 
make: Nothing to be done for 'all'.
19:04:22 **** Incremental Build of configuration Debug for project Hash ****
make all 
Building file: ../src/main.cpp
Invoking: Cross G++ Compiler
g++ -O0 -g3 -Wall -c -fmessage-length=0 -MMD -MP -MF"src/main.d" -MT"src/main.d" -o "src/main.o" "../src/main.cpp"
Finished building: ../src/main.cpp
 
Building target: Hash
Invoking: Cross G++ Linker
g++  -o "Hash"  ./src/main.o   
Finished building target: Hash
 
19:04:24 **** Incremental Build of configuration Debug for project Hash ****
make all 
make: Nothing to be done for 'all'.
19:04:38 **** Incremental Build of configuration Debug for project Hash ****
make all 
Building file: ../src/main.cpp
Invoking: Cross G++ Compiler
g++ -O0 -g3 -Wall -c -fmessage-length=0 -MMD -MP -MF"src/main.d" -MT"src/main.d" -o "src/main.o" "../src/main.cpp"
Finished building: ../src/main.cpp
 
Building target: Hash
Invoking: Cross G++ Linker
g++  -o "Hash"  ./src/main.o   
Finished building target: Hash
 
19:04:48 **** Incremental Build of configuration Debug for project Hash ****
make all 
Building file: ../src/main.cpp
Invoking: Cross G++ Compiler
g++ -O0 -g3 -Wall -c -fmessage-length=0 -MMD -MP -MF"src/main.d" -MT"src/main.d" -o "src/main.o" "../src/main.cpp"
Finished building: ../src/main.cpp
 
Building target: Hash
Invoking: Cross G++ Linker
g++  -o "Hash"  ./src/main.o   
Finished building target: Hash
 
19:04:50 **** Incremental Build of configuration Debug for project Hash ****
make all 
make: Nothing to be done for 'all'.
19:13:33 **** Incremental Build of configuration Debug for project Hash ****
make all 
Building file: ../src/main.cpp
Invoking: Cross G++ Compiler
g++ -O0 -g3 -Wall -c -fmessage-length=0 -MMD -MP -MF"src/main.d" -MT"src/main.d" -o "src/main.o" "../src/main.cpp"
Finished building: ../src/main.cpp
 
Building target: Hash
Invoking: Cross G++ Linker
g++  -o "Hash"  ./src/main.o   
Finished building target: Hash
 
19:17:39 **** Incremental Build of configuration Debug for project Hash ****
make all 
Building file: ../src/main.cpp
Invoking: Cross G++ Compiler
g++ -O0 -g3 -Wall -c -fmessage-length=0 -MMD -MP -MF"src/main.d" -MT"src/main.d" -o "src/main.o" "../src/main.cpp"
In file included from ../src/main.cpp:10:0:
../src/hash.h: In member function ‘void HashTable::RemoveItem(std::__cxx11::string)’:
../src/hash.h:43:9: warning: variable ‘tempptr’ set but not used [-Wunused-but-set-variable]
  item * tempptr = Table[index];
         ^~~~~~~
Finished building: ../src/main.cpp
 
Building target: Hash
Invoking: Cross G++ Linker
g++  -o "Hash"  ./src/main.o   
Finished building target: Hash
 
19:20:05 **** Incremental Build of configuration Debug for project Hash ****
make all 
Building file: ../src/main.cpp
Invoking: Cross G++ Compiler
g++ -O0 -g3 -Wall -c -fmessage-length=0 -MMD -MP -MF"src/main.d" -MT"src/main.d" -o "src/main.o" "../src/main.cpp"
In file included from ../src/main.cpp:10:0:
../src/hash.h: In member function ‘void HashTable::RemoveItem(std::__cxx11::string)’:
../src/hash.h:42:9: warning: variable ‘delPtr’ set but not used [-Wunused-but-set-variable]
  item * delPtr = new item();
         ^~~~~~
Finished building: ../src/main.cpp
 
Building target: Hash
Invoking: Cross G++ Linker
g++  -o "Hash"  ./src/main.o   
Finished building target: Hash
 
19:20:24 **** Incremental Build of configuration Debug for project Hash ****
make all 
Building file: ../src/main.cpp
Invoking: Cross G++ Compiler
g++ -O0 -g3 -Wall -c -fmessage-length=0 -MMD -MP -MF"src/main.d" -MT"src/main.d" -o "src/main.o" "../src/main.cpp"
Finished building: ../src/main.cpp
 
Building target: Hash
Invoking: Cross G++ Linker
g++  -o "Hash"  ./src/main.o   
Finished building target: Hash
 
19:23:30 **** Incremental Build of configuration Debug for project Hash ****
make all 
Building file: ../src/main.cpp
Invoking: Cross G++ Compiler
g++ -O0 -g3 -Wall -c -fmessage-length=0 -MMD -MP -MF"src/main.d" -MT"src/main.d" -o "src/main.o" "../src/main.cpp"
Finished building: ../src/main.cpp
 
Building target: Hash
Invoking: Cross G++ Linker
g++  -o "Hash"  ./src/main.o   
Finished building target: Hash
 
19:24:18 **** Incremental Build of configuration Debug for project Hash ****
make all 
Building file: ../src/main.cpp
Invoking: Cross G++ Compiler
g++ -O0 -g3 -Wall -c -fmessage-length=0 -MMD -MP -MF"src/main.d" -MT"src/main.d" -o "src/main.o" "../src/main.cpp"
Finished building: ../src/main.cpp
 
Building target: Hash
Invoking: Cross G++ Linker
g++  -o "Hash"  ./src/main.o   
Finished building target: Hash
 
19:24:46 **** Incremental Build of configuration Debug for project Hash ****
make all 
Building file: ../src/main.cpp
Invoking: Cross G++ Compiler
g++ -O0 -g3 -Wall -c -fmessage-length=0 -MMD -MP -MF"src/main.d" -MT"src/main.d" -o "src/main.o" "../src/main.cpp"
Finished building: ../src/main.cpp
 
Building target: Hash
Invoking: Cross G++ Linker
g++  -o "Hash"  ./src/main.o   
Finished building target: Hash
 
19:24:49 **** Incremental Build of configuration Debug for project Hash ****
make all 
make: Nothing to be done for 'all'.
19:59:46 **** Incremental Build of configuration Debug for project Hash ****
make all 
Building file: ../src/main.cpp
Invoking: Cross G++ Compiler
g++ -O0 -g3 -Wall -c -fmessage-length=0 -MMD -MP -MF"src/main.d" -MT"src/main.d" -o "src/main.o" "../src/main.cpp"
Finished building: ../src/main.cpp
 
Building target: Hash
Invoking: Cross G++ Linker
g++  -o "Hash"  ./src/main.o   
Finished building target: Hash
 
19:59:48 **** Incremental Build of configuration Debug for project Hash ****
make all 
make: Nothing to be done for 'all'.
20:00:52 **** Incremental Build of configuration Debug for project Hash ****
make all 
Building file: ../src/main.cpp
Invoking: Cross G++ Compiler
g++ -O0 -g3 -Wall -c -fmessage-length=0 -MMD -MP -MF"src/main.d" -MT"src/main.d" -o "src/main.o" "../src/main.cpp"
Finished building: ../src/main.cpp
 
Building target: Hash
Invoking: Cross G++ Linker
g++  -o "Hash"  ./src/main.o   
Finished building target: Hash
 
20:00:54 **** Incremental Build of configuration Debug for project Hash ****
make all 
make: Nothing to be done for 'all'.
20:01:24 **** Incremental Build of configuration Debug for project Hash ****
make all 
Building file: ../src/main.cpp
Invoking: Cross G++ Compiler
g++ -O0 -g3 -Wall -c -fmessage-length=0 -MMD -MP -MF"src/main.d" -MT"src/main.d" -o "src/main.o" "../src/main.cpp"
Finished building: ../src/main.cpp
 
Building target: Hash
Invoking: Cross G++ Linker
g++  -o "Hash"  ./src/main.o   
Finished building target: Hash
 
20:01:26 **** Incremental Build of configuration Debug for project Hash ****
make all 
make: Nothing to be done for 'all'.
20:03:08 **** Incremental Build of configuration Debug for project Hash ****
make all 
Building file: ../src/main.cpp
Invoking: Cross G++ Compiler
g++ -O0 -g3 -Wall -c -fmessage-length=0 -MMD -MP -MF"src/main.d" -MT"src/main.d" -o "src/main.o" "../src/main.cpp"
Finished building: ../src/main.cpp
 
Building target: Hash
Invoking: Cross G++ Linker
g++  -o "Hash"  ./src/main.o   
Finished building target: Hash
 
20:04:07 **** Incremental Build of configuration Debug for project Hash ****
make all 
Building file: ../src/main.cpp
Invoking: Cross G++ Compiler
g++ -O0 -g3 -Wall -c -fmessage-length=0 -MMD -MP -MF"src/main.d" -MT"src/main.d" -o "src/main.o" "../src/main.cpp"
Finished building: ../src/main.cpp
 
Building target: Hash
Invoking: Cross G++ Linker
g++  -o "Hash"  ./src/main.o   
Finished building target: Hash
 
20:04:10 **** Incremental Build of configuration Debug for project Hash ****
make all 
make: Nothing to be done for 'all'.
20:46:52 **** Build of configuration Debug for project Hash ****
make all 
make: Nothing to be done for 'all'.
20:47:04 **** Incremental Build of configuration Debug for project Hash ****
make all 
make: Nothing to be done for 'all'.
20:47:50 **** Incremental Build of configuration Debug for project Hash ****
make all 
Building file: ../src/main.cpp
Invoking: Cross G++ Compiler
g++ -O0 -g3 -Wall -c -fmessage-length=0 -MMD -MP -MF"src/main.d" -MT"src/main.d" -o "src/main.o" "../src/main.cpp"
Finished building: ../src/main.cpp
 
Building target: Hash
Invoking: Cross G++ Linker
g++  -o "Hash"  ./src/main.o   
Finished building target: Hash
 
20:48:14 **** Incremental Build of configuration Debug for project Hash ****
make all 
Building file: ../src/main.cpp
Invoking: Cross G++ Compiler
g++ -O0 -g3 -Wall -c -fmessage-length=0 -MMD -MP -MF"src/main.d" -MT"src/main.d" -o "src/main.o" "../src/main.cpp"
Finished building: ../src/main.cpp
 
Building target: Hash
Invoking: Cross G++ Linker
g++  -o "Hash"  ./src/main.o   
Finished building target: Hash
 
20:56:18 **** Incremental Build of configuration Debug for project Hash ****
make all 
Building file: ../src/main.cpp
Invoking: Cross G++ Compiler
g++ -O0 -g3 -Wall -c -fmessage-length=0 -MMD -MP -MF"src/main.d" -MT"src/main.d" -o "src/main.o" "../src/main.cpp"
Finished building: ../src/main.cpp
 
Building target: Hash
Invoking: Cross G++ Linker
g++  -o "Hash"  ./src/main.o   
Finished building target: Hash
 
20:56:20 **** Incremental Build of configuration Debug for project Hash ****
make all 
make: Nothing to be done for 'all'.
10:14:39 **** Build of configuration Debug for project List ****
make all 
Building file: ../src/List.cpp
Invoking: Cross G++ Compiler
g++ -O0 -g3 -Wall -c -fmessage-length=0 -MMD -MP -MF"src/List.d" -MT"src/List.d" -o "src/List.o" "../src/List.cpp"
Finished building: ../src/List.cpp
 
Building target: List
Invoking: Cross G++ Linker
g++  -o "List"  ./src/List.o   
Finished building target: List
 
10:16:05 **** Incremental Build of configuration Debug for project List ****
make all 
Building file: ../src/List.cpp
Invoking: Cross G++ Compiler
g++ -O0 -g3 -Wall -c -fmessage-length=0 -MMD -MP -MF"src/List.d" -MT"src/List.d" -o "src/List.o" "../src/List.cpp"
Finished building: ../src/List.cpp
 
Building target: List
Invoking: Cross G++ Linker
g++  -o "List"  ./src/List.o   
Finished building target: List
 
10:17:02 **** Incremental Build of configuration Debug for project List ****
make all 
Building file: ../src/List.cpp
Invoking: Cross G++ Compiler
g++ -O0 -g3 -Wall -c -fmessage-length=0 -MMD -MP -MF"src/List.d" -MT"src/List.d" -o "src/List.o" "../src/List.cpp"
Finished building: ../src/List.cpp
 
Building target: List
Invoking: Cross G++ Linker
g++  -o "List"  ./src/List.o   
Finished building target: List
 
10:17:16 **** Incremental Build of configuration Debug for project List ****
make all 
Building file: ../src/List.cpp
Invoking: Cross G++ Compiler
g++ -O0 -g3 -Wall -c -fmessage-length=0 -MMD -MP -MF"src/List.d" -MT"src/List.d" -o "src/List.o" "../src/List.cpp"
Finished building: ../src/List.cpp
 
Building target: List
Invoking: Cross G++ Linker
g++  -o "List"  ./src/List.o   
Finished building target: List
 
10:17:27 **** Incremental Build of configuration Debug for project List ****
make all 
make: Nothing to be done for 'all'.
10:17:45 **** Incremental Build of configuration Debug for project List ****
make all 
Building file: ../src/List.cpp
Invoking: Cross G++ Compiler
g++ -O0 -g3 -Wall -c -fmessage-length=0 -MMD -MP -MF"src/List.d" -MT"src/List.d" -o "src/List.o" "../src/List.cpp"
Finished building: ../src/List.cpp
 
Building target: List
Invoking: Cross G++ Linker
g++  -o "List"  ./src/List.o   
Finished building target: List
 
10:17:47 **** Incremental Build of configuration Debug for project List ****
make all 
make: Nothing to be done for 'all'.
10:35:19 **** Incremental Build of configuration Debug for project List ****
make all 
Building file: ../src/List.cpp
Invoking: Cross G++ Compiler
g++ -O0 -g3 -Wall -c -fmessage-length=0 -MMD -MP -MF"src/List.d" -MT"src/List.d" -o "src/List.o" "../src/List.cpp"
Finished building: ../src/List.cpp
 
Building target: List
Invoking: Cross G++ Linker
g++  -o "List"  ./src/List.o   
Finished building target: List
 
10:35:28 **** Incremental Build of configuration Debug for project List ****
make all 
Building file: ../src/List.cpp
Invoking: Cross G++ Compiler
g++ -O0 -g3 -Wall -c -fmessage-length=0 -MMD -MP -MF"src/List.d" -MT"src/List.d" -o "src/List.o" "../src/List.cpp"
Finished building: ../src/List.cpp
 
Building target: List
Invoking: Cross G++ Linker
g++  -o "List"  ./src/List.o   
Finished building target: List
 
10:35:30 **** Incremental Build of configuration Debug for project List ****
make all 
make: Nothing to be done for 'all'.
10:35:42 **** Incremental Build of configuration Debug for project List ****
make all 
Building file: ../src/List.cpp
Invoking: Cross G++ Compiler
g++ -O0 -g3 -Wall -c -fmessage-length=0 -MMD -MP -MF"src/List.d" -MT"src/List.d" -o "src/List.o" "../src/List.cpp"
Finished building: ../src/List.cpp
 
Building target: List
Invoking: Cross G++ Linker
g++  -o "List"  ./src/List.o   
Finished building target: List
 
10:35:45 **** Incremental Build of configuration Debug for project List ****
make all 
make: Nothing to be done for 'all'.
14:56:43 **** Build of configuration Debug for project DoubleLinkedList ****
make all 
Building file: ../src/DoubleLinkedList.cpp
Invoking: Cross G++ Compiler
g++ -O0 -g3 -Wall -c -fmessage-length=0 -MMD -MP -MF"src/DoubleLinkedList.d" -MT"src/DoubleLinkedList.d" -o "src/DoubleLinkedList.o" "../src/DoubleLinkedList.cpp"
Finished building: ../src/DoubleLinkedList.cpp
 
Building target: DoubleLinkedList
Invoking: Cross G++ Linker
g++  -o "DoubleLinkedList"  ./src/DoubleLinkedList.o   
Finished building target: DoubleLinkedList
 
14:56:46 **** Build of configuration Debug for project Hash ****
make all 
Building file: ../src/main.cpp
Invoking: Cross G++ Compiler
g++ -O0 -g3 -Wall -c -fmessage-length=0 -MMD -MP -MF"src/main.d" -MT"src/main.d" -o "src/main.o" "../src/main.cpp"
Finished building: ../src/main.cpp
 
Building target: Hash
Invoking: Cross G++ Linker
g++  -o "Hash"  ./src/main.o   
Finished building target: Hash
 
14:56:47 **** Build of configuration Debug for project LinkedList ****
make all 
make: Nothing to be done for 'all'.
14:56:47 **** Build of configuration Debug for project List ****
make all 
make: Nothing to be done for 'all'.
14:56:47 **** Build of configuration Debug for project Stack ****
make all 
make: Nothing to be done for 'all'.
14:56:48 **** Build of configuration Debug for project StringPermute ****
make all 
Building file: ../src/StringPermute.cpp
Invoking: Cross G++ Compiler
g++ -O0 -g3 -Wall -c -fmessage-length=0 -MMD -MP -MF"src/StringPermute.d" -MT"src/StringPermute.d" -o "src/StringPermute.o" "../src/StringPermute.cpp"
Finished building: ../src/StringPermute.cpp
 
Building target: StringPermute
Invoking: Cross G++ Linker
g++  -o "StringPermute"  ./src/StringPermute.o   
Finished building target: StringPermute
 
